[2021/01/25 21:39:31.897] - Starting server with initial configuration: {"gasLimit":6721975,"gasPrice":20000000000,"hardfork":"muirGlacier","hostname":"0.0.0.0","port":1111,"network_id":1121,"default_balance_ether":100000000,"total_accounts":90,"unlocked_accounts":[],"locked":false,"vmErrorsOnRPCResponse":true,"verbose":false,"db_path":"C:\\Users\\bilal\\AppData\\Roaming\\Ganache\\workspaces\\The-Blockchain-of-Hallie-Mill-Rd\\chaindata","logDirectory":"C:\\Users\\bilal\\OneDrive\\Documents\\GitHub\\Solidity-Files\\Ganache Log Files"}
[2021/01/25 21:39:45.477] - eth_subscribe
[2021/01/25 21:39:45.507] - eth_getLogs
[2021/01/25 21:39:45.521] - eth_subscribe
[2021/01/25 21:39:49.774] - eth_subscribe
[2021/01/25 21:39:50.161] - eth_getLogs
[2021/01/25 21:39:50.171] - eth_subscribe
[2021/01/25 21:39:52.888] - eth_accounts
[2021/01/25 21:39:52.922] - eth_gasPrice
[2021/01/25 21:39:52.929] - eth_getBlockByNumber
[2021/01/25 21:39:52.941] - eth_subscribe
[2021/01/25 21:39:53.195] - eth_blockNumber
[2021/01/25 21:39:53.297] - eth_blockNumber
[2021/01/25 21:39:53.374] - eth_accounts
[2021/01/25 21:39:53.511] - eth_gasPrice
[2021/01/25 21:39:53.746] - eth_getBlockByNumber
[2021/01/25 21:39:54.178] - eth_subscribe
[2021/01/25 21:39:59.409] - eth_getBalance
[2021/01/25 21:39:59.764] - eth_getTransactionCount
[2021/01/25 21:40:00.227] - eth_getBalance
[2021/01/25 21:40:00.677] - eth_getTransactionCount
[2021/01/25 21:40:01.021] - eth_getBalance
[2021/01/25 21:40:01.289] - eth_getTransactionCount
[2021/01/25 21:40:01.749] - eth_getBalance
[2021/01/25 21:40:02.269] - eth_getTransactionCount
[2021/01/25 21:40:02.595] - eth_getBalance
[2021/01/25 21:40:02.786] - eth_getTransactionCount
[2021/01/25 21:40:02.952] - eth_getBalance
[2021/01/25 21:40:03.080] - eth_getTransactionCount
[2021/01/25 21:40:03.222] - eth_getBalance
[2021/01/25 21:40:03.437] - eth_getTransactionCount
[2021/01/25 21:40:03.569] - eth_getBalance
[2021/01/25 21:40:03.790] - eth_getTransactionCount
[2021/01/25 21:40:03.951] - eth_getBalance
[2021/01/25 21:40:04.162] - eth_getTransactionCount
[2021/01/25 21:40:04.330] - eth_getBalance
[2021/01/25 21:40:04.634] - eth_getTransactionCount
[2021/01/25 21:40:04.842] - eth_getBalance
[2021/01/25 21:40:04.959] - eth_getTransactionCount
[2021/01/25 21:40:05.129] - eth_getBalance
[2021/01/25 21:40:05.252] - eth_getTransactionCount
[2021/01/25 21:40:05.370] - eth_getBalance
[2021/01/25 21:40:05.476] - eth_getTransactionCount
[2021/01/25 21:40:05.595] - eth_getBalance
[2021/01/25 21:40:05.751] - eth_getTransactionCount
[2021/01/25 21:40:06.090] - eth_getBalance
[2021/01/25 21:40:06.288] - eth_getTransactionCount
[2021/01/25 21:40:06.396] - eth_getBalance
[2021/01/25 21:40:06.518] - eth_getTransactionCount
[2021/01/25 21:40:06.858] - eth_getBalance
[2021/01/25 21:40:07.119] - eth_getTransactionCount
[2021/01/25 21:40:07.294] - eth_getBalance
[2021/01/25 21:40:07.454] - eth_getTransactionCount
[2021/01/25 21:40:07.590] - eth_getBalance
[2021/01/25 21:40:07.733] - eth_getTransactionCount
[2021/01/25 21:40:07.876] - eth_getBalance
[2021/01/25 21:40:08.078] - eth_getTransactionCount
[2021/01/25 21:40:08.358] - eth_getBalance
[2021/01/25 21:40:08.699] - eth_getTransactionCount
[2021/01/25 21:40:08.994] - eth_getBalance
[2021/01/25 21:40:09.176] - eth_getTransactionCount
[2021/01/25 21:40:09.553] - eth_getBalance
[2021/01/25 21:40:09.683] - eth_getTransactionCount
[2021/01/25 21:40:09.826] - eth_getBalance
[2021/01/25 21:40:09.930] - eth_getTransactionCount
[2021/01/25 21:40:10.277] - eth_getBalance
[2021/01/25 21:40:10.288] - eth_getTransactionCount
[2021/01/25 21:40:10.325] - eth_getBalance
[2021/01/25 21:40:10.423] - eth_getTransactionCount
[2021/01/25 21:40:10.529] - eth_getBalance
[2021/01/25 21:40:10.734] - eth_getTransactionCount
[2021/01/25 21:40:10.836] - eth_getBalance
[2021/01/25 21:40:10.928] - eth_getTransactionCount
[2021/01/25 21:40:11.063] - eth_getBalance
[2021/01/25 21:40:11.156] - eth_getTransactionCount
[2021/01/25 21:40:11.242] - eth_getBalance
[2021/01/25 21:40:11.339] - eth_getTransactionCount
[2021/01/25 21:40:11.419] - eth_getBalance
[2021/01/25 21:40:11.512] - eth_getTransactionCount
[2021/01/25 21:40:11.633] - eth_getBalance
[2021/01/25 21:40:11.790] - eth_getTransactionCount
[2021/01/25 21:40:12.013] - eth_getBalance
[2021/01/25 21:40:12.174] - eth_getTransactionCount
[2021/01/25 21:40:12.295] - eth_getBalance
[2021/01/25 21:40:12.409] - eth_getTransactionCount
[2021/01/25 21:40:12.506] - eth_getBalance
[2021/01/25 21:40:12.622] - eth_getTransactionCount
[2021/01/25 21:40:12.760] - eth_getBalance
[2021/01/25 21:40:12.878] - eth_getTransactionCount
[2021/01/25 21:40:13.192] - eth_getBalance
[2021/01/25 21:40:13.226] - eth_getTransactionCount
[2021/01/25 21:40:13.354] - eth_getBalance
[2021/01/25 21:40:13.522] - eth_getTransactionCount
[2021/01/25 21:40:13.533] - eth_getBalance
[2021/01/25 21:40:13.676] - eth_getTransactionCount
[2021/01/25 21:40:13.945] - eth_getBalance
[2021/01/25 21:40:14.151] - eth_getTransactionCount
[2021/01/25 21:40:14.342] - eth_getBalance
[2021/01/25 21:40:14.505] - eth_getTransactionCount
[2021/01/25 21:40:14.657] - eth_getBalance
[2021/01/25 21:40:14.806] - eth_getTransactionCount
[2021/01/25 21:40:14.955] - eth_getBalance
[2021/01/25 21:40:15.107] - eth_getTransactionCount
[2021/01/25 21:40:15.386] - eth_getBalance
[2021/01/25 21:40:15.651] - eth_getTransactionCount
[2021/01/25 21:40:15.900] - eth_getBalance
[2021/01/25 21:40:16.186] - eth_getTransactionCount
[2021/01/25 21:40:16.413] - eth_getBalance
[2021/01/25 21:40:16.739] - eth_getTransactionCount
[2021/01/25 21:40:16.908] - eth_getBalance
[2021/01/25 21:40:17.137] - eth_getTransactionCount
[2021/01/25 21:40:17.239] - eth_getBalance
[2021/01/25 21:40:17.395] - eth_getTransactionCount
[2021/01/25 21:40:17.452] - eth_getBalance
[2021/01/25 21:40:17.565] - eth_getTransactionCount
[2021/01/25 21:40:17.658] - eth_getBalance
[2021/01/25 21:40:17.757] - eth_getTransactionCount
[2021/01/25 21:40:17.835] - eth_getBalance
[2021/01/25 21:40:17.958] - eth_getTransactionCount
[2021/01/25 21:40:18.051] - eth_getBalance
[2021/01/25 21:40:18.273] - eth_getTransactionCount
[2021/01/25 21:40:18.355] - eth_getBalance
[2021/01/25 21:40:18.452] - eth_getTransactionCount
[2021/01/25 21:40:18.532] - eth_getBalance
[2021/01/25 21:40:18.651] - eth_getTransactionCount
[2021/01/25 21:40:18.723] - eth_getBalance
[2021/01/25 21:40:18.826] - eth_getTransactionCount
[2021/01/25 21:40:18.905] - eth_getBalance
[2021/01/25 21:40:19.002] - eth_getTransactionCount
[2021/01/25 21:40:19.106] - eth_getBalance
[2021/01/25 21:40:19.176] - eth_getTransactionCount
[2021/01/25 21:40:19.253] - eth_getBalance
[2021/01/25 21:40:19.345] - eth_getTransactionCount
[2021/01/25 21:40:19.421] - eth_getBalance
[2021/01/25 21:40:19.512] - eth_getTransactionCount
[2021/01/25 21:40:19.626] - eth_getBalance
[2021/01/25 21:40:19.707] - eth_getTransactionCount
[2021/01/25 21:40:19.790] - eth_getBalance
[2021/01/25 21:40:19.922] - eth_getTransactionCount
[2021/01/25 21:40:19.992] - eth_getBalance
[2021/01/25 21:40:20.083] - eth_getTransactionCount
[2021/01/25 21:40:20.170] - eth_getBalance
[2021/01/25 21:40:20.258] - eth_getTransactionCount
[2021/01/25 21:40:20.422] - eth_getBalance
[2021/01/25 21:40:20.527] - eth_getTransactionCount
[2021/01/25 21:40:20.607] - eth_getBalance
[2021/01/25 21:40:20.691] - eth_getTransactionCount
[2021/01/25 21:40:20.806] - eth_getBalance
[2021/01/25 21:40:20.888] - eth_getTransactionCount
[2021/01/25 21:40:20.957] - eth_getBalance
[2021/01/25 21:40:21.039] - eth_getTransactionCount
[2021/01/25 21:40:21.114] - eth_getBalance
[2021/01/25 21:40:21.172] - eth_getTransactionCount
[2021/01/25 21:40:21.227] - eth_getBalance
[2021/01/25 21:40:21.284] - eth_getTransactionCount
[2021/01/25 21:40:21.354] - eth_getBalance
[2021/01/25 21:40:21.450] - eth_getTransactionCount
[2021/01/25 21:40:21.551] - eth_getBalance
[2021/01/25 21:40:21.611] - eth_getTransactionCount
[2021/01/25 21:40:21.692] - eth_getBalance
[2021/01/25 21:40:21.785] - eth_getTransactionCount
[2021/01/25 21:40:21.853] - eth_getBalance
[2021/01/25 21:40:21.914] - eth_getTransactionCount
[2021/01/25 21:40:21.974] - eth_getBalance
[2021/01/25 21:40:22.040] - eth_getTransactionCount
[2021/01/25 21:40:22.112] - eth_getBalance
[2021/01/25 21:40:22.184] - eth_getTransactionCount
[2021/01/25 21:40:22.253] - eth_getBalance
[2021/01/25 21:40:22.315] - eth_getTransactionCount
[2021/01/25 21:40:22.374] - eth_getBalance
[2021/01/25 21:40:22.448] - eth_getTransactionCount
[2021/01/25 21:40:22.515] - eth_getBalance
[2021/01/25 21:40:22.576] - eth_getTransactionCount
[2021/01/25 21:40:22.658] - eth_getBalance
[2021/01/25 21:40:22.747] - eth_getTransactionCount
[2021/01/25 21:40:22.841] - eth_getBalance
[2021/01/25 21:40:22.920] - eth_getTransactionCount
[2021/01/25 21:40:22.985] - eth_getBalance
[2021/01/25 21:40:23.062] - eth_getTransactionCount
[2021/01/25 21:40:23.159] - eth_getBalance
[2021/01/25 21:40:23.235] - eth_getTransactionCount
[2021/01/25 21:40:23.309] - eth_getBalance
[2021/01/25 21:40:23.392] - eth_getTransactionCount
[2021/01/25 21:40:23.481] - eth_getBalance
[2021/01/25 21:40:23.575] - eth_getTransactionCount
[2021/01/25 21:40:23.661] - eth_getBalance
[2021/01/25 21:40:23.748] - eth_getTransactionCount
[2021/01/25 21:40:23.802] - eth_getBalance
[2021/01/25 21:40:23.870] - eth_getTransactionCount
[2021/01/25 21:40:23.937] - eth_getBalance
[2021/01/25 21:40:24.009] - eth_getTransactionCount
[2021/01/25 21:40:24.077] - eth_getBalance
[2021/01/25 21:40:24.144] - eth_getTransactionCount
[2021/01/25 21:40:24.220] - eth_getBalance
[2021/01/25 21:40:24.298] - eth_getTransactionCount
[2021/01/25 21:40:24.357] - eth_getBalance
[2021/01/25 21:40:24.418] - eth_getTransactionCount
[2021/01/25 21:40:26.108] - eth_getBalance
[2021/01/25 21:40:26.176] - eth_getTransactionCount
[2021/01/25 21:40:26.249] - eth_getBalance
[2021/01/25 21:40:26.307] - eth_getTransactionCount
[2021/01/25 21:40:26.371] - eth_getBalance
[2021/01/25 21:40:26.441] - eth_getTransactionCount
[2021/01/25 21:40:26.500] - eth_getBalance
[2021/01/25 21:40:26.562] - eth_getTransactionCount
[2021/01/25 21:40:26.675] - eth_getBalance
[2021/01/25 21:40:26.817] - eth_getTransactionCount
[2021/01/25 21:40:26.923] - eth_getBalance
[2021/01/25 21:40:27.002] - eth_getTransactionCount
[2021/01/25 21:40:27.060] - eth_getBalance
[2021/01/25 21:40:27.137] - eth_getTransactionCount
[2021/01/25 21:40:27.466] - eth_getBalance
[2021/01/25 21:40:27.537] - eth_getTransactionCount
[2021/01/25 21:40:27.596] - eth_getBalance
[2021/01/25 21:40:27.652] - eth_getTransactionCount
[2021/01/25 21:40:27.720] - eth_getBalance
[2021/01/25 21:40:27.782] - eth_getTransactionCount
[2021/01/25 21:40:27.866] - eth_getBalance
[2021/01/25 21:40:27.981] - eth_getTransactionCount
[2021/01/25 21:40:28.140] - eth_getBalance
[2021/01/25 21:40:28.213] - eth_getTransactionCount
[2021/01/25 21:40:28.264] - eth_getBalance
[2021/01/25 21:40:28.322] - eth_getTransactionCount
[2021/01/25 21:40:28.373] - eth_getBalance
[2021/01/25 21:40:28.434] - eth_getTransactionCount
[2021/01/25 21:40:28.497] - eth_getBalance
[2021/01/25 21:40:28.553] - eth_getTransactionCount
[2021/01/25 21:40:28.632] - eth_getBalance
[2021/01/25 21:40:28.700] - eth_getTransactionCount
[2021/01/25 21:40:28.758] - eth_getBalance
[2021/01/25 21:40:28.817] - eth_getTransactionCount
[2021/01/25 21:40:28.878] - eth_getBalance
[2021/01/25 21:40:28.939] - eth_getTransactionCount
[2021/01/25 21:40:29.011] - eth_getBalance
[2021/01/25 21:40:29.127] - eth_getTransactionCount
[2021/01/25 21:40:29.229] - eth_getBalance
[2021/01/25 21:40:29.371] - eth_getTransactionCount
[2021/01/25 21:40:29.445] - eth_getBalance
[2021/01/25 21:40:29.547] - eth_getTransactionCount
[2021/01/25 21:40:29.660] - eth_getBalance
[2021/01/25 21:40:29.742] - eth_getTransactionCount
[2021/01/25 21:40:29.822] - eth_getBalance
[2021/01/25 21:40:29.948] - eth_getTransactionCount
[2021/01/25 21:40:30.061] - eth_getBalance
[2021/01/25 21:40:30.149] - eth_getTransactionCount
[2021/01/25 21:40:30.248] - eth_getBalance
[2021/01/25 21:40:30.305] - eth_getTransactionCount
[2021/01/25 21:40:30.366] - eth_getBalance
[2021/01/25 21:40:30.440] - eth_getTransactionCount
[2021/01/25 21:40:30.520] - eth_getBalance
[2021/01/25 21:40:30.582] - eth_getTransactionCount
[2021/01/25 21:40:30.678] - eth_getBalance
[2021/01/25 21:40:30.743] - eth_getTransactionCount
[2021/01/25 21:40:30.811] - eth_getBalance
[2021/01/25 21:40:30.877] - eth_getTransactionCount
[2021/01/25 21:40:30.956] - eth_getBalance
[2021/01/25 21:40:31.019] - eth_getTransactionCount
[2021/01/25 21:40:31.089] - eth_getBalance
[2021/01/25 21:40:31.162] - eth_getTransactionCount
[2021/01/25 21:40:31.238] - eth_getBalance
[2021/01/25 21:40:31.295] - eth_getTransactionCount
[2021/01/25 21:40:31.353] - eth_getBalance
[2021/01/25 21:40:31.443] - eth_getTransactionCount
[2021/01/25 21:40:31.524] - eth_getBalance
[2021/01/25 21:40:31.614] - eth_getTransactionCount
[2021/01/25 21:40:31.726] - eth_getBalance
[2021/01/25 21:40:31.795] - eth_getTransactionCount
[2021/01/25 21:40:31.871] - eth_getBalance
[2021/01/25 21:40:31.991] - eth_getTransactionCount
[2021/01/25 21:40:32.069] - eth_getBalance
[2021/01/25 21:40:32.156] - eth_getTransactionCount
[2021/01/25 21:40:32.259] - eth_getBalance
[2021/01/25 21:40:32.327] - eth_getTransactionCount
[2021/01/25 21:40:32.396] - eth_getBalance
[2021/01/25 21:40:32.459] - eth_getTransactionCount
[2021/01/25 21:40:32.548] - eth_getBalance
[2021/01/25 21:40:32.671] - eth_getTransactionCount
[2021/01/25 21:40:32.753] - eth_getBalance
[2021/01/25 21:40:32.818] - eth_getTransactionCount
[2021/01/25 21:40:32.878] - eth_getBalance
[2021/01/25 21:40:32.938] - eth_getTransactionCount
[2021/01/25 21:40:33.001] - eth_getBalance
[2021/01/25 21:40:33.059] - eth_getTransactionCount
[2021/01/25 21:40:33.115] - eth_getBalance
[2021/01/25 21:40:33.173] - eth_getTransactionCount
[2021/01/25 21:40:33.231] - eth_getBalance
[2021/01/25 21:40:33.310] - eth_getTransactionCount
[2021/01/25 21:40:33.411] - eth_getBalance
[2021/01/25 21:40:33.469] - eth_getTransactionCount
[2021/01/25 21:40:33.553] - eth_getBalance
[2021/01/25 21:40:33.619] - eth_getTransactionCount
[2021/01/25 21:40:33.682] - eth_getBalance
[2021/01/25 21:40:33.752] - eth_getTransactionCount
[2021/01/25 21:40:33.807] - eth_getBalance
[2021/01/25 21:40:33.889] - eth_getTransactionCount
[2021/01/25 21:40:33.976] - eth_getBalance
[2021/01/25 21:40:34.031] - eth_getTransactionCount
[2021/01/25 21:40:34.091] - eth_getBalance
[2021/01/25 21:40:34.214] - eth_getTransactionCount
[2021/01/25 21:40:34.238] - eth_getBalance
[2021/01/25 21:40:34.296] - eth_getTransactionCount
[2021/01/25 21:40:34.355] - eth_getBalance
[2021/01/25 21:40:34.417] - eth_getTransactionCount
[2021/01/25 21:40:34.479] - eth_getBalance
[2021/01/25 21:40:34.535] - eth_getTransactionCount
[2021/01/25 21:40:34.594] - eth_getBalance
[2021/01/25 21:40:34.655] - eth_getTransactionCount
[2021/01/25 21:40:34.741] - eth_getBalance
[2021/01/25 21:40:34.817] - eth_getTransactionCount
[2021/01/25 21:40:34.878] - eth_getBalance
[2021/01/25 21:40:34.955] - eth_getTransactionCount
[2021/01/25 21:40:35.056] - eth_getBalance
[2021/01/25 21:40:35.120] - eth_getTransactionCount
[2021/01/25 21:40:35.172] - eth_getBalance
[2021/01/25 21:40:35.227] - eth_getTransactionCount
[2021/01/25 21:40:35.284] - eth_getBalance
[2021/01/25 21:40:35.342] - eth_getTransactionCount
[2021/01/25 21:40:35.405] - eth_getBalance
[2021/01/25 21:40:35.465] - eth_getTransactionCount
[2021/01/25 21:40:35.623] - eth_getBalance
[2021/01/25 21:40:35.779] - eth_getTransactionCount
[2021/01/25 21:40:35.889] - eth_getBalance
[2021/01/25 21:40:36.023] - eth_getTransactionCount
[2021/01/25 21:40:36.148] - eth_getBalance
[2021/01/25 21:40:36.277] - eth_getTransactionCount
[2021/01/25 21:40:36.483] - eth_getBalance
[2021/01/25 21:40:36.592] - eth_getTransactionCount
[2021/01/25 21:40:36.657] - eth_getBalance
[2021/01/25 21:40:36.714] - eth_getTransactionCount
[2021/01/25 21:40:36.767] - eth_getBalance
[2021/01/25 21:40:36.826] - eth_getTransactionCount
[2021/01/25 21:40:36.885] - eth_getBalance
[2021/01/25 21:40:36.940] - eth_getTransactionCount
[2021/01/25 21:40:37.007] - eth_getBalance
[2021/01/25 21:40:37.064] - eth_getTransactionCount
[2021/01/25 21:40:37.120] - eth_getBalance
[2021/01/25 21:40:37.175] - eth_getTransactionCount
[2021/01/25 21:40:37.230] - eth_getBalance
[2021/01/25 21:40:37.363] - eth_getTransactionCount
[2021/01/25 21:40:37.426] - eth_getBalance
[2021/01/25 21:40:37.520] - eth_getTransactionCount
[2021/01/25 21:40:37.646] - eth_getBalance
[2021/01/25 21:40:37.741] - eth_getTransactionCount
[2021/01/25 21:40:37.803] - eth_getBalance
[2021/01/25 21:40:37.870] - eth_getTransactionCount
[2021/01/25 21:40:37.944] - eth_getBalance
[2021/01/25 21:40:38.003] - eth_getTransactionCount
[2021/01/25 21:40:38.073] - eth_getBalance
[2021/01/25 21:40:38.135] - eth_getTransactionCount
[2021/01/25 21:40:38.189] - eth_getBalance
[2021/01/25 21:40:38.241] - eth_getTransactionCount
[2021/01/25 21:40:38.301] - eth_getBalance
[2021/01/25 21:40:38.372] - eth_getTransactionCount
[2021/01/25 21:40:38.442] - eth_getBalance
[2021/01/25 21:40:38.509] - eth_getTransactionCount
[2021/01/25 21:40:38.592] - eth_getBalance
[2021/01/25 21:40:38.656] - eth_getTransactionCount
[2021/01/25 21:40:38.714] - eth_getBalance
[2021/01/25 21:40:38.759] - eth_getTransactionCount
[2021/01/25 21:40:38.867] - eth_getBalance
[2021/01/25 21:40:38.872] - eth_getTransactionCount
[2021/01/25 21:40:38.944] - eth_getBalance
[2021/01/25 21:40:39.010] - eth_getTransactionCount
[2021/01/25 21:40:39.070] - eth_getBalance
[2021/01/25 21:40:39.136] - eth_getTransactionCount
[2021/01/25 21:40:39.223] - eth_getBalance
[2021/01/25 21:40:39.294] - eth_getTransactionCount
[2021/01/25 21:40:39.372] - eth_getBalance
[2021/01/25 21:40:39.425] - eth_getTransactionCount
[2021/01/25 21:40:39.483] - eth_getBalance
[2021/01/25 21:40:39.547] - eth_getTransactionCount
[2021/01/25 21:40:39.603] - eth_getBalance
[2021/01/25 21:40:39.661] - eth_getTransactionCount
[2021/01/25 21:40:39.717] - eth_getBalance
[2021/01/25 21:40:39.780] - eth_getTransactionCount
[2021/01/25 21:40:39.844] - eth_getBalance
[2021/01/25 21:40:39.904] - eth_getTransactionCount
[2021/01/25 21:40:39.969] - eth_getBalance
[2021/01/25 21:40:40.023] - eth_getTransactionCount
[2021/01/25 21:40:40.079] - eth_getBalance
[2021/01/25 21:40:40.153] - eth_getTransactionCount
[2021/01/25 21:40:40.224] - eth_getBalance
[2021/01/25 21:40:40.281] - eth_getTransactionCount
[2021/01/25 21:40:40.332] - eth_getBalance
[2021/01/25 21:40:40.391] - eth_getTransactionCount
[2021/01/25 21:40:40.440] - eth_getBalance
[2021/01/25 21:40:40.501] - eth_getTransactionCount
[2021/01/25 21:40:40.571] - eth_getBalance
[2021/01/25 21:40:40.636] - eth_getTransactionCount
[2021/01/25 21:40:40.702] - eth_getBalance
[2021/01/25 21:40:40.762] - eth_getTransactionCount
[2021/01/25 21:40:40.856] - eth_getBalance
[2021/01/25 21:40:40.922] - eth_getTransactionCount
[2021/01/25 21:40:40.983] - eth_getBalance
[2021/01/25 21:40:41.049] - eth_getTransactionCount
[2021/01/25 21:40:41.137] - eth_getBalance
[2021/01/25 21:40:41.233] - eth_getTransactionCount
[2021/01/25 21:40:41.288] - eth_getBalance
[2021/01/25 21:40:41.366] - eth_getTransactionCount
[2021/01/25 21:40:41.434] - eth_getBalance
[2021/01/25 21:40:41.527] - eth_getTransactionCount
[2021/01/25 21:40:41.601] - eth_getBalance
[2021/01/25 21:40:41.660] - eth_getTransactionCount
[2021/01/25 21:40:41.741] - eth_getBalance
[2021/01/25 21:40:41.820] - eth_getTransactionCount
[2021/01/25 21:40:41.876] - eth_getBalance
[2021/01/25 21:40:41.937] - eth_getTransactionCount
[2021/01/25 21:40:42.011] - eth_getBalance
[2021/01/25 21:40:42.100] - eth_getTransactionCount
[2021/01/25 21:40:42.149] - eth_getBalance
[2021/01/25 21:40:42.233] - eth_getTransactionCount
[2021/01/25 21:40:42.287] - eth_getBalance
[2021/01/25 21:40:42.340] - eth_getTransactionCount
[2021/01/25 21:40:42.403] - eth_getBalance
[2021/01/25 21:40:42.457] - eth_getTransactionCount
[2021/01/25 21:40:42.507] - eth_getBalance
[2021/01/25 21:40:42.565] - eth_getTransactionCount
[2021/01/25 21:40:42.623] - eth_getBalance
[2021/01/25 21:40:42.675] - eth_getTransactionCount
[2021/01/25 21:40:42.742] - eth_getBalance
[2021/01/25 21:40:42.800] - eth_getTransactionCount
[2021/01/25 21:40:42.858] - eth_getBalance
[2021/01/25 21:40:42.910] - eth_getTransactionCount
[2021/01/25 21:40:42.964] - eth_getBalance
[2021/01/25 21:40:43.024] - eth_getTransactionCount
[2021/01/25 21:40:43.116] - eth_getBalance
[2021/01/25 21:40:43.179] - eth_getTransactionCount
[2021/01/25 21:40:43.237] - eth_getBalance
[2021/01/25 21:40:43.305] - eth_getTransactionCount
[2021/01/25 21:40:43.358] - eth_getBalance
[2021/01/25 21:40:43.414] - eth_getTransactionCount
[2021/01/25 21:40:43.476] - eth_getBalance
[2021/01/25 21:40:43.530] - eth_getTransactionCount
[2021/01/25 21:40:43.588] - eth_getBalance
[2021/01/25 21:40:43.654] - eth_getTransactionCount
[2021/01/25 21:40:43.710] - eth_getBalance
[2021/01/25 21:40:43.768] - eth_getTransactionCount
[2021/01/25 21:40:43.818] - eth_getBalance
[2021/01/25 21:40:43.869] - eth_getTransactionCount
[2021/01/25 21:40:43.920] - eth_getBalance
[2021/01/25 21:40:43.970] - eth_getTransactionCount
[2021/01/25 21:40:44.025] - eth_getBalance
[2021/01/25 21:40:44.080] - eth_getTransactionCount
[2021/01/25 21:40:44.135] - eth_getBalance
[2021/01/25 21:40:44.189] - eth_getTransactionCount
[2021/01/25 21:40:44.263] - eth_getBalance
[2021/01/25 21:40:44.317] - eth_getTransactionCount
[2021/01/25 21:40:44.369] - eth_getBalance
[2021/01/25 21:40:44.424] - eth_getTransactionCount
[2021/01/25 21:40:44.486] - eth_getBalance
[2021/01/25 21:40:44.541] - eth_getTransactionCount
[2021/01/25 21:40:44.591] - eth_getBalance
[2021/01/25 21:40:44.640] - eth_getTransactionCount
[2021/01/25 21:40:44.702] - eth_getBalance
[2021/01/25 21:40:44.753] - eth_getTransactionCount
[2021/01/25 21:40:44.804] - eth_getBalance
[2021/01/25 21:40:44.855] - eth_getTransactionCount
[2021/01/25 21:40:44.908] - eth_getBalance
[2021/01/25 21:40:44.959] - eth_getTransactionCount
[2021/01/25 21:40:45.031] - eth_getBalance
[2021/01/25 21:40:45.086] - eth_getTransactionCount
[2021/01/25 21:40:45.141] - eth_getBalance
[2021/01/25 21:40:45.202] - eth_getTransactionCount
[2021/01/25 21:40:45.257] - eth_getBalance
[2021/01/25 21:40:45.323] - eth_getTransactionCount
[2021/01/25 21:40:45.386] - eth_getBalance
[2021/01/25 21:40:45.453] - eth_getTransactionCount
[2021/01/25 21:40:45.518] - eth_getBalance
[2021/01/25 21:40:45.574] - eth_getTransactionCount
[2021/01/25 21:40:45.626] - eth_getBalance
[2021/01/25 21:40:45.681] - eth_getTransactionCount
[2021/01/25 21:40:45.732] - eth_getBalance
[2021/01/25 21:40:45.794] - eth_getTransactionCount
[2021/01/25 21:40:45.855] - eth_getBalance
[2021/01/25 21:40:45.919] - eth_getTransactionCount
[2021/01/25 21:40:45.971] - eth_getBalance
[2021/01/25 21:40:46.026] - eth_getTransactionCount
[2021/01/25 21:40:46.083] - eth_getBalance
[2021/01/25 21:40:46.159] - eth_getTransactionCount
[2021/01/25 21:40:46.212] - eth_getBalance
[2021/01/25 21:40:46.272] - eth_getTransactionCount
[2021/01/25 21:40:46.328] - eth_getBalance
[2021/01/25 21:40:46.384] - eth_getTransactionCount
[2021/01/25 21:40:46.437] - eth_getBalance
[2021/01/25 21:40:46.493] - eth_getTransactionCount
[2021/01/25 21:40:46.547] - eth_getBalance
[2021/01/25 21:40:46.621] - eth_getTransactionCount
[2021/01/25 21:40:46.684] - eth_getBalance
[2021/01/25 21:40:46.743] - eth_getTransactionCount
[2021/01/25 21:40:46.812] - eth_getBalance
[2021/01/25 21:40:46.873] - eth_getTransactionCount
[2021/01/25 21:40:46.953] - eth_getBalance
[2021/01/25 21:40:47.002] - eth_getTransactionCount
[2021/01/25 21:40:47.057] - eth_getBalance
[2021/01/25 21:40:47.122] - eth_getTransactionCount
[2021/01/25 21:40:47.181] - eth_getBalance
[2021/01/25 21:40:47.235] - eth_getTransactionCount
[2021/01/25 21:40:47.298] - eth_getBalance
[2021/01/25 21:40:47.356] - eth_getTransactionCount
[2021/01/25 21:40:47.408] - eth_getBalance
[2021/01/25 21:40:47.458] - eth_getTransactionCount
[2021/01/25 21:40:47.517] - eth_getBalance
[2021/01/25 21:40:47.569] - eth_getTransactionCount
[2021/01/25 21:40:47.626] - eth_getBalance
[2021/01/25 21:40:47.680] - eth_getTransactionCount
[2021/01/25 21:40:47.737] - eth_getBalance
[2021/01/25 21:40:47.811] - eth_getTransactionCount
[2021/01/25 21:40:47.863] - eth_getBalance
[2021/01/25 21:40:47.926] - eth_getTransactionCount
[2021/01/25 21:40:47.983] - eth_getBalance
[2021/01/25 21:40:48.033] - eth_getTransactionCount
[2021/01/25 21:40:48.086] - eth_getBalance
[2021/01/25 21:40:48.138] - eth_getTransactionCount
[2021/01/25 21:40:48.187] - eth_getBalance
[2021/01/25 21:40:48.239] - eth_getTransactionCount
[2021/01/25 21:40:48.301] - eth_getBalance
[2021/01/25 21:40:48.367] - eth_getTransactionCount
[2021/01/25 21:40:48.422] - eth_getBalance
[2021/01/25 21:40:48.475] - eth_getTransactionCount
[2021/01/25 21:40:48.635] - eth_getBalance
[2021/01/25 21:40:48.821] - eth_getTransactionCount
[2021/01/25 21:40:48.826] - eth_getBalance
[2021/01/25 21:40:48.831] - eth_getTransactionCount
[2021/01/25 21:40:48.836] - eth_getBalance
[2021/01/25 21:40:48.840] - eth_getTransactionCount
[2021/01/25 21:40:48.847] - eth_getBalance
[2021/01/25 21:40:48.900] - eth_getTransactionCount
[2021/01/25 21:40:48.969] - eth_getBalance
[2021/01/25 21:40:49.039] - eth_getTransactionCount
[2021/01/25 21:40:49.094] - eth_getBalance
[2021/01/25 21:40:49.161] - eth_getTransactionCount
[2021/01/25 21:40:49.207] - eth_getBalance
[2021/01/25 21:40:49.254] - eth_getTransactionCount
[2021/01/25 21:40:49.301] - eth_getBalance
[2021/01/25 21:40:49.371] - eth_getTransactionCount
[2021/01/25 21:40:49.772] - eth_getBalance
[2021/01/25 21:40:49.776] - eth_getTransactionCount
[2021/01/25 21:40:49.781] - eth_getBalance
[2021/01/25 21:40:49.785] - eth_getTransactionCount
[2021/01/25 21:40:49.788] - eth_getBalance
[2021/01/25 21:40:49.793] - eth_getTransactionCount
[2021/01/25 21:40:49.797] - eth_getBalance
[2021/01/25 21:40:49.801] - eth_getTransactionCount
[2021/01/25 21:40:49.808] - eth_getBalance
[2021/01/25 21:40:49.811] - eth_getTransactionCount
[2021/01/25 21:40:49.819] - eth_getBalance
[2021/01/25 21:40:49.823] - eth_getTransactionCount
[2021/01/25 21:40:49.827] - eth_getBalance
[2021/01/25 21:40:49.833] - eth_getTransactionCount
[2021/01/25 21:40:49.855] - eth_getBalance
[2021/01/25 21:40:49.892] - eth_getTransactionCount
[2021/01/25 21:40:49.910] - eth_getBalance
[2021/01/25 21:40:49.937] - eth_getTransactionCount
[2021/01/25 21:40:49.970] - eth_getBalance
[2021/01/25 21:40:50.039] - eth_getTransactionCount
[2021/01/25 21:40:50.082] - eth_getBalance
[2021/01/25 21:40:50.137] - eth_getTransactionCount
[2021/01/25 21:40:50.302] - eth_getBalance
[2021/01/25 21:40:50.307] - eth_getTransactionCount
[2021/01/25 21:40:50.333] - eth_getBalance
[2021/01/25 21:40:50.338] - eth_getTransactionCount
[2021/01/25 21:40:50.343] - eth_getBalance
[2021/01/25 21:40:50.347] - eth_getTransactionCount
[2021/01/25 21:40:50.377] - eth_getBalance
[2021/01/25 21:40:50.420] - eth_getTransactionCount
[2021/01/25 21:40:50.487] - eth_getBalance
[2021/01/25 21:40:50.540] - eth_getTransactionCount
[2021/01/25 21:40:50.593] - eth_getBalance
[2021/01/25 21:40:50.651] - eth_getTransactionCount
[2021/01/25 21:40:50.704] - eth_getBalance
[2021/01/25 21:40:50.759] - eth_getTransactionCount
[2021/01/25 21:40:50.814] - eth_getBalance
[2021/01/25 21:40:50.853] - eth_getTransactionCount
[2021/01/25 21:40:50.893] - eth_getBalance
[2021/01/25 21:40:50.927] - eth_getTransactionCount
[2021/01/25 21:40:50.972] - eth_getBalance
[2021/01/25 21:40:51.005] - eth_getTransactionCount
[2021/01/25 21:40:51.054] - eth_getBalance
[2021/01/25 21:40:51.116] - eth_getTransactionCount
[2021/01/25 21:40:51.158] - eth_getBalance
[2021/01/25 21:40:51.198] - eth_getTransactionCount
[2021/01/25 21:40:51.240] - eth_getBalance
[2021/01/25 21:40:51.293] - eth_getTransactionCount
[2021/01/25 21:40:51.332] - eth_getBalance
[2021/01/25 21:40:51.400] - eth_getTransactionCount
[2021/01/25 21:40:51.480] - eth_getBalance
[2021/01/25 21:40:51.531] - eth_getTransactionCount
[2021/01/25 21:40:51.585] - eth_getBalance
[2021/01/25 21:40:51.624] - eth_getTransactionCount
[2021/01/25 21:40:51.659] - eth_getBalance
[2021/01/25 21:40:51.701] - eth_getTransactionCount
[2021/01/25 21:40:51.739] - eth_getBalance
[2021/01/25 21:40:51.780] - eth_getTransactionCount
[2021/01/25 21:40:51.843] - eth_getBalance
[2021/01/25 21:40:51.886] - eth_getTransactionCount
[2021/01/25 21:40:51.939] - eth_getBalance
[2021/01/25 21:40:52.006] - eth_getTransactionCount
[2021/01/25 21:40:52.055] - eth_getBalance
[2021/01/25 21:40:52.106] - eth_getTransactionCount
[2021/01/25 21:40:52.153] - eth_getBalance
[2021/01/25 21:40:52.208] - eth_getTransactionCount
[2021/01/25 21:40:52.300] - eth_getBalance
[2021/01/25 21:40:52.351] - eth_getTransactionCount
[2021/01/25 21:40:52.409] - eth_getBalance
[2021/01/25 21:40:52.458] - eth_getTransactionCount
[2021/01/25 21:40:52.508] - eth_getBalance
[2021/01/25 21:40:52.557] - eth_getTransactionCount
[2021/01/25 21:40:52.642] - eth_getBalance
[2021/01/25 21:40:52.693] - eth_getTransactionCount
[2021/01/25 21:40:52.756] - eth_getBalance
[2021/01/25 21:40:52.849] - eth_getTransactionCount
[2021/01/25 21:40:52.921] - eth_getBalance
[2021/01/25 21:40:52.977] - eth_getTransactionCount
[2021/01/25 21:40:53.042] - eth_getBalance
[2021/01/25 21:40:53.111] - eth_getTransactionCount
[2021/01/25 21:40:53.211] - eth_getBalance
[2021/01/25 21:40:53.333] - eth_getTransactionCount
[2021/01/25 21:40:53.391] - eth_getBalance
[2021/01/25 21:40:53.482] - eth_getTransactionCount
[2021/01/25 21:40:53.537] - eth_getBalance
[2021/01/25 21:40:53.596] - eth_getTransactionCount
[2021/01/25 21:40:53.677] - eth_getBalance
[2021/01/25 21:40:53.745] - eth_getTransactionCount
[2021/01/25 21:40:53.806] - eth_getBalance
[2021/01/25 21:40:53.870] - eth_getTransactionCount
[2021/01/25 21:40:53.942] - eth_getBalance
[2021/01/25 21:40:54.011] - eth_getTransactionCount
[2021/01/25 21:40:54.074] - eth_getBalance
[2021/01/25 21:40:54.146] - eth_getTransactionCount
[2021/01/25 21:40:54.207] - eth_getBalance
[2021/01/25 21:40:54.261] - eth_getTransactionCount
[2021/01/25 21:40:54.316] - eth_getBalance
[2021/01/25 21:40:54.373] - eth_getTransactionCount
[2021/01/25 21:40:54.439] - eth_getBalance
[2021/01/25 21:40:54.501] - eth_getTransactionCount
[2021/01/25 21:40:54.554] - eth_getBalance
[2021/01/25 21:40:54.616] - eth_getTransactionCount
[2021/01/25 21:40:54.721] - eth_getBalance
[2021/01/25 21:40:54.800] - eth_getTransactionCount
[2021/01/25 21:40:54.873] - eth_getBalance
[2021/01/25 21:40:54.955] - eth_getTransactionCount
[2021/01/25 21:40:55.034] - eth_getBalance
[2021/01/25 21:40:55.108] - eth_getTransactionCount
[2021/01/25 21:40:55.169] - eth_getBalance
[2021/01/25 21:40:55.221] - eth_getTransactionCount
[2021/01/25 21:40:55.284] - eth_getBalance
[2021/01/25 21:40:55.401] - eth_getTransactionCount
[2021/01/25 21:40:55.423] - eth_getBalance
[2021/01/25 21:40:55.520] - eth_getTransactionCount
[2021/01/25 21:40:55.590] - eth_getBalance
[2021/01/25 21:40:55.661] - eth_getTransactionCount
[2021/01/25 21:40:55.747] - eth_getBalance
[2021/01/25 21:40:55.781] - eth_getTransactionCount
[2021/01/25 21:40:55.826] - eth_getBalance
[2021/01/25 21:40:55.879] - eth_getTransactionCount
[2021/01/25 21:40:55.962] - eth_getBalance
[2021/01/25 21:40:56.054] - eth_getTransactionCount
[2021/01/25 21:40:56.176] - eth_getBalance
[2021/01/25 21:40:56.257] - eth_getTransactionCount
[2021/01/25 21:40:56.324] - eth_getBalance
[2021/01/25 21:40:56.388] - eth_getTransactionCount
[2021/01/25 21:40:56.449] - eth_getBalance
[2021/01/25 21:40:56.513] - eth_getTransactionCount
[2021/01/25 21:40:56.559] - eth_getBalance
[2021/01/25 21:40:56.605] - eth_getTransactionCount
[2021/01/25 21:40:56.654] - eth_getBalance
[2021/01/25 21:40:56.694] - eth_getTransactionCount
[2021/01/25 21:40:56.735] - eth_getBalance
[2021/01/25 21:40:56.771] - eth_getTransactionCount
[2021/01/25 21:40:56.819] - eth_getBalance
[2021/01/25 21:40:56.864] - eth_getTransactionCount
[2021/01/25 21:40:56.892] - eth_getBalance
[2021/01/25 21:40:56.935] - eth_getTransactionCount
[2021/01/25 21:40:56.971] - eth_getBalance
[2021/01/25 21:40:57.000] - eth_getTransactionCount
[2021/01/25 21:40:57.025] - eth_getBalance
[2021/01/25 21:40:57.057] - eth_getTransactionCount
[2021/01/25 21:40:57.101] - eth_getBalance
[2021/01/25 21:40:57.141] - eth_getTransactionCount
[2021/01/25 21:40:57.172] - eth_getBalance
[2021/01/25 21:40:57.201] - eth_getTransactionCount
[2021/01/25 21:40:57.231] - eth_getBalance
[2021/01/25 21:40:57.259] - eth_getTransactionCount
[2021/01/25 21:40:57.299] - eth_getBalance
[2021/01/25 21:40:57.348] - eth_getTransactionCount
[2021/01/25 21:40:57.391] - eth_getBalance
[2021/01/25 21:40:57.436] - eth_getTransactionCount
[2021/01/25 21:40:57.464] - eth_getBalance
[2021/01/25 21:40:57.498] - eth_getTransactionCount
[2021/01/25 21:40:57.541] - eth_getBalance
[2021/01/25 21:40:57.570] - eth_getTransactionCount
[2021/01/25 21:40:57.597] - eth_getBalance
[2021/01/25 21:40:57.624] - eth_getTransactionCount
[2021/01/25 21:40:57.660] - eth_getBalance
[2021/01/25 21:40:57.756] - eth_getTransactionCount
[2021/01/25 21:40:57.869] - eth_getBalance
[2021/01/25 21:40:57.903] - eth_getTransactionCount
[2021/01/25 21:40:57.939] - eth_getBalance
[2021/01/25 21:40:57.970] - eth_getTransactionCount
[2021/01/25 21:40:57.999] - eth_getBalance
[2021/01/25 21:40:58.031] - eth_getTransactionCount
[2021/01/25 21:40:58.077] - eth_getBalance
[2021/01/25 21:40:58.123] - eth_getTransactionCount
[2021/01/25 21:40:58.152] - eth_getBalance
[2021/01/25 21:40:58.193] - eth_getTransactionCount
[2021/01/25 21:40:58.227] - eth_getBalance
[2021/01/25 21:40:58.255] - eth_getTransactionCount
[2021/01/25 21:40:58.289] - eth_getBalance
[2021/01/25 21:40:58.317] - eth_getTransactionCount
[2021/01/25 21:40:58.348] - eth_getBalance
[2021/01/25 21:40:58.455] - eth_getTransactionCount
[2021/01/25 21:40:58.460] - eth_getBalance
[2021/01/25 21:40:58.484] - eth_getTransactionCount
[2021/01/25 21:40:58.519] - eth_getBalance
[2021/01/25 21:40:58.551] - eth_getTransactionCount
[2021/01/25 21:40:58.588] - eth_getBalance
[2021/01/25 21:40:58.651] - eth_getTransactionCount
[2021/01/25 21:40:58.724] - eth_getBalance
[2021/01/25 21:40:58.768] - eth_getTransactionCount
[2021/01/25 21:40:58.810] - eth_getBalance
[2021/01/25 21:40:58.844] - eth_getTransactionCount
[2021/01/25 21:40:58.876] - eth_getBalance
[2021/01/25 21:40:58.909] - eth_getTransactionCount
[2021/01/25 21:40:58.940] - eth_getBalance
[2021/01/25 21:40:58.973] - eth_getTransactionCount
[2021/01/25 21:40:59.019] - eth_getBalance
[2021/01/25 21:40:59.049] - eth_getTransactionCount
[2021/01/25 21:40:59.081] - eth_getBalance
[2021/01/25 21:40:59.121] - eth_getTransactionCount
[2021/01/25 21:40:59.155] - eth_getBalance
[2021/01/25 21:40:59.201] - eth_getTransactionCount
[2021/01/25 21:40:59.246] - eth_getBalance
[2021/01/25 21:40:59.286] - eth_getTransactionCount
[2021/01/25 21:40:59.323] - eth_getBalance
[2021/01/25 21:40:59.473] - eth_getTransactionCount
[2021/01/25 21:40:59.477] - eth_getBalance
[2021/01/25 21:40:59.486] - eth_getTransactionCount
[2021/01/25 21:45:19.414] - eth_unsubscribe
[2021/01/25 21:45:19.439] - eth_unsubscribe
