[2021/01/24 21:30:07.662] - Starting server with initial configuration: {"gasLimit":6721975,"gasPrice":20000000000,"hardfork":"muirGlacier","hostname":"0.0.0.0","port":1111,"network_id":1121,"default_balance_ether":100000000,"total_accounts":90,"unlocked_accounts":[],"locked":false,"vmErrorsOnRPCResponse":true,"verbose":false,"db_path":"C:\\Users\\bilal\\AppData\\Roaming\\Ganache\\workspaces\\The-Blockchain-of-Hallie-Mill-Rd\\chaindata","logDirectory":"C:\\Users\\bilal\\OneDrive\\Documents\\GitHub\\Solidity-Files\\Ganache Log Files"}
[2021/01/24 21:30:12.251] - eth_subscribe
[2021/01/24 21:30:12.291] - eth_getLogs
[2021/01/24 21:30:12.306] - eth_subscribe
[2021/01/24 21:30:12.791] - eth_subscribe
[2021/01/24 21:30:12.855] - eth_getLogs
[2021/01/24 21:30:12.882] - eth_subscribe
[2021/01/24 21:30:13.723] - eth_blockNumber
[2021/01/24 21:30:13.731] - eth_accounts
[2021/01/24 21:30:13.736] - eth_blockNumber
[2021/01/24 21:30:13.742] - eth_gasPrice
[2021/01/24 21:30:13.747] - eth_getBlockByNumber
[2021/01/24 21:30:13.755] - eth_subscribe
[2021/01/24 21:30:13.761] - eth_accounts
[2021/01/24 21:30:13.767] - eth_gasPrice
[2021/01/24 21:30:13.774] - eth_getBlockByNumber
[2021/01/24 21:30:13.779] - eth_subscribe
[2021/01/24 21:30:14.804] - eth_getBalance
[2021/01/24 21:30:14.894] - eth_getTransactionCount
[2021/01/24 21:30:15.007] - eth_getBalance
[2021/01/24 21:30:15.144] - eth_getTransactionCount
[2021/01/24 21:30:15.316] - eth_getBalance
[2021/01/24 21:30:15.426] - eth_getTransactionCount
[2021/01/24 21:30:15.565] - eth_getBalance
[2021/01/24 21:30:15.658] - eth_getTransactionCount
[2021/01/24 21:30:15.739] - eth_getBalance
[2021/01/24 21:30:15.823] - eth_getTransactionCount
[2021/01/24 21:30:15.913] - eth_getBalance
[2021/01/24 21:30:16.011] - eth_getTransactionCount
[2021/01/24 21:30:16.088] - eth_getBalance
[2021/01/24 21:30:16.172] - eth_getTransactionCount
[2021/01/24 21:30:16.256] - eth_getBalance
[2021/01/24 21:30:16.332] - eth_getTransactionCount
[2021/01/24 21:30:16.404] - eth_getBalance
[2021/01/24 21:30:16.503] - eth_getTransactionCount
[2021/01/24 21:30:16.588] - eth_getBalance
[2021/01/24 21:30:16.698] - eth_getTransactionCount
[2021/01/24 21:30:16.785] - eth_getBalance
[2021/01/24 21:30:16.859] - eth_getTransactionCount
[2021/01/24 21:30:16.932] - eth_getBalance
[2021/01/24 21:30:17.025] - eth_getTransactionCount
[2021/01/24 21:30:17.111] - eth_getBalance
[2021/01/24 21:30:17.208] - eth_getTransactionCount
[2021/01/24 21:30:17.294] - eth_getBalance
[2021/01/24 21:30:17.399] - eth_getTransactionCount
[2021/01/24 21:30:17.531] - eth_getBalance
[2021/01/24 21:30:17.617] - eth_getTransactionCount
[2021/01/24 21:30:17.678] - eth_getBalance
[2021/01/24 21:30:17.743] - eth_getTransactionCount
[2021/01/24 21:30:17.807] - eth_getBalance
[2021/01/24 21:30:17.874] - eth_getTransactionCount
[2021/01/24 21:30:17.939] - eth_getBalance
[2021/01/24 21:30:18.025] - eth_getTransactionCount
[2021/01/24 21:30:18.089] - eth_getBalance
[2021/01/24 21:30:18.157] - eth_getTransactionCount
[2021/01/24 21:30:18.221] - eth_getBalance
[2021/01/24 21:30:18.283] - eth_getTransactionCount
[2021/01/24 21:30:18.343] - eth_getBalance
[2021/01/24 21:30:18.408] - eth_getTransactionCount
[2021/01/24 21:30:18.475] - eth_getBalance
[2021/01/24 21:30:18.578] - eth_getTransactionCount
[2021/01/24 21:30:18.637] - eth_getBalance
[2021/01/24 21:30:18.696] - eth_getTransactionCount
[2021/01/24 21:30:18.779] - eth_getBalance
[2021/01/24 21:30:18.882] - eth_getTransactionCount
[2021/01/24 21:30:18.961] - eth_getBalance
[2021/01/24 21:30:19.030] - eth_getTransactionCount
[2021/01/24 21:30:19.085] - eth_getBalance
[2021/01/24 21:30:19.143] - eth_getTransactionCount
[2021/01/24 21:30:19.204] - eth_getBalance
[2021/01/24 21:30:19.317] - eth_getTransactionCount
[2021/01/24 21:30:19.329] - eth_getBalance
[2021/01/24 21:30:19.385] - eth_getTransactionCount
[2021/01/24 21:30:19.447] - eth_getBalance
[2021/01/24 21:30:19.518] - eth_getTransactionCount
[2021/01/24 21:30:19.592] - eth_getBalance
[2021/01/24 21:30:19.645] - eth_getTransactionCount
[2021/01/24 21:30:19.706] - eth_getBalance
[2021/01/24 21:30:19.770] - eth_getTransactionCount
[2021/01/24 21:30:19.825] - eth_getBalance
[2021/01/24 21:30:19.879] - eth_getTransactionCount
[2021/01/24 21:30:19.933] - eth_getBalance
[2021/01/24 21:30:20.001] - eth_getTransactionCount
[2021/01/24 21:30:20.058] - eth_getBalance
[2021/01/24 21:30:20.113] - eth_getTransactionCount
[2021/01/24 21:30:20.191] - eth_getBalance
[2021/01/24 21:30:20.246] - eth_getTransactionCount
[2021/01/24 21:30:20.309] - eth_getBalance
[2021/01/24 21:30:20.385] - eth_getTransactionCount
[2021/01/24 21:30:20.446] - eth_getBalance
[2021/01/24 21:30:20.554] - eth_getTransactionCount
[2021/01/24 21:30:20.650] - eth_getBalance
[2021/01/24 21:30:20.735] - eth_getTransactionCount
[2021/01/24 21:30:20.810] - eth_getBalance
[2021/01/24 21:30:20.862] - eth_getTransactionCount
[2021/01/24 21:30:20.916] - eth_getBalance
[2021/01/24 21:30:20.984] - eth_getTransactionCount
[2021/01/24 21:30:21.050] - eth_getBalance
[2021/01/24 21:30:21.111] - eth_getTransactionCount
[2021/01/24 21:30:21.169] - eth_getBalance
[2021/01/24 21:30:21.233] - eth_getTransactionCount
[2021/01/24 21:30:21.318] - eth_getBalance
[2021/01/24 21:30:21.383] - eth_getTransactionCount
[2021/01/24 21:30:21.455] - eth_getBalance
[2021/01/24 21:30:21.548] - eth_getTransactionCount
[2021/01/24 21:30:21.632] - eth_getBalance
[2021/01/24 21:30:21.736] - eth_getTransactionCount
[2021/01/24 21:30:21.796] - eth_getBalance
[2021/01/24 21:30:21.856] - eth_getTransactionCount
[2021/01/24 21:30:21.910] - eth_getBalance
[2021/01/24 21:30:21.969] - eth_getTransactionCount
[2021/01/24 21:30:22.054] - eth_getBalance
[2021/01/24 21:30:22.121] - eth_getTransactionCount
[2021/01/24 21:30:22.192] - eth_getBalance
[2021/01/24 21:30:22.251] - eth_getTransactionCount
[2021/01/24 21:30:22.312] - eth_getBalance
[2021/01/24 21:30:22.379] - eth_getTransactionCount
[2021/01/24 21:30:22.449] - eth_getBalance
[2021/01/24 21:30:22.524] - eth_getTransactionCount
[2021/01/24 21:30:22.580] - eth_getBalance
[2021/01/24 21:30:22.649] - eth_getTransactionCount
[2021/01/24 21:30:22.717] - eth_getBalance
[2021/01/24 21:30:22.786] - eth_getTransactionCount
[2021/01/24 21:30:22.841] - eth_getBalance
[2021/01/24 21:30:22.896] - eth_getTransactionCount
[2021/01/24 21:30:22.953] - eth_getBalance
[2021/01/24 21:30:23.009] - eth_getTransactionCount
[2021/01/24 21:30:23.062] - eth_getBalance
[2021/01/24 21:30:23.116] - eth_getTransactionCount
[2021/01/24 21:30:23.190] - eth_getBalance
[2021/01/24 21:30:23.235] - eth_getTransactionCount
[2021/01/24 21:30:23.285] - eth_getBalance
[2021/01/24 21:30:23.349] - eth_getTransactionCount
[2021/01/24 21:30:23.407] - eth_getBalance
[2021/01/24 21:30:23.464] - eth_getTransactionCount
[2021/01/24 21:30:23.533] - eth_getBalance
[2021/01/24 21:30:23.625] - eth_getTransactionCount
[2021/01/24 21:30:23.681] - eth_getBalance
[2021/01/24 21:30:23.736] - eth_getTransactionCount
[2021/01/24 21:30:23.796] - eth_getBalance
[2021/01/24 21:30:23.872] - eth_getTransactionCount
[2021/01/24 21:30:23.941] - eth_getBalance
[2021/01/24 21:30:24.004] - eth_getTransactionCount
[2021/01/24 21:30:24.071] - eth_getBalance
[2021/01/24 21:30:24.134] - eth_getTransactionCount
[2021/01/24 21:30:24.225] - eth_getBalance
[2021/01/24 21:30:24.302] - eth_getTransactionCount
[2021/01/24 21:30:24.492] - eth_getBalance
[2021/01/24 21:30:24.620] - eth_getTransactionCount
[2021/01/24 21:30:24.768] - eth_getBalance
[2021/01/24 21:30:24.841] - eth_getTransactionCount
[2021/01/24 21:30:24.923] - eth_getBalance
[2021/01/24 21:30:24.991] - eth_getTransactionCount
[2021/01/24 21:30:25.031] - eth_getBalance
[2021/01/24 21:30:25.064] - eth_getTransactionCount
[2021/01/24 21:30:25.110] - eth_getBalance
[2021/01/24 21:30:25.143] - eth_getTransactionCount
[2021/01/24 21:30:25.188] - eth_getBalance
[2021/01/24 21:30:25.252] - eth_getTransactionCount
[2021/01/24 21:30:25.306] - eth_getBalance
[2021/01/24 21:30:25.345] - eth_getTransactionCount
[2021/01/24 21:30:25.395] - eth_getBalance
[2021/01/24 21:30:25.458] - eth_getTransactionCount
[2021/01/24 21:30:25.527] - eth_getBalance
[2021/01/24 21:30:25.609] - eth_getTransactionCount
[2021/01/24 21:30:25.674] - eth_getBalance
[2021/01/24 21:30:25.737] - eth_getTransactionCount
[2021/01/24 21:30:25.799] - eth_getBalance
[2021/01/24 21:30:25.863] - eth_getTransactionCount
[2021/01/24 21:30:25.943] - eth_getBalance
[2021/01/24 21:30:26.040] - eth_getTransactionCount
[2021/01/24 21:30:26.100] - eth_getBalance
[2021/01/24 21:30:26.171] - eth_getTransactionCount
[2021/01/24 21:30:26.222] - eth_getBalance
[2021/01/24 21:30:26.283] - eth_getTransactionCount
[2021/01/24 21:30:26.342] - eth_getBalance
[2021/01/24 21:30:26.412] - eth_getTransactionCount
[2021/01/24 21:30:26.482] - eth_getBalance
[2021/01/24 21:30:26.545] - eth_getTransactionCount
[2021/01/24 21:30:26.613] - eth_getBalance
[2021/01/24 21:30:26.692] - eth_getTransactionCount
[2021/01/24 21:30:26.751] - eth_getBalance
[2021/01/24 21:30:26.816] - eth_getTransactionCount
[2021/01/24 21:30:26.874] - eth_getBalance
[2021/01/24 21:30:26.936] - eth_getTransactionCount
[2021/01/24 21:30:26.993] - eth_getBalance
[2021/01/24 21:30:27.054] - eth_getTransactionCount
[2021/01/24 21:30:27.112] - eth_getBalance
[2021/01/24 21:30:27.164] - eth_getTransactionCount
[2021/01/24 21:30:27.221] - eth_getBalance
[2021/01/24 21:30:27.288] - eth_getTransactionCount
[2021/01/24 21:30:27.341] - eth_getBalance
[2021/01/24 21:30:27.399] - eth_getTransactionCount
[2021/01/24 21:30:27.487] - eth_getBalance
[2021/01/24 21:30:27.542] - eth_getTransactionCount
[2021/01/24 21:30:27.616] - eth_getBalance
[2021/01/24 21:30:27.685] - eth_getTransactionCount
[2021/01/24 21:30:27.755] - eth_getBalance
[2021/01/24 21:30:27.836] - eth_getTransactionCount
[2021/01/24 21:30:27.893] - eth_getBalance
[2021/01/24 21:30:27.951] - eth_getTransactionCount
[2021/01/24 21:30:28.002] - eth_getBalance
[2021/01/24 21:30:28.060] - eth_getTransactionCount
[2021/01/24 21:30:28.142] - eth_getBalance
[2021/01/24 21:30:28.204] - eth_getTransactionCount
[2021/01/24 21:30:28.256] - eth_getBalance
[2021/01/24 21:30:28.314] - eth_getTransactionCount
[2021/01/24 21:30:28.369] - eth_getBalance
[2021/01/24 21:30:28.415] - eth_getTransactionCount
[2021/01/24 21:30:28.468] - eth_getBalance
[2021/01/24 21:30:28.529] - eth_getTransactionCount
[2021/01/24 21:30:28.609] - eth_getBalance
[2021/01/24 21:30:28.670] - eth_getTransactionCount
[2021/01/24 21:30:28.730] - eth_getBalance
[2021/01/24 21:30:28.785] - eth_getTransactionCount
[2021/01/24 21:30:28.865] - eth_getBalance
[2021/01/24 21:30:28.925] - eth_getTransactionCount
[2021/01/24 21:30:28.981] - eth_getBalance
[2021/01/24 21:30:29.044] - eth_getTransactionCount
[2021/01/24 21:30:29.151] - eth_getBalance
[2021/01/24 21:30:29.165] - eth_getTransactionCount
[2021/01/24 21:30:29.223] - eth_getBalance
[2021/01/24 21:30:29.285] - eth_getTransactionCount
[2021/01/24 21:30:29.346] - eth_getBalance
[2021/01/24 21:30:29.414] - eth_getTransactionCount
[2021/01/24 21:30:29.477] - eth_getBalance
[2021/01/24 21:30:29.531] - eth_getTransactionCount
[2021/01/24 21:30:29.601] - eth_getBalance
[2021/01/24 21:30:29.660] - eth_getTransactionCount
[2021/01/24 21:30:29.727] - eth_getBalance
[2021/01/24 21:30:29.803] - eth_getTransactionCount
[2021/01/24 21:30:29.870] - eth_getBalance
[2021/01/24 21:30:29.925] - eth_getTransactionCount
[2021/01/24 21:30:29.984] - eth_getBalance
[2021/01/24 21:30:30.031] - eth_getTransactionCount
[2021/01/24 21:30:30.085] - eth_getBalance
[2021/01/24 21:30:30.138] - eth_getTransactionCount
[2021/01/24 21:30:30.191] - eth_getBalance
[2021/01/24 21:30:30.269] - eth_getTransactionCount
[2021/01/24 21:30:30.333] - eth_getBalance
[2021/01/24 21:30:30.399] - eth_getTransactionCount
[2021/01/24 21:30:30.458] - eth_getBalance
[2021/01/24 21:30:30.518] - eth_getTransactionCount
[2021/01/24 21:30:30.575] - eth_getBalance
[2021/01/24 21:30:30.639] - eth_getTransactionCount
[2021/01/24 21:30:30.710] - eth_getBalance
[2021/01/24 21:30:30.766] - eth_getTransactionCount
[2021/01/24 21:30:30.829] - eth_getBalance
[2021/01/24 21:30:30.896] - eth_getTransactionCount
[2021/01/24 21:30:30.951] - eth_getBalance
[2021/01/24 21:30:31.008] - eth_getTransactionCount
[2021/01/24 21:30:31.062] - eth_getBalance
[2021/01/24 21:30:31.133] - eth_getTransactionCount
[2021/01/24 21:30:31.221] - eth_getBalance
[2021/01/24 21:30:31.285] - eth_getTransactionCount
[2021/01/24 21:30:31.361] - eth_getBalance
[2021/01/24 21:30:31.450] - eth_getTransactionCount
[2021/01/24 21:30:31.523] - eth_getBalance
[2021/01/24 21:30:31.577] - eth_getTransactionCount
[2021/01/24 21:30:31.661] - eth_getBalance
[2021/01/24 21:30:31.715] - eth_getTransactionCount
[2021/01/24 21:30:31.789] - eth_getBalance
[2021/01/24 21:30:31.883] - eth_getTransactionCount
[2021/01/24 21:30:31.978] - eth_getBalance
[2021/01/24 21:30:32.055] - eth_getTransactionCount
[2021/01/24 21:30:32.135] - eth_getBalance
[2021/01/24 21:30:32.240] - eth_getTransactionCount
[2021/01/24 21:30:32.401] - eth_getBalance
[2021/01/24 21:30:32.527] - eth_getTransactionCount
[2021/01/24 21:30:32.653] - eth_getBalance
[2021/01/24 21:30:32.758] - eth_getTransactionCount
[2021/01/24 21:30:32.820] - eth_getBalance
[2021/01/24 21:30:32.883] - eth_getTransactionCount
[2021/01/24 21:30:32.964] - eth_getBalance
[2021/01/24 21:30:33.043] - eth_getTransactionCount
[2021/01/24 21:30:33.112] - eth_getBalance
[2021/01/24 21:30:33.188] - eth_getTransactionCount
[2021/01/24 21:30:33.249] - eth_getBalance
[2021/01/24 21:30:33.360] - eth_getTransactionCount
[2021/01/24 21:30:33.429] - eth_getBalance
[2021/01/24 21:30:33.486] - eth_getTransactionCount
[2021/01/24 21:30:33.537] - eth_getBalance
[2021/01/24 21:30:33.600] - eth_getTransactionCount
[2021/01/24 21:30:33.668] - eth_getBalance
[2021/01/24 21:30:33.746] - eth_getTransactionCount
[2021/01/24 21:30:33.807] - eth_getBalance
[2021/01/24 21:30:33.864] - eth_getTransactionCount
[2021/01/24 21:30:33.950] - eth_getBalance
[2021/01/24 21:30:34.039] - eth_getTransactionCount
[2021/01/24 21:30:34.116] - eth_getBalance
[2021/01/24 21:30:34.186] - eth_getTransactionCount
[2021/01/24 21:30:34.251] - eth_getBalance
[2021/01/24 21:30:34.349] - eth_getTransactionCount
[2021/01/24 21:30:34.442] - eth_getBalance
[2021/01/24 21:30:34.523] - eth_getTransactionCount
[2021/01/24 21:30:34.582] - eth_getBalance
[2021/01/24 21:30:34.652] - eth_getTransactionCount
[2021/01/24 21:30:34.711] - eth_getBalance
[2021/01/24 21:30:34.781] - eth_getTransactionCount
[2021/01/24 21:30:34.840] - eth_getBalance
[2021/01/24 21:30:34.911] - eth_getTransactionCount
[2021/01/24 21:30:34.958] - eth_getBalance
[2021/01/24 21:30:35.017] - eth_getTransactionCount
[2021/01/24 21:30:35.073] - eth_getBalance
[2021/01/24 21:30:35.127] - eth_getTransactionCount
[2021/01/24 21:30:35.186] - eth_getBalance
[2021/01/24 21:30:35.268] - eth_getTransactionCount
[2021/01/24 21:30:35.349] - eth_getBalance
[2021/01/24 21:30:35.407] - eth_getTransactionCount
[2021/01/24 21:30:35.470] - eth_getBalance
[2021/01/24 21:30:35.538] - eth_getTransactionCount
[2021/01/24 21:30:35.611] - eth_getBalance
[2021/01/24 21:30:35.696] - eth_getTransactionCount
[2021/01/24 21:30:35.774] - eth_getBalance
[2021/01/24 21:30:35.845] - eth_getTransactionCount
[2021/01/24 21:30:36.067] - eth_getBalance
[2021/01/24 21:30:36.134] - eth_getTransactionCount
[2021/01/24 21:30:36.189] - eth_getBalance
[2021/01/24 21:30:36.250] - eth_getTransactionCount
[2021/01/24 21:30:36.330] - eth_getBalance
[2021/01/24 21:30:36.417] - eth_getTransactionCount
[2021/01/24 21:30:36.477] - eth_getBalance
[2021/01/24 21:30:36.547] - eth_getTransactionCount
[2021/01/24 21:30:36.625] - eth_getBalance
[2021/01/24 21:30:36.695] - eth_getTransactionCount
[2021/01/24 21:30:36.779] - eth_getBalance
[2021/01/24 21:30:36.838] - eth_getTransactionCount
[2021/01/24 21:30:36.895] - eth_getBalance
[2021/01/24 21:30:36.957] - eth_getTransactionCount
[2021/01/24 21:30:37.008] - eth_getBalance
[2021/01/24 21:30:37.063] - eth_getTransactionCount
[2021/01/24 21:30:37.111] - eth_getBalance
[2021/01/24 21:30:37.163] - eth_getTransactionCount
[2021/01/24 21:30:37.228] - eth_getBalance
[2021/01/24 21:30:37.281] - eth_getTransactionCount
[2021/01/24 21:30:37.337] - eth_getBalance
[2021/01/24 21:30:37.412] - eth_getTransactionCount
[2021/01/24 21:30:37.491] - eth_getBalance
[2021/01/24 21:30:37.547] - eth_getTransactionCount
[2021/01/24 21:30:37.605] - eth_getBalance
[2021/01/24 21:30:37.767] - eth_getTransactionCount
[2021/01/24 21:30:37.873] - eth_getBalance
[2021/01/24 21:30:37.955] - eth_getTransactionCount
[2021/01/24 21:30:38.018] - eth_getBalance
[2021/01/24 21:30:38.095] - eth_getTransactionCount
[2021/01/24 21:30:38.168] - eth_getBalance
[2021/01/24 21:30:38.245] - eth_getTransactionCount
[2021/01/24 21:30:38.317] - eth_getBalance
[2021/01/24 21:30:38.464] - eth_getTransactionCount
[2021/01/24 21:30:38.609] - eth_getBalance
[2021/01/24 21:30:38.713] - eth_getTransactionCount
[2021/01/24 21:30:38.801] - eth_getBalance
[2021/01/24 21:30:38.958] - eth_getTransactionCount
[2021/01/24 21:30:39.066] - eth_getBalance
[2021/01/24 21:30:39.159] - eth_getTransactionCount
[2021/01/24 21:30:39.251] - eth_getBalance
[2021/01/24 21:30:39.329] - eth_getTransactionCount
[2021/01/24 21:30:39.408] - eth_getBalance
[2021/01/24 21:30:39.479] - eth_getTransactionCount
[2021/01/24 21:30:39.543] - eth_getBalance
[2021/01/24 21:30:39.621] - eth_getTransactionCount
[2021/01/24 21:30:39.714] - eth_getBalance
[2021/01/24 21:30:39.781] - eth_getTransactionCount
[2021/01/24 21:30:39.844] - eth_getBalance
[2021/01/24 21:30:39.910] - eth_getTransactionCount
[2021/01/24 21:30:39.963] - eth_getBalance
[2021/01/24 21:30:40.025] - eth_getTransactionCount
[2021/01/24 21:30:40.078] - eth_getBalance
[2021/01/24 21:30:40.178] - eth_getTransactionCount
[2021/01/24 21:30:40.265] - eth_getBalance
[2021/01/24 21:30:40.323] - eth_getTransactionCount
[2021/01/24 21:30:40.384] - eth_getBalance
[2021/01/24 21:30:40.459] - eth_getTransactionCount
[2021/01/24 21:30:40.538] - eth_getBalance
[2021/01/24 21:30:40.616] - eth_getTransactionCount
[2021/01/24 21:30:40.733] - eth_getBalance
[2021/01/24 21:30:40.831] - eth_getTransactionCount
[2021/01/24 21:30:42.174] - eth_getBalance
[2021/01/24 21:30:42.279] - eth_getTransactionCount
[2021/01/24 21:30:42.360] - eth_getBalance
[2021/01/24 21:30:42.416] - eth_getTransactionCount
[2021/01/24 21:30:42.479] - eth_getBalance
[2021/01/24 21:30:42.567] - eth_getTransactionCount
[2021/01/24 21:30:42.631] - eth_getBalance
[2021/01/24 21:30:42.697] - eth_getTransactionCount
[2021/01/24 21:30:42.769] - eth_getBalance
[2021/01/24 21:30:42.825] - eth_getTransactionCount
[2021/01/24 21:30:42.910] - eth_getBalance
[2021/01/24 21:30:42.971] - eth_getTransactionCount
[2021/01/24 21:30:43.074] - eth_getBalance
[2021/01/24 21:30:43.234] - eth_getTransactionCount
[2021/01/24 21:30:43.413] - eth_getBalance
[2021/01/24 21:30:43.510] - eth_getTransactionCount
[2021/01/24 21:30:43.619] - eth_getBalance
[2021/01/24 21:30:43.707] - eth_getTransactionCount
[2021/01/24 21:30:43.787] - eth_getBalance
[2021/01/24 21:30:43.837] - eth_getTransactionCount
[2021/01/24 21:30:43.898] - eth_getBalance
[2021/01/24 21:30:43.957] - eth_getTransactionCount
[2021/01/24 21:30:44.018] - eth_getBalance
[2021/01/24 21:30:44.077] - eth_getTransactionCount
[2021/01/24 21:30:44.127] - eth_getBalance
[2021/01/24 21:30:44.180] - eth_getTransactionCount
[2021/01/24 21:30:44.234] - eth_getBalance
[2021/01/24 21:30:44.281] - eth_getTransactionCount
[2021/01/24 21:30:44.340] - eth_getBalance
[2021/01/24 21:30:44.401] - eth_getTransactionCount
[2021/01/24 21:30:44.478] - eth_getBalance
[2021/01/24 21:30:44.530] - eth_getTransactionCount
[2021/01/24 21:30:44.579] - eth_getBalance
[2021/01/24 21:30:44.630] - eth_getTransactionCount
[2021/01/24 21:30:44.684] - eth_getBalance
[2021/01/24 21:30:44.722] - eth_getTransactionCount
[2021/01/24 21:30:44.780] - eth_getBalance
[2021/01/24 21:30:44.819] - eth_getTransactionCount
[2021/01/24 21:30:44.866] - eth_getBalance
[2021/01/24 21:30:44.917] - eth_getTransactionCount
[2021/01/24 21:30:44.993] - eth_getBalance
[2021/01/24 21:30:45.055] - eth_getTransactionCount
[2021/01/24 21:30:45.109] - eth_getBalance
[2021/01/24 21:30:45.151] - eth_getTransactionCount
[2021/01/24 21:30:45.198] - eth_getBalance
[2021/01/24 21:30:45.242] - eth_getTransactionCount
[2021/01/24 21:30:45.278] - eth_getBalance
[2021/01/24 21:30:45.320] - eth_getTransactionCount
[2021/01/24 21:30:45.695] - eth_getBalance
[2021/01/24 21:30:45.699] - eth_getTransactionCount
[2021/01/24 21:30:45.708] - eth_getBalance
[2021/01/24 21:30:45.712] - eth_getTransactionCount
[2021/01/24 21:30:45.721] - eth_getBalance
[2021/01/24 21:30:45.726] - eth_getTransactionCount
[2021/01/24 21:30:45.731] - eth_getBalance
[2021/01/24 21:30:45.735] - eth_getTransactionCount
[2021/01/24 21:30:45.740] - eth_getBalance
[2021/01/24 21:30:45.745] - eth_getTransactionCount
[2021/01/24 21:30:45.751] - eth_getBalance
[2021/01/24 21:30:45.781] - eth_getTransactionCount
[2021/01/24 21:30:45.832] - eth_getBalance
[2021/01/24 21:30:45.868] - eth_getTransactionCount
[2021/01/24 21:30:45.956] - eth_getBalance
[2021/01/24 21:30:45.961] - eth_getTransactionCount
[2021/01/24 21:30:46.005] - eth_getBalance
[2021/01/24 21:30:46.038] - eth_getTransactionCount
[2021/01/24 21:30:46.072] - eth_getBalance
[2021/01/24 21:30:46.104] - eth_getTransactionCount
[2021/01/24 21:30:46.136] - eth_getBalance
[2021/01/24 21:30:46.167] - eth_getTransactionCount
[2021/01/24 21:30:47.266] - eth_getBalance
[2021/01/24 21:30:47.273] - eth_getTransactionCount
[2021/01/24 21:30:47.281] - eth_getBalance
[2021/01/24 21:30:47.285] - eth_getTransactionCount
[2021/01/24 21:30:47.295] - eth_getBalance
[2021/01/24 21:30:47.300] - eth_getTransactionCount
[2021/01/24 21:30:47.305] - eth_getBalance
[2021/01/24 21:30:47.326] - eth_getTransactionCount
[2021/01/24 21:30:47.332] - eth_getBalance
[2021/01/24 21:30:47.340] - eth_getTransactionCount
[2021/01/24 21:30:47.348] - eth_getBalance
[2021/01/24 21:30:47.353] - eth_getTransactionCount
[2021/01/24 21:30:47.362] - eth_getBalance
[2021/01/24 21:30:47.367] - eth_getTransactionCount
[2021/01/24 21:30:47.373] - eth_getBalance
[2021/01/24 21:30:47.378] - eth_getTransactionCount
[2021/01/24 21:30:47.385] - eth_getBalance
[2021/01/24 21:30:47.392] - eth_getTransactionCount
[2021/01/24 21:30:47.655] - eth_getBalance
[2021/01/24 21:30:47.660] - eth_getTransactionCount
[2021/01/24 21:30:47.664] - eth_getBalance
[2021/01/24 21:30:47.667] - eth_getTransactionCount
[2021/01/24 21:30:47.675] - eth_getBalance
[2021/01/24 21:30:47.680] - eth_getTransactionCount
[2021/01/24 21:30:47.685] - eth_getBalance
[2021/01/24 21:30:47.690] - eth_getTransactionCount
[2021/01/24 21:30:47.696] - eth_getBalance
[2021/01/24 21:30:47.700] - eth_getTransactionCount
[2021/01/24 21:30:47.709] - eth_getBalance
[2021/01/24 21:30:47.713] - eth_getTransactionCount
[2021/01/24 21:30:47.717] - eth_getBalance
[2021/01/24 21:30:47.723] - eth_getTransactionCount
[2021/01/24 21:30:47.727] - eth_getBalance
[2021/01/24 21:30:47.732] - eth_getTransactionCount
[2021/01/24 21:30:47.736] - eth_getBalance
[2021/01/24 21:30:47.741] - eth_getTransactionCount
[2021/01/24 21:30:47.745] - eth_getBalance
[2021/01/24 21:30:47.749] - eth_getTransactionCount
[2021/01/24 21:30:47.752] - eth_getBalance
[2021/01/24 21:30:47.759] - eth_getTransactionCount
[2021/01/24 21:30:47.764] - eth_getBalance
[2021/01/24 21:30:47.772] - eth_getTransactionCount
[2021/01/24 21:30:47.777] - eth_getBalance
[2021/01/24 21:30:47.783] - eth_getTransactionCount
[2021/01/24 21:30:47.789] - eth_getBalance
[2021/01/24 21:30:47.794] - eth_getTransactionCount
[2021/01/24 21:30:47.797] - eth_getBalance
[2021/01/24 21:30:47.800] - eth_getTransactionCount
[2021/01/24 21:30:47.808] - eth_getBalance
[2021/01/24 21:30:47.829] - eth_getTransactionCount
[2021/01/24 21:30:47.873] - eth_getBalance
[2021/01/24 21:30:47.910] - eth_getTransactionCount
[2021/01/24 21:30:47.961] - eth_getBalance
[2021/01/24 21:30:48.032] - eth_getTransactionCount
[2021/01/24 21:30:48.094] - eth_getBalance
[2021/01/24 21:30:48.134] - eth_getTransactionCount
[2021/01/24 21:30:48.172] - eth_getBalance
[2021/01/24 21:30:48.232] - eth_getTransactionCount
[2021/01/24 21:30:48.366] - eth_getBalance
[2021/01/24 21:30:48.426] - eth_getTransactionCount
[2021/01/24 21:30:49.542] - eth_getBalance
[2021/01/24 21:30:49.548] - eth_getTransactionCount
[2021/01/24 21:30:49.555] - eth_getBalance
[2021/01/24 21:30:49.560] - eth_getTransactionCount
[2021/01/24 21:30:49.564] - eth_getBalance
[2021/01/24 21:30:49.576] - eth_getTransactionCount
[2021/01/24 21:30:49.582] - eth_getBalance
[2021/01/24 21:30:49.589] - eth_getTransactionCount
[2021/01/24 21:30:49.594] - eth_getBalance
[2021/01/24 21:30:49.613] - eth_getTransactionCount
[2021/01/24 21:30:49.618] - eth_getBalance
[2021/01/24 21:30:49.623] - eth_getTransactionCount
[2021/01/24 21:30:49.632] - eth_getBalance
[2021/01/24 21:30:49.636] - eth_getTransactionCount
[2021/01/24 21:30:49.650] - eth_getBalance
[2021/01/24 21:30:49.762] - eth_getTransactionCount
[2021/01/24 21:30:49.894] - eth_getBalance
[2021/01/24 21:30:50.034] - eth_getTransactionCount
[2021/01/24 21:30:50.181] - eth_getBalance
[2021/01/24 21:30:50.311] - eth_getTransactionCount
[2021/01/24 21:30:50.442] - eth_getBalance
[2021/01/24 21:30:50.531] - eth_getTransactionCount
[2021/01/24 21:30:50.623] - eth_getBalance
[2021/01/24 21:30:50.681] - eth_getTransactionCount
[2021/01/24 21:30:50.997] - eth_getBalance
[2021/01/24 21:30:51.162] - eth_getTransactionCount
[2021/01/24 21:30:51.269] - eth_getBalance
[2021/01/24 21:30:51.569] - eth_getTransactionCount
[2021/01/24 21:30:51.850] - eth_getBalance
[2021/01/24 21:30:51.974] - eth_getTransactionCount
[2021/01/24 21:30:52.103] - eth_getBalance
[2021/01/24 21:30:52.223] - eth_getTransactionCount
[2021/01/24 21:30:52.529] - eth_getBalance
[2021/01/24 21:30:52.666] - eth_getTransactionCount
[2021/01/24 21:30:52.806] - eth_getBalance
[2021/01/24 21:30:52.920] - eth_getTransactionCount
[2021/01/24 21:30:53.080] - eth_getBalance
[2021/01/24 21:30:53.171] - eth_getTransactionCount
[2021/01/24 21:30:53.262] - eth_getBalance
[2021/01/24 21:30:53.356] - eth_getTransactionCount
[2021/01/24 21:30:53.481] - eth_getBalance
[2021/01/24 21:30:53.583] - eth_getTransactionCount
[2021/01/24 21:30:53.689] - eth_getBalance
[2021/01/24 21:30:53.777] - eth_getTransactionCount
[2021/01/24 21:30:53.846] - eth_getBalance
[2021/01/24 21:30:53.933] - eth_getTransactionCount
[2021/01/24 21:30:54.082] - eth_getBalance
[2021/01/24 21:30:54.246] - eth_getTransactionCount
[2021/01/24 21:30:54.341] - eth_getBalance
[2021/01/24 21:30:54.513] - eth_getTransactionCount
[2021/01/24 21:30:54.664] - eth_getBalance
[2021/01/24 21:30:54.763] - eth_getTransactionCount
[2021/01/24 21:30:54.838] - eth_getBalance
[2021/01/24 21:30:54.899] - eth_getTransactionCount
[2021/01/24 21:30:54.998] - eth_getBalance
[2021/01/24 21:30:55.115] - eth_getTransactionCount
[2021/01/24 21:30:55.219] - eth_getBalance
[2021/01/24 21:30:55.309] - eth_getTransactionCount
[2021/01/24 21:30:55.368] - eth_getBalance
[2021/01/24 21:30:55.443] - eth_getTransactionCount
[2021/01/24 21:30:55.677] - eth_getBalance
[2021/01/24 21:30:55.884] - eth_getTransactionCount
[2021/01/24 21:30:56.080] - eth_getBalance
[2021/01/24 21:30:56.166] - eth_getTransactionCount
[2021/01/24 21:30:56.283] - eth_getBalance
[2021/01/24 21:30:56.397] - eth_getTransactionCount
[2021/01/24 21:30:56.469] - eth_getBalance
[2021/01/24 21:30:56.565] - eth_getTransactionCount
[2021/01/24 21:30:56.642] - eth_getBalance
[2021/01/24 21:30:56.747] - eth_getTransactionCount
[2021/01/24 21:30:56.914] - eth_getBalance
[2021/01/24 21:30:57.065] - eth_getTransactionCount
[2021/01/24 21:30:57.226] - eth_getBalance
[2021/01/24 21:30:57.299] - eth_getTransactionCount
[2021/01/24 21:30:57.415] - eth_getBalance
[2021/01/24 21:30:57.592] - eth_getTransactionCount
[2021/01/24 21:30:57.665] - eth_getBalance
[2021/01/24 21:30:57.765] - eth_getTransactionCount
[2021/01/24 21:30:57.877] - eth_getBalance
[2021/01/24 21:30:57.955] - eth_getTransactionCount
[2021/01/24 21:30:58.024] - eth_getBalance
[2021/01/24 21:30:58.181] - eth_getTransactionCount
[2021/01/24 21:30:58.352] - eth_getBalance
[2021/01/24 21:30:58.442] - eth_getTransactionCount
[2021/01/24 21:30:58.571] - eth_getBalance
[2021/01/24 21:30:58.738] - eth_getTransactionCount
[2021/01/24 21:30:58.830] - eth_getBalance
[2021/01/24 21:30:58.919] - eth_getTransactionCount
[2021/01/24 21:30:59.010] - eth_getBalance
[2021/01/24 21:30:59.124] - eth_getTransactionCount
[2021/01/24 21:30:59.218] - eth_getBalance
[2021/01/24 21:30:59.316] - eth_getTransactionCount
[2021/01/24 21:30:59.400] - eth_getBalance
[2021/01/24 21:30:59.498] - eth_getTransactionCount
[2021/01/24 21:30:59.597] - eth_getBalance
[2021/01/24 21:30:59.682] - eth_getTransactionCount
[2021/01/24 21:30:59.774] - eth_getBalance
[2021/01/24 21:30:59.847] - eth_getTransactionCount
[2021/01/24 21:30:59.949] - eth_getBalance
[2021/01/24 21:31:00.121] - eth_getTransactionCount
[2021/01/24 21:31:00.224] - eth_getBalance
[2021/01/24 21:31:00.354] - eth_getTransactionCount
[2021/01/24 21:31:00.574] - eth_getBalance
[2021/01/24 21:31:00.676] - eth_getTransactionCount
[2021/01/24 21:31:00.770] - eth_getBalance
[2021/01/24 21:31:00.907] - eth_getTransactionCount
[2021/01/24 21:31:01.095] - eth_getBalance
[2021/01/24 21:31:01.243] - eth_getTransactionCount
[2021/01/24 21:31:01.413] - eth_getBalance
[2021/01/24 21:31:01.585] - eth_getTransactionCount
[2021/01/24 21:31:01.719] - eth_getBalance
[2021/01/24 21:31:01.841] - eth_getTransactionCount
[2021/01/24 21:31:01.977] - eth_getBalance
[2021/01/24 21:31:02.178] - eth_getTransactionCount
[2021/01/24 21:31:02.328] - eth_getBalance
[2021/01/24 21:31:02.455] - eth_getTransactionCount
[2021/01/24 21:31:02.646] - eth_getBalance
[2021/01/24 21:31:02.902] - eth_getTransactionCount
[2021/01/24 21:31:03.082] - eth_getBalance
[2021/01/24 21:31:03.303] - eth_getTransactionCount
[2021/01/24 21:31:03.598] - eth_getBalance
[2021/01/24 21:31:03.775] - eth_getTransactionCount
[2021/01/24 21:31:03.950] - eth_getBalance
[2021/01/24 21:31:04.045] - eth_getTransactionCount
[2021/01/24 21:31:04.188] - eth_getBalance
[2021/01/24 21:31:04.335] - eth_getTransactionCount
[2021/01/24 21:31:04.534] - eth_getBalance
[2021/01/24 21:31:04.683] - eth_getTransactionCount
[2021/01/24 21:31:04.772] - eth_getBalance
[2021/01/24 21:31:04.978] - eth_getTransactionCount
[2021/01/24 21:31:05.081] - eth_getBalance
[2021/01/24 21:31:05.185] - eth_getTransactionCount
[2021/01/24 21:31:05.310] - eth_getBalance
[2021/01/24 21:31:05.446] - eth_getTransactionCount
[2021/01/24 21:31:05.591] - eth_getBalance
[2021/01/24 21:31:05.724] - eth_getTransactionCount
[2021/01/24 21:31:05.814] - eth_getBalance
[2021/01/24 21:31:05.924] - eth_getTransactionCount
[2021/01/24 21:31:06.042] - eth_getBalance
[2021/01/24 21:31:06.128] - eth_getTransactionCount
[2021/01/24 21:31:06.288] - eth_getBalance
[2021/01/24 21:31:06.481] - eth_getTransactionCount
[2021/01/24 21:31:06.646] - eth_getBalance
[2021/01/24 21:31:06.761] - eth_getTransactionCount
[2021/01/24 21:31:06.934] - eth_getBalance
[2021/01/24 21:31:07.092] - eth_getTransactionCount
[2021/01/24 21:31:07.234] - eth_getBalance
[2021/01/24 21:31:07.364] - eth_getTransactionCount
[2021/01/24 21:31:07.500] - eth_getBalance
[2021/01/24 21:31:07.616] - eth_getTransactionCount
[2021/01/24 21:31:07.771] - eth_getBalance
[2021/01/24 21:31:07.918] - eth_getTransactionCount
[2021/01/24 21:31:08.022] - eth_getBalance
[2021/01/24 21:31:08.136] - eth_getTransactionCount
[2021/01/24 21:31:08.250] - eth_getBalance
[2021/01/24 21:31:08.357] - eth_getTransactionCount
[2021/01/24 21:31:08.543] - eth_getBalance
[2021/01/24 21:31:08.625] - eth_getTransactionCount
[2021/01/24 21:31:08.744] - eth_getBalance
[2021/01/24 21:31:08.855] - eth_getTransactionCount
[2021/01/24 21:31:09.002] - eth_getBalance
[2021/01/24 21:31:09.100] - eth_getTransactionCount
[2021/01/24 21:31:09.205] - eth_getBalance
[2021/01/24 21:31:09.324] - eth_getTransactionCount
[2021/01/24 21:31:09.412] - eth_getBalance
[2021/01/24 21:31:09.596] - eth_getTransactionCount
[2021/01/24 21:31:09.755] - eth_getBalance
[2021/01/24 21:31:09.965] - eth_getTransactionCount
[2021/01/24 21:31:10.164] - eth_getBalance
[2021/01/24 21:31:10.316] - eth_getTransactionCount
[2021/01/24 21:31:10.571] - eth_getBalance
[2021/01/24 21:31:10.772] - eth_getTransactionCount
[2021/01/24 21:31:10.925] - eth_getBalance
[2021/01/24 21:31:11.084] - eth_getTransactionCount
[2021/01/24 21:31:11.281] - eth_getBalance
[2021/01/24 21:31:11.474] - eth_getTransactionCount
[2021/01/24 21:31:11.638] - eth_getBalance
[2021/01/24 21:31:11.817] - eth_getTransactionCount
[2021/01/24 21:31:11.978] - eth_getBalance
[2021/01/24 21:31:12.085] - eth_getTransactionCount
[2021/01/24 21:31:12.243] - eth_getBalance
[2021/01/24 21:31:12.426] - eth_getTransactionCount
[2021/01/24 21:31:12.678] - eth_getBalance
[2021/01/24 21:31:12.806] - eth_getTransactionCount
[2021/01/24 21:31:12.887] - eth_getBalance
[2021/01/24 21:31:13.046] - eth_getTransactionCount
[2021/01/24 21:31:13.216] - eth_getBalance
[2021/01/24 21:31:13.334] - eth_getTransactionCount
[2021/01/24 21:31:13.426] - eth_getBalance
[2021/01/24 21:31:13.544] - eth_getTransactionCount
[2021/01/24 21:31:13.648] - eth_getBalance
[2021/01/24 21:31:13.801] - eth_getTransactionCount
[2021/01/24 21:31:13.928] - eth_getBalance
[2021/01/24 21:31:14.144] - eth_getTransactionCount
[2021/01/24 21:31:14.351] - eth_getBalance
[2021/01/24 21:31:14.508] - eth_getTransactionCount
[2021/01/24 21:31:14.714] - eth_getBalance
[2021/01/24 21:31:14.917] - eth_getTransactionCount
[2021/01/24 21:31:15.129] - eth_getBalance
[2021/01/24 21:31:15.365] - eth_getTransactionCount
[2021/01/24 21:31:15.508] - eth_getBalance
[2021/01/24 21:31:15.637] - eth_getTransactionCount
[2021/01/24 21:31:15.769] - eth_getBalance
[2021/01/24 21:31:16.008] - eth_getTransactionCount
[2021/01/24 21:31:16.184] - eth_getBalance
[2021/01/24 21:31:16.364] - eth_getTransactionCount
[2021/01/24 21:31:16.593] - eth_getBalance
[2021/01/24 21:31:16.761] - eth_getTransactionCount
[2021/01/24 21:31:17.043] - eth_getBalance
[2021/01/24 21:31:17.217] - eth_getTransactionCount
[2021/01/24 21:31:17.443] - eth_getBalance
[2021/01/24 21:31:17.624] - eth_getTransactionCount
[2021/01/24 21:31:17.741] - eth_getBalance
[2021/01/24 21:31:17.879] - eth_getTransactionCount
[2021/01/24 21:31:18.010] - eth_getBalance
[2021/01/24 21:31:18.162] - eth_getTransactionCount
[2021/01/24 21:31:18.385] - eth_getBalance
[2021/01/24 21:31:18.579] - eth_getTransactionCount
[2021/01/24 21:31:18.770] - eth_getBalance
[2021/01/24 21:31:19.018] - eth_getTransactionCount
[2021/01/24 21:31:19.228] - eth_getBalance
[2021/01/24 21:31:19.395] - eth_getTransactionCount
[2021/01/24 21:31:19.519] - eth_getBalance
[2021/01/24 21:31:19.647] - eth_getTransactionCount
[2021/01/24 21:31:19.787] - eth_getBalance
[2021/01/24 21:31:19.982] - eth_getTransactionCount
[2021/01/24 21:31:20.163] - eth_getBalance
[2021/01/24 21:31:20.276] - eth_getTransactionCount
[2021/01/24 21:31:20.407] - eth_getBalance
[2021/01/24 21:31:20.629] - eth_getTransactionCount
[2021/01/24 21:39:32.239] - eth_unsubscribe
[2021/01/24 21:39:32.306] - eth_unsubscribe
