[2021/01/25 21:45:19.629] - Starting server with initial configuration: {"gasLimit":6721975,"gasPrice":20000000000,"hardfork":"muirGlacier","hostname":"0.0.0.0","port":60000,"network_id":1121,"default_balance_ether":100000000,"total_accounts":90,"unlocked_accounts":[],"locked":false,"vmErrorsOnRPCResponse":true,"verbose":false,"db_path":"C:\\Users\\bilal\\AppData\\Roaming\\Ganache\\workspaces\\The-Blockchain-of-Hallie-Mill-Rd\\chaindata","logDirectory":"C:\\Users\\bilal\\OneDrive\\Documents\\GitHub\\Solidity-Files\\Ganache Log Files"}
[2021/01/25 21:45:21.335] - eth_subscribe
[2021/01/25 21:45:21.342] - eth_getLogs
[2021/01/25 21:45:21.350] - eth_subscribe
[2021/01/25 21:45:21.553] - eth_subscribe
[2021/01/25 21:45:21.558] - eth_getLogs
[2021/01/25 21:45:21.564] - eth_subscribe
[2021/01/25 21:45:21.931] - eth_blockNumber
[2021/01/25 21:45:21.938] - eth_accounts
[2021/01/25 21:45:21.945] - eth_gasPrice
[2021/01/25 21:45:21.951] - eth_blockNumber
[2021/01/25 21:45:21.956] - eth_getBlockByNumber
[2021/01/25 21:45:21.961] - eth_accounts
[2021/01/25 21:45:21.968] - eth_subscribe
[2021/01/25 21:45:21.973] - eth_gasPrice
[2021/01/25 21:45:21.980] - eth_getBlockByNumber
[2021/01/25 21:45:21.987] - eth_subscribe
[2021/01/25 21:45:22.020] - eth_accounts
[2021/01/25 21:45:22.475] - eth_getBalance
[2021/01/25 21:45:22.543] - eth_getTransactionCount
[2021/01/25 21:45:22.585] - eth_getBalance
[2021/01/25 21:45:22.649] - eth_getTransactionCount
[2021/01/25 21:45:22.715] - eth_getBalance
[2021/01/25 21:45:22.764] - eth_getTransactionCount
[2021/01/25 21:45:22.873] - eth_getBalance
[2021/01/25 21:45:22.914] - eth_getTransactionCount
[2021/01/25 21:45:22.971] - eth_getBalance
[2021/01/25 21:45:23.016] - eth_getTransactionCount
[2021/01/25 21:45:23.064] - eth_getBalance
[2021/01/25 21:45:23.103] - eth_getTransactionCount
[2021/01/25 21:45:23.153] - eth_getBalance
[2021/01/25 21:45:23.190] - eth_getTransactionCount
[2021/01/25 21:45:23.235] - eth_getBalance
[2021/01/25 21:45:23.274] - eth_getTransactionCount
[2021/01/25 21:45:23.318] - eth_getBalance
[2021/01/25 21:45:23.374] - eth_getTransactionCount
[2021/01/25 21:45:23.435] - eth_getBalance
[2021/01/25 21:45:23.474] - eth_getTransactionCount
[2021/01/25 21:45:23.525] - eth_getBalance
[2021/01/25 21:45:23.577] - eth_getTransactionCount
[2021/01/25 21:45:24.276] - eth_getBalance
[2021/01/25 21:45:24.281] - eth_getTransactionCount
[2021/01/25 21:45:24.287] - eth_getBalance
[2021/01/25 21:45:24.292] - eth_getTransactionCount
[2021/01/25 21:45:24.297] - eth_getBalance
[2021/01/25 21:45:24.302] - eth_getTransactionCount
[2021/01/25 21:45:24.307] - eth_getBalance
[2021/01/25 21:45:24.312] - eth_getTransactionCount
[2021/01/25 21:45:24.317] - eth_getBalance
[2021/01/25 21:45:24.322] - eth_getTransactionCount
[2021/01/25 21:45:24.327] - eth_getBalance
[2021/01/25 21:45:24.332] - eth_getTransactionCount
[2021/01/25 21:45:24.338] - eth_getBalance
[2021/01/25 21:45:24.342] - eth_getTransactionCount
[2021/01/25 21:45:24.350] - eth_getBalance
[2021/01/25 21:45:24.354] - eth_getTransactionCount
[2021/01/25 21:45:24.362] - eth_getBalance
[2021/01/25 21:45:24.460] - eth_getTransactionCount
[2021/01/25 21:45:24.466] - eth_getBalance
[2021/01/25 21:45:24.471] - eth_getTransactionCount
[2021/01/25 21:45:24.476] - eth_getBalance
[2021/01/25 21:45:24.480] - eth_getTransactionCount
[2021/01/25 21:45:24.485] - eth_getBalance
[2021/01/25 21:45:24.489] - eth_getTransactionCount
[2021/01/25 21:45:24.494] - eth_getBalance
[2021/01/25 21:45:24.499] - eth_getTransactionCount
[2021/01/25 21:45:24.507] - eth_getBalance
[2021/01/25 21:45:24.522] - eth_getTransactionCount
[2021/01/25 21:45:24.526] - eth_getBalance
[2021/01/25 21:45:24.530] - eth_getTransactionCount
[2021/01/25 21:45:24.535] - eth_getBalance
[2021/01/25 21:45:24.539] - eth_getTransactionCount
[2021/01/25 21:45:24.546] - eth_getBalance
[2021/01/25 21:45:24.592] - eth_getTransactionCount
[2021/01/25 21:45:24.614] - eth_getBalance
[2021/01/25 21:45:24.637] - eth_getTransactionCount
[2021/01/25 21:45:24.671] - eth_getBalance
[2021/01/25 21:45:24.705] - eth_getTransactionCount
[2021/01/25 21:45:24.726] - eth_getBalance
[2021/01/25 21:45:24.752] - eth_getTransactionCount
[2021/01/25 21:45:24.782] - eth_getBalance
[2021/01/25 21:45:24.812] - eth_getTransactionCount
[2021/01/25 21:45:24.871] - eth_getBalance
[2021/01/25 21:45:24.902] - eth_getTransactionCount
[2021/01/25 21:45:24.962] - eth_getBalance
[2021/01/25 21:45:25.004] - eth_getTransactionCount
[2021/01/25 21:45:25.068] - eth_getBalance
[2021/01/25 21:45:25.114] - eth_getTransactionCount
[2021/01/25 21:45:25.158] - eth_getBalance
[2021/01/25 21:45:25.199] - eth_getTransactionCount
[2021/01/25 21:45:25.237] - eth_getBalance
[2021/01/25 21:45:25.275] - eth_getTransactionCount
[2021/01/25 21:45:25.319] - eth_getBalance
[2021/01/25 21:45:25.369] - eth_getTransactionCount
[2021/01/25 21:45:25.412] - eth_getBalance
[2021/01/25 21:45:25.454] - eth_getTransactionCount
[2021/01/25 21:45:25.482] - eth_getBalance
[2021/01/25 21:45:25.523] - eth_getTransactionCount
[2021/01/25 21:45:25.563] - eth_getBalance
[2021/01/25 21:45:25.614] - eth_getTransactionCount
[2021/01/25 21:45:25.648] - eth_getBalance
[2021/01/25 21:45:25.686] - eth_getTransactionCount
[2021/01/25 21:45:25.722] - eth_getBalance
[2021/01/25 21:45:25.755] - eth_getTransactionCount
[2021/01/25 21:45:25.795] - eth_getBalance
[2021/01/25 21:45:25.855] - eth_getTransactionCount
[2021/01/25 21:45:25.887] - eth_getBalance
[2021/01/25 21:45:25.925] - eth_getTransactionCount
[2021/01/25 21:45:25.958] - eth_getBalance
[2021/01/25 21:45:25.990] - eth_getTransactionCount
[2021/01/25 21:45:26.018] - eth_getBalance
[2021/01/25 21:45:26.054] - eth_getTransactionCount
[2021/01/25 21:45:26.081] - eth_getBalance
[2021/01/25 21:45:26.123] - eth_getTransactionCount
[2021/01/25 21:45:26.153] - eth_getBalance
[2021/01/25 21:45:26.178] - eth_getTransactionCount
[2021/01/25 21:45:26.203] - eth_getBalance
[2021/01/25 21:45:26.229] - eth_getTransactionCount
[2021/01/25 21:45:26.280] - eth_getBalance
[2021/01/25 21:45:26.317] - eth_getTransactionCount
[2021/01/25 21:45:26.351] - eth_getBalance
[2021/01/25 21:45:26.380] - eth_getTransactionCount
[2021/01/25 21:45:26.416] - eth_getBalance
[2021/01/25 21:45:26.463] - eth_getTransactionCount
[2021/01/25 21:45:26.517] - eth_getBalance
[2021/01/25 21:45:26.562] - eth_getTransactionCount
[2021/01/25 21:45:26.608] - eth_getBalance
[2021/01/25 21:45:26.654] - eth_getTransactionCount
[2021/01/25 21:45:26.689] - eth_getBalance
[2021/01/25 21:45:26.733] - eth_getTransactionCount
[2021/01/25 21:45:26.765] - eth_getBalance
[2021/01/25 21:45:26.806] - eth_getTransactionCount
[2021/01/25 21:45:26.865] - eth_getBalance
[2021/01/25 21:45:26.919] - eth_getTransactionCount
[2021/01/25 21:45:26.944] - eth_getBalance
[2021/01/25 21:45:26.997] - eth_getTransactionCount
[2021/01/25 21:45:27.019] - eth_getBalance
[2021/01/25 21:45:27.057] - eth_getTransactionCount
[2021/01/25 21:45:27.090] - eth_getBalance
[2021/01/25 21:45:27.119] - eth_getTransactionCount
[2021/01/25 21:45:27.159] - eth_getBalance
[2021/01/25 21:45:27.188] - eth_getTransactionCount
[2021/01/25 21:45:27.218] - eth_getBalance
[2021/01/25 21:45:27.254] - eth_getTransactionCount
[2021/01/25 21:45:27.293] - eth_getBalance
[2021/01/25 21:45:27.324] - eth_getTransactionCount
[2021/01/25 21:45:27.363] - eth_getBalance
[2021/01/25 21:45:27.392] - eth_getTransactionCount
[2021/01/25 21:45:27.428] - eth_getBalance
[2021/01/25 21:45:27.463] - eth_getTransactionCount
[2021/01/25 21:45:27.504] - eth_getBalance
[2021/01/25 21:45:27.542] - eth_getTransactionCount
[2021/01/25 21:45:27.594] - eth_getBalance
[2021/01/25 21:45:27.636] - eth_getTransactionCount
[2021/01/25 21:45:27.667] - eth_getBalance
[2021/01/25 21:45:27.695] - eth_getTransactionCount
[2021/01/25 21:45:27.719] - eth_getBalance
[2021/01/25 21:45:27.743] - eth_getTransactionCount
[2021/01/25 21:45:27.767] - eth_getBalance
[2021/01/25 21:45:27.791] - eth_getTransactionCount
[2021/01/25 21:45:27.829] - eth_getBalance
[2021/01/25 21:45:28.052] - eth_getTransactionCount
[2021/01/25 21:45:28.055] - eth_getBalance
[2021/01/25 21:45:28.058] - eth_getTransactionCount
[2021/01/25 21:45:28.062] - eth_getBalance
[2021/01/25 21:45:28.066] - eth_getTransactionCount
[2021/01/25 21:45:28.072] - eth_getBalance
[2021/01/25 21:45:28.076] - eth_getTransactionCount
[2021/01/25 21:45:28.080] - eth_getBalance
[2021/01/25 21:45:28.109] - eth_getTransactionCount
[2021/01/25 21:45:28.146] - eth_getBalance
[2021/01/25 21:45:28.178] - eth_getTransactionCount
[2021/01/25 21:45:28.213] - eth_getBalance
[2021/01/25 21:45:28.251] - eth_getTransactionCount
[2021/01/25 21:45:28.286] - eth_getBalance
[2021/01/25 21:45:28.318] - eth_getTransactionCount
[2021/01/25 21:45:28.348] - eth_getBalance
[2021/01/25 21:45:28.378] - eth_getTransactionCount
[2021/01/25 21:45:28.418] - eth_getBalance
[2021/01/25 21:45:28.459] - eth_getTransactionCount
[2021/01/25 21:45:28.508] - eth_getBalance
[2021/01/25 21:45:28.539] - eth_getTransactionCount
[2021/01/25 21:45:28.584] - eth_getBalance
[2021/01/25 21:45:28.615] - eth_getTransactionCount
[2021/01/25 21:45:28.641] - eth_getBalance
[2021/01/25 21:45:28.679] - eth_getTransactionCount
[2021/01/25 21:45:28.719] - eth_getBalance
[2021/01/25 21:45:28.764] - eth_getTransactionCount
[2021/01/25 21:45:28.811] - eth_getBalance
[2021/01/25 21:45:28.845] - eth_getTransactionCount
[2021/01/25 21:45:28.879] - eth_getBalance
[2021/01/25 21:45:28.908] - eth_getTransactionCount
[2021/01/25 21:45:28.945] - eth_getBalance
[2021/01/25 21:45:29.001] - eth_getTransactionCount
[2021/01/25 21:45:29.055] - eth_getBalance
[2021/01/25 21:45:29.083] - eth_getTransactionCount
[2021/01/25 21:45:29.112] - eth_getBalance
[2021/01/25 21:45:29.149] - eth_getTransactionCount
[2021/01/25 21:45:29.230] - eth_getBalance
[2021/01/25 21:45:29.264] - eth_getTransactionCount
[2021/01/25 21:45:29.291] - eth_getBalance
[2021/01/25 21:45:29.327] - eth_getTransactionCount
[2021/01/25 21:45:29.393] - eth_getBalance
[2021/01/25 21:45:29.420] - eth_getTransactionCount
[2021/01/25 21:45:29.451] - eth_getBalance
[2021/01/25 21:45:29.553] - eth_getTransactionCount
[2021/01/25 21:45:29.665] - eth_getBalance
[2021/01/25 21:45:29.764] - eth_getTransactionCount
[2021/01/25 21:45:29.768] - eth_getBalance
[2021/01/25 21:45:29.803] - eth_getTransactionCount
[2021/01/25 21:45:29.860] - eth_getBalance
[2021/01/25 21:45:29.913] - eth_getTransactionCount
[2021/01/25 21:45:29.961] - eth_getBalance
[2021/01/25 21:45:30.013] - eth_getTransactionCount
[2021/01/25 21:45:30.050] - eth_getBalance
[2021/01/25 21:45:30.083] - eth_getTransactionCount
[2021/01/25 21:45:30.118] - eth_getBalance
[2021/01/25 21:45:30.154] - eth_getTransactionCount
[2021/01/25 21:45:30.180] - eth_getBalance
[2021/01/25 21:45:30.206] - eth_getTransactionCount
[2021/01/25 21:45:30.236] - eth_getBalance
[2021/01/25 21:45:30.261] - eth_getTransactionCount
[2021/01/25 21:45:30.284] - eth_getBalance
[2021/01/25 21:45:30.311] - eth_getTransactionCount
[2021/01/25 21:45:30.616] - eth_getBalance
[2021/01/25 21:45:30.620] - eth_getTransactionCount
[2021/01/25 21:45:30.627] - eth_getBalance
[2021/01/25 21:45:30.631] - eth_getTransactionCount
[2021/01/25 21:45:30.638] - eth_getBalance
[2021/01/25 21:45:30.643] - eth_getTransactionCount
[2021/01/25 21:45:30.647] - eth_getBalance
[2021/01/25 21:45:30.651] - eth_getTransactionCount
[2021/01/25 21:45:30.655] - eth_getBalance
[2021/01/25 21:45:30.659] - eth_getTransactionCount
[2021/01/25 21:45:30.663] - eth_getBalance
[2021/01/25 21:45:30.668] - eth_getTransactionCount
[2021/01/25 21:45:30.672] - eth_getBalance
[2021/01/25 21:45:30.676] - eth_getTransactionCount
[2021/01/25 21:45:30.702] - eth_getBalance
[2021/01/25 21:45:30.728] - eth_getTransactionCount
[2021/01/25 21:45:30.753] - eth_getBalance
[2021/01/25 21:45:30.780] - eth_getTransactionCount
[2021/01/25 21:45:30.810] - eth_getBalance
[2021/01/25 21:45:30.855] - eth_getTransactionCount
[2021/01/25 21:45:30.888] - eth_getBalance
[2021/01/25 21:45:30.925] - eth_getTransactionCount
[2021/01/25 21:45:30.954] - eth_getBalance
[2021/01/25 21:45:30.986] - eth_getTransactionCount
[2021/01/25 21:45:31.013] - eth_getBalance
[2021/01/25 21:45:31.041] - eth_getTransactionCount
[2021/01/25 21:45:31.081] - eth_getBalance
[2021/01/25 21:45:31.111] - eth_getTransactionCount
[2021/01/25 21:45:31.149] - eth_getBalance
[2021/01/25 21:45:31.180] - eth_getTransactionCount
[2021/01/25 21:45:31.209] - eth_getBalance
[2021/01/25 21:45:31.238] - eth_getTransactionCount
[2021/01/25 21:45:31.265] - eth_getBalance
[2021/01/25 21:45:31.293] - eth_getTransactionCount
[2021/01/25 21:45:31.316] - eth_getBalance
[2021/01/25 21:45:31.341] - eth_getTransactionCount
[2021/01/25 21:45:31.368] - eth_getBalance
[2021/01/25 21:45:31.399] - eth_getTransactionCount
[2021/01/25 21:45:31.423] - eth_getBalance
[2021/01/25 21:45:31.452] - eth_getTransactionCount
[2021/01/25 21:45:32.224] - eth_getBalance
[2021/01/25 21:45:32.229] - eth_getTransactionCount
[2021/01/25 21:45:32.234] - eth_getBalance
[2021/01/25 21:45:32.239] - eth_getTransactionCount
[2021/01/25 21:45:32.243] - eth_getBalance
[2021/01/25 21:45:32.249] - eth_getTransactionCount
[2021/01/25 21:45:32.253] - eth_getBalance
[2021/01/25 21:45:32.257] - eth_getTransactionCount
[2021/01/25 21:45:32.261] - eth_getBalance
[2021/01/25 21:45:32.265] - eth_getTransactionCount
[2021/01/25 21:45:32.270] - eth_getBalance
[2021/01/25 21:45:32.274] - eth_getTransactionCount
[2021/01/25 21:45:32.291] - eth_getBalance
[2021/01/25 21:45:32.296] - eth_getTransactionCount
[2021/01/25 21:45:32.300] - eth_getBalance
[2021/01/25 21:45:32.304] - eth_getTransactionCount
[2021/01/25 21:45:32.307] - eth_getBalance
[2021/01/25 21:45:32.310] - eth_getTransactionCount
[2021/01/25 21:45:32.313] - eth_getBalance
[2021/01/25 21:45:32.317] - eth_getTransactionCount
[2021/01/25 21:45:32.321] - eth_getBalance
[2021/01/25 21:45:32.325] - eth_getTransactionCount
[2021/01/25 21:45:32.328] - eth_getBalance
[2021/01/25 21:45:32.332] - eth_getTransactionCount
[2021/01/25 21:45:32.336] - eth_getBalance
[2021/01/25 21:45:32.340] - eth_getTransactionCount
[2021/01/25 21:45:32.344] - eth_getBalance
[2021/01/25 21:45:32.347] - eth_getTransactionCount
[2021/01/25 21:45:32.350] - eth_getBalance
[2021/01/25 21:45:32.356] - eth_getTransactionCount
[2021/01/25 21:45:32.360] - eth_getBalance
[2021/01/25 21:45:32.363] - eth_getTransactionCount
[2021/01/25 21:45:32.367] - eth_getBalance
[2021/01/25 21:45:32.379] - eth_getTransactionCount
[2021/01/25 21:45:32.407] - eth_getBalance
[2021/01/25 21:45:32.432] - eth_getTransactionCount
[2021/01/25 21:45:32.457] - eth_getBalance
[2021/01/25 21:45:32.562] - eth_getTransactionCount
[2021/01/25 21:45:32.568] - eth_getBalance
[2021/01/25 21:45:32.616] - eth_getTransactionCount
[2021/01/25 21:45:32.678] - eth_getBalance
[2021/01/25 21:45:32.710] - eth_getTransactionCount
[2021/01/25 21:45:32.737] - eth_getBalance
[2021/01/25 21:45:32.792] - eth_getTransactionCount
[2021/01/25 21:45:32.835] - eth_getBalance
[2021/01/25 21:45:32.885] - eth_getTransactionCount
[2021/01/25 21:45:32.925] - eth_getBalance
[2021/01/25 21:45:33.010] - eth_getTransactionCount
[2021/01/25 21:45:33.084] - eth_getBalance
[2021/01/25 21:45:33.125] - eth_getTransactionCount
[2021/01/25 21:45:33.186] - eth_getBalance
[2021/01/25 21:45:33.234] - eth_getTransactionCount
[2021/01/25 21:45:33.267] - eth_getBalance
[2021/01/25 21:45:33.409] - eth_getTransactionCount
[2021/01/25 21:45:33.412] - eth_getBalance
[2021/01/25 21:45:33.419] - eth_getTransactionCount
[2021/01/25 21:45:33.423] - eth_getBalance
[2021/01/25 21:45:33.427] - eth_getTransactionCount
[2021/01/25 21:45:33.438] - eth_getBalance
[2021/01/25 21:45:33.484] - eth_getTransactionCount
[2021/01/25 21:45:33.515] - eth_getBalance
[2021/01/25 21:45:33.548] - eth_getTransactionCount
[2021/01/25 21:45:33.583] - eth_getBalance
[2021/01/25 21:45:33.622] - eth_getTransactionCount
[2021/01/25 21:45:33.657] - eth_getBalance
[2021/01/25 21:45:33.695] - eth_getTransactionCount
[2021/01/25 21:45:33.726] - eth_getBalance
[2021/01/25 21:45:33.767] - eth_getTransactionCount
[2021/01/25 21:45:33.808] - eth_getBalance
[2021/01/25 21:45:33.847] - eth_getTransactionCount
[2021/01/25 21:45:33.895] - eth_getBalance
[2021/01/25 21:45:33.940] - eth_getTransactionCount
[2021/01/25 21:45:33.983] - eth_getBalance
[2021/01/25 21:45:34.014] - eth_getTransactionCount
[2021/01/25 21:45:34.053] - eth_getBalance
[2021/01/25 21:45:34.089] - eth_getTransactionCount
[2021/01/25 21:45:34.134] - eth_getBalance
[2021/01/25 21:45:34.173] - eth_getTransactionCount
[2021/01/25 21:45:34.220] - eth_getBalance
[2021/01/25 21:45:34.250] - eth_getTransactionCount
[2021/01/25 21:45:34.287] - eth_getBalance
[2021/01/25 21:45:34.324] - eth_getTransactionCount
[2021/01/25 21:45:34.358] - eth_getBalance
[2021/01/25 21:45:34.400] - eth_getTransactionCount
[2021/01/25 21:45:34.451] - eth_getBalance
[2021/01/25 21:45:34.486] - eth_getTransactionCount
[2021/01/25 21:45:34.512] - eth_getBalance
[2021/01/25 21:45:34.552] - eth_getTransactionCount
[2021/01/25 21:45:34.590] - eth_getBalance
[2021/01/25 21:45:34.656] - eth_getTransactionCount
[2021/01/25 21:45:34.695] - eth_getBalance
[2021/01/25 21:45:34.733] - eth_getTransactionCount
[2021/01/25 21:45:34.761] - eth_getBalance
[2021/01/25 21:45:34.788] - eth_getTransactionCount
[2021/01/25 21:45:34.811] - eth_getBalance
[2021/01/25 21:45:34.844] - eth_getTransactionCount
[2021/01/25 21:45:34.889] - eth_getBalance
[2021/01/25 21:45:34.936] - eth_getTransactionCount
[2021/01/25 21:45:35.002] - eth_getBalance
[2021/01/25 21:45:35.041] - eth_getTransactionCount
[2021/01/25 21:45:35.081] - eth_getBalance
[2021/01/25 21:45:35.122] - eth_getTransactionCount
[2021/01/25 21:45:35.163] - eth_getBalance
[2021/01/25 21:45:35.192] - eth_getTransactionCount
[2021/01/25 21:45:35.227] - eth_getBalance
[2021/01/25 21:45:35.274] - eth_getTransactionCount
[2021/01/25 21:45:35.308] - eth_getBalance
[2021/01/25 21:45:35.349] - eth_getTransactionCount
[2021/01/25 21:45:35.387] - eth_getBalance
[2021/01/25 21:45:35.422] - eth_getTransactionCount
[2021/01/25 21:45:35.454] - eth_getBalance
[2021/01/25 21:45:35.487] - eth_getTransactionCount
[2021/01/25 21:45:35.520] - eth_getBalance
[2021/01/25 21:45:35.546] - eth_getTransactionCount
[2021/01/25 21:45:35.580] - eth_getBalance
[2021/01/25 21:45:35.614] - eth_getTransactionCount
[2021/01/25 21:45:35.655] - eth_getBalance
[2021/01/25 21:45:35.694] - eth_getTransactionCount
[2021/01/25 21:45:35.731] - eth_getBalance
[2021/01/25 21:45:35.758] - eth_getTransactionCount
[2021/01/25 21:45:35.784] - eth_getBalance
[2021/01/25 21:45:35.811] - eth_getTransactionCount
[2021/01/25 21:45:35.838] - eth_getBalance
[2021/01/25 21:45:35.864] - eth_getTransactionCount
[2021/01/25 21:45:35.896] - eth_getBalance
[2021/01/25 21:45:35.935] - eth_getTransactionCount
[2021/01/25 21:45:35.979] - eth_getBalance
[2021/01/25 21:45:36.037] - eth_getTransactionCount
[2021/01/25 21:45:36.053] - eth_getBalance
[2021/01/25 21:45:36.075] - eth_getTransactionCount
[2021/01/25 21:45:36.103] - eth_getBalance
[2021/01/25 21:45:36.135] - eth_getTransactionCount
[2021/01/25 21:45:36.166] - eth_getBalance
[2021/01/25 21:45:36.194] - eth_getTransactionCount
[2021/01/25 21:45:36.312] - eth_getBalance
[2021/01/25 21:45:36.357] - eth_getTransactionCount
[2021/01/25 21:45:36.432] - eth_getBalance
[2021/01/25 21:45:36.471] - eth_getTransactionCount
[2021/01/25 21:45:36.474] - eth_getBalance
[2021/01/25 21:45:36.496] - eth_getTransactionCount
[2021/01/25 21:45:36.526] - eth_getBalance
[2021/01/25 21:45:36.556] - eth_getTransactionCount
[2021/01/25 21:45:36.581] - eth_getBalance
[2021/01/25 21:45:36.610] - eth_getTransactionCount
[2021/01/25 21:45:36.635] - eth_getBalance
[2021/01/25 21:45:36.672] - eth_getTransactionCount
[2021/01/25 21:45:36.708] - eth_getBalance
[2021/01/25 21:45:36.740] - eth_getTransactionCount
[2021/01/25 21:45:36.775] - eth_getBalance
[2021/01/25 21:45:36.801] - eth_getTransactionCount
[2021/01/25 21:45:36.849] - eth_getBalance
[2021/01/25 21:45:36.889] - eth_getTransactionCount
[2021/01/25 21:45:36.923] - eth_getBalance
[2021/01/25 21:45:36.978] - eth_getTransactionCount
[2021/01/25 21:45:37.019] - eth_getBalance
[2021/01/25 21:45:37.057] - eth_getTransactionCount
[2021/01/25 21:45:37.090] - eth_getBalance
[2021/01/25 21:45:37.124] - eth_getTransactionCount
[2021/01/25 21:45:37.168] - eth_getBalance
[2021/01/25 21:45:37.217] - eth_getTransactionCount
[2021/01/25 21:45:37.258] - eth_getBalance
[2021/01/25 21:45:37.296] - eth_getTransactionCount
[2021/01/25 21:45:37.336] - eth_getBalance
[2021/01/25 21:45:37.366] - eth_getTransactionCount
[2021/01/25 21:45:37.399] - eth_getBalance
[2021/01/25 21:45:37.425] - eth_getTransactionCount
[2021/01/25 21:45:37.454] - eth_getBalance
[2021/01/25 21:45:37.483] - eth_getTransactionCount
[2021/01/25 21:45:37.511] - eth_getBalance
[2021/01/25 21:45:37.541] - eth_getTransactionCount
[2021/01/25 21:45:37.571] - eth_getBalance
[2021/01/25 21:45:37.606] - eth_getTransactionCount
[2021/01/25 21:45:37.645] - eth_getBalance
[2021/01/25 21:45:37.681] - eth_getTransactionCount
[2021/01/25 21:45:37.725] - eth_getBalance
[2021/01/25 21:45:37.787] - eth_getTransactionCount
[2021/01/25 21:45:37.811] - eth_getBalance
[2021/01/25 21:45:37.846] - eth_getTransactionCount
[2021/01/25 21:45:37.872] - eth_getBalance
[2021/01/25 21:45:37.905] - eth_getTransactionCount
[2021/01/25 21:45:37.938] - eth_getBalance
[2021/01/25 21:45:37.986] - eth_getTransactionCount
[2021/01/25 21:45:38.017] - eth_getBalance
[2021/01/25 21:45:38.057] - eth_getTransactionCount
[2021/01/25 21:45:38.112] - eth_getBalance
[2021/01/25 21:45:38.158] - eth_getTransactionCount
[2021/01/25 21:45:38.201] - eth_getBalance
[2021/01/25 21:45:38.243] - eth_getTransactionCount
[2021/01/25 21:45:38.292] - eth_getBalance
[2021/01/25 21:45:38.327] - eth_getTransactionCount
[2021/01/25 21:45:38.355] - eth_getBalance
[2021/01/25 21:45:38.398] - eth_getTransactionCount
[2021/01/25 21:45:38.441] - eth_getBalance
[2021/01/25 21:45:38.474] - eth_getTransactionCount
[2021/01/25 21:45:38.513] - eth_getBalance
[2021/01/25 21:45:38.549] - eth_getTransactionCount
[2021/01/25 21:45:38.584] - eth_getBalance
[2021/01/25 21:45:38.615] - eth_getTransactionCount
[2021/01/25 21:45:38.652] - eth_getBalance
[2021/01/25 21:45:38.694] - eth_getTransactionCount
[2021/01/25 21:45:38.732] - eth_getBalance
[2021/01/25 21:45:38.778] - eth_getTransactionCount
[2021/01/25 21:45:38.821] - eth_getBalance
[2021/01/25 21:45:38.853] - eth_getTransactionCount
[2021/01/25 21:45:38.899] - eth_getBalance
[2021/01/25 21:45:38.940] - eth_getTransactionCount
[2021/01/25 21:45:38.980] - eth_getBalance
[2021/01/25 21:45:39.016] - eth_getTransactionCount
[2021/01/25 21:45:39.051] - eth_getBalance
[2021/01/25 21:45:39.095] - eth_getTransactionCount
[2021/01/25 21:45:39.139] - eth_getBalance
[2021/01/25 21:45:39.176] - eth_getTransactionCount
[2021/01/25 21:45:39.219] - eth_getBalance
[2021/01/25 21:45:39.268] - eth_getTransactionCount
[2021/01/25 21:45:39.298] - eth_getBalance
[2021/01/25 21:45:39.328] - eth_getTransactionCount
[2021/01/25 21:45:39.369] - eth_getBalance
[2021/01/25 21:45:39.408] - eth_getTransactionCount
[2021/01/25 21:45:39.448] - eth_getBalance
[2021/01/25 21:45:39.482] - eth_getTransactionCount
[2021/01/25 21:45:39.521] - eth_getBalance
[2021/01/25 21:45:39.560] - eth_getTransactionCount
[2021/01/25 21:45:39.591] - eth_getBalance
[2021/01/25 21:45:39.623] - eth_getTransactionCount
[2021/01/25 21:45:39.653] - eth_getBalance
[2021/01/25 21:45:39.688] - eth_getTransactionCount
[2021/01/25 21:45:39.723] - eth_getBalance
[2021/01/25 21:45:39.749] - eth_getTransactionCount
[2021/01/25 21:45:39.775] - eth_getBalance
[2021/01/25 21:45:39.803] - eth_getTransactionCount
[2021/01/25 21:45:39.844] - eth_getBalance
[2021/01/25 21:45:39.883] - eth_getTransactionCount
[2021/01/25 21:45:39.934] - eth_getBalance
[2021/01/25 21:45:39.963] - eth_getTransactionCount
[2021/01/25 21:45:40.015] - eth_getBalance
[2021/01/25 21:45:40.062] - eth_getTransactionCount
[2021/01/25 21:45:40.100] - eth_getBalance
[2021/01/25 21:45:40.143] - eth_getTransactionCount
[2021/01/25 21:45:40.179] - eth_getBalance
[2021/01/25 21:45:40.218] - eth_getTransactionCount
[2021/01/25 21:45:40.261] - eth_getBalance
[2021/01/25 21:45:40.314] - eth_getTransactionCount
[2021/01/25 21:45:40.363] - eth_getBalance
[2021/01/25 21:45:40.408] - eth_getTransactionCount
[2021/01/25 21:45:40.450] - eth_getBalance
[2021/01/25 21:45:40.500] - eth_getTransactionCount
[2021/01/25 21:45:40.537] - eth_getBalance
[2021/01/25 21:45:40.568] - eth_getTransactionCount
[2021/01/25 21:45:40.603] - eth_getBalance
[2021/01/25 21:45:40.634] - eth_getTransactionCount
[2021/01/25 21:45:40.663] - eth_getBalance
[2021/01/25 21:45:40.697] - eth_getTransactionCount
[2021/01/25 21:45:40.729] - eth_getBalance
[2021/01/25 21:45:40.773] - eth_getTransactionCount
[2021/01/25 21:45:40.814] - eth_getBalance
[2021/01/25 21:45:40.848] - eth_getTransactionCount
[2021/01/25 21:45:40.886] - eth_getBalance
[2021/01/25 21:45:40.925] - eth_getTransactionCount
[2021/01/25 21:45:40.971] - eth_getBalance
[2021/01/25 21:45:41.014] - eth_getTransactionCount
[2021/01/25 21:45:41.052] - eth_getBalance
[2021/01/25 21:45:41.090] - eth_getTransactionCount
[2021/01/25 21:45:41.124] - eth_getBalance
[2021/01/25 21:45:41.157] - eth_getTransactionCount
[2021/01/25 21:45:41.187] - eth_getBalance
[2021/01/25 21:45:41.242] - eth_getTransactionCount
[2021/01/25 21:45:41.291] - eth_getBalance
[2021/01/25 21:45:41.347] - eth_getTransactionCount
[2021/01/25 21:45:41.384] - eth_getBalance
[2021/01/25 21:45:41.414] - eth_getTransactionCount
[2021/01/25 21:45:41.444] - eth_getBalance
[2021/01/25 21:45:41.473] - eth_getTransactionCount
[2021/01/25 21:45:41.504] - eth_getBalance
[2021/01/25 21:45:41.530] - eth_getTransactionCount
[2021/01/25 21:45:41.561] - eth_getBalance
[2021/01/25 21:45:41.597] - eth_getTransactionCount
[2021/01/25 21:45:41.635] - eth_getBalance
[2021/01/25 21:45:41.672] - eth_getTransactionCount
[2021/01/25 21:45:41.708] - eth_getBalance
[2021/01/25 21:45:41.740] - eth_getTransactionCount
[2021/01/25 21:45:41.777] - eth_getBalance
[2021/01/25 21:45:41.817] - eth_getTransactionCount
[2021/01/25 21:45:41.939] - eth_getBalance
[2021/01/25 21:45:41.943] - eth_getTransactionCount
[2021/01/25 21:45:41.952] - eth_getBalance
[2021/01/25 21:45:41.956] - eth_getTransactionCount
[2021/01/25 21:45:41.974] - eth_getBalance
[2021/01/25 21:45:42.038] - eth_getTransactionCount
[2021/01/25 21:45:42.097] - eth_getBalance
[2021/01/25 21:45:42.154] - eth_getTransactionCount
[2021/01/25 21:45:42.188] - eth_getBalance
[2021/01/25 21:45:42.225] - eth_getTransactionCount
[2021/01/25 21:45:42.269] - eth_getBalance
[2021/01/25 21:45:42.315] - eth_getTransactionCount
[2021/01/25 21:45:42.767] - eth_getBlockByNumber
[2021/01/25 21:45:43.065] - eth_getBalance
[2021/01/25 21:45:43.088] - eth_getTransactionCount
[2021/01/25 21:45:43.121] - eth_getBalance
[2021/01/25 21:45:43.174] - eth_getTransactionCount
[2021/01/25 21:45:43.179] - eth_getBalance
[2021/01/25 21:45:43.185] - eth_getTransactionCount
[2021/01/25 21:45:43.190] - eth_getBalance
[2021/01/25 21:45:43.195] - eth_getTransactionCount
[2021/01/25 21:45:43.571] - eth_getBalance
[2021/01/25 21:45:43.577] - eth_getTransactionCount
[2021/01/25 21:45:43.580] - eth_getBalance
[2021/01/25 21:45:43.584] - eth_getTransactionCount
[2021/01/25 21:45:43.591] - eth_getBalance
[2021/01/25 21:45:43.595] - eth_getTransactionCount
[2021/01/25 21:45:43.604] - eth_getBalance
[2021/01/25 21:45:43.622] - eth_getTransactionCount
[2021/01/25 21:45:43.629] - eth_getBalance
[2021/01/25 21:45:43.636] - eth_getTransactionCount
[2021/01/25 21:45:43.641] - eth_getBalance
[2021/01/25 21:45:43.653] - eth_getTransactionCount
[2021/01/25 21:45:43.658] - eth_getBalance
[2021/01/25 21:45:43.663] - eth_getTransactionCount
[2021/01/25 21:45:43.669] - eth_getBalance
[2021/01/25 21:45:43.674] - eth_getTransactionCount
[2021/01/25 21:45:43.679] - eth_getBalance
[2021/01/25 21:45:43.685] - eth_getTransactionCount
[2021/01/25 21:45:43.689] - eth_getBalance
[2021/01/25 21:45:43.695] - eth_getTransactionCount
[2021/01/25 21:45:43.703] - eth_getBalance
[2021/01/25 21:45:43.707] - eth_getTransactionCount
[2021/01/25 21:45:43.712] - eth_getBalance
[2021/01/25 21:45:43.718] - eth_getTransactionCount
[2021/01/25 21:45:43.724] - eth_getBalance
[2021/01/25 21:45:43.730] - eth_getTransactionCount
[2021/01/25 21:45:43.739] - eth_getBalance
[2021/01/25 21:45:43.743] - eth_getTransactionCount
[2021/01/25 21:45:43.749] - eth_getBalance
[2021/01/25 21:45:43.754] - eth_getTransactionCount
[2021/01/25 21:45:43.758] - eth_getBalance
[2021/01/25 21:45:43.762] - eth_getTransactionCount
[2021/01/25 21:45:43.769] - eth_getBalance
[2021/01/25 21:45:43.773] - eth_getTransactionCount
[2021/01/25 21:45:43.779] - eth_getBalance
[2021/01/25 21:45:43.784] - eth_getTransactionCount
[2021/01/25 21:45:43.790] - eth_getBalance
[2021/01/25 21:45:43.794] - eth_getTransactionCount
[2021/01/25 21:45:43.799] - eth_getBalance
[2021/01/25 21:45:43.803] - eth_getTransactionCount
[2021/01/25 21:45:43.808] - eth_getBalance
[2021/01/25 21:45:43.812] - eth_getTransactionCount
[2021/01/25 21:45:43.818] - eth_getBalance
[2021/01/25 21:45:43.824] - eth_getTransactionCount
[2021/01/25 21:45:43.830] - eth_getBalance
[2021/01/25 21:45:43.837] - eth_getTransactionCount
[2021/01/25 21:45:43.843] - eth_getBalance
[2021/01/25 21:45:43.848] - eth_getTransactionCount
[2021/01/25 21:45:43.853] - eth_getBalance
[2021/01/25 21:45:43.857] - eth_getTransactionCount
[2021/01/25 21:45:43.861] - eth_getBalance
[2021/01/25 21:45:43.866] - eth_getTransactionCount
[2021/01/25 21:45:43.869] - eth_getBalance
[2021/01/25 21:45:43.879] - eth_getTransactionCount
[2021/01/25 21:45:43.885] - eth_getBalance
[2021/01/25 21:45:43.889] - eth_getTransactionCount
[2021/01/25 21:45:43.892] - eth_getBalance
[2021/01/25 21:45:43.897] - eth_getTransactionCount
[2021/01/25 21:45:43.901] - eth_getBalance
[2021/01/25 21:45:43.906] - eth_getTransactionCount
[2021/01/25 21:45:43.909] - eth_getBalance
[2021/01/25 21:45:43.912] - eth_getTransactionCount
[2021/01/25 21:45:43.919] - eth_getBalance
[2021/01/25 21:45:43.925] - eth_getTransactionCount
[2021/01/25 21:45:43.930] - eth_getBalance
[2021/01/25 21:45:43.935] - eth_getTransactionCount
[2021/01/25 21:45:43.940] - eth_getBalance
[2021/01/25 21:45:43.945] - eth_getTransactionCount
[2021/01/25 21:45:43.952] - eth_getBalance
[2021/01/25 21:45:43.957] - eth_getTransactionCount
[2021/01/25 21:45:43.961] - eth_getBalance
[2021/01/25 21:45:43.968] - eth_getTransactionCount
[2021/01/25 21:45:43.972] - eth_getBalance
[2021/01/25 21:45:43.976] - eth_getTransactionCount
[2021/01/25 21:45:43.982] - eth_getBalance
[2021/01/25 21:45:43.987] - eth_getTransactionCount
[2021/01/25 21:45:43.992] - eth_getBalance
[2021/01/25 21:45:43.996] - eth_getTransactionCount
[2021/01/25 21:45:44.003] - eth_getBalance
[2021/01/25 21:45:44.008] - eth_getTransactionCount
[2021/01/25 21:45:44.031] - eth_getBalance
[2021/01/25 21:45:44.036] - eth_getTransactionCount
[2021/01/25 21:45:44.041] - eth_getBalance
[2021/01/25 21:45:44.045] - eth_getTransactionCount
[2021/01/25 21:45:44.050] - eth_getBalance
[2021/01/25 21:45:44.054] - eth_getTransactionCount
[2021/01/25 21:45:44.058] - eth_getBalance
[2021/01/25 21:45:44.062] - eth_getTransactionCount
[2021/01/25 21:45:44.067] - eth_getBalance
[2021/01/25 21:45:44.071] - eth_getTransactionCount
[2021/01/25 21:45:44.074] - eth_getBalance
[2021/01/25 21:45:44.077] - eth_getTransactionCount
[2021/01/25 21:45:44.081] - eth_getBalance
[2021/01/25 21:45:44.084] - eth_getTransactionCount
[2021/01/25 21:45:44.088] - eth_getBalance
[2021/01/25 21:45:44.091] - eth_getTransactionCount
[2021/01/25 21:45:44.094] - eth_getBalance
[2021/01/25 21:45:44.097] - eth_getTransactionCount
[2021/01/25 21:45:44.102] - eth_getBalance
[2021/01/25 21:45:44.106] - eth_getTransactionCount
[2021/01/25 21:45:44.111] - eth_getBalance
[2021/01/25 21:45:44.116] - eth_getTransactionCount
[2021/01/25 21:45:44.120] - eth_getBalance
[2021/01/25 21:45:44.123] - eth_getTransactionCount
[2021/01/25 21:45:44.127] - eth_getBalance
[2021/01/25 21:45:44.131] - eth_getTransactionCount
[2021/01/25 21:45:44.134] - eth_getBalance
[2021/01/25 21:45:44.138] - eth_getTransactionCount
[2021/01/25 21:45:44.141] - eth_getBalance
[2021/01/25 21:45:44.144] - eth_getTransactionCount
[2021/01/25 21:45:44.149] - eth_getBalance
[2021/01/25 21:45:44.167] - eth_getTransactionCount
[2021/01/25 21:45:44.180] - eth_getBalance
[2021/01/25 21:45:44.184] - eth_getTransactionCount
[2021/01/25 21:45:44.189] - eth_getBalance
[2021/01/25 21:45:44.194] - eth_getTransactionCount
[2021/01/25 21:45:44.208] - eth_getBalance
[2021/01/25 21:45:44.218] - eth_getTransactionCount
[2021/01/25 21:45:44.223] - eth_getBalance
[2021/01/25 21:45:44.237] - eth_getTransactionCount
[2021/01/25 21:45:44.247] - eth_getBalance
[2021/01/25 21:45:44.252] - eth_getTransactionCount
[2021/01/25 21:45:44.266] - eth_getBalance
[2021/01/25 21:45:44.280] - eth_getTransactionCount
[2021/01/25 21:45:44.326] - eth_getBalance
[2021/01/25 21:45:44.331] - eth_getTransactionCount
[2021/01/25 21:45:44.340] - eth_getBalance
[2021/01/25 21:45:44.344] - eth_getTransactionCount
[2021/01/25 21:45:44.356] - eth_getBalance
[2021/01/25 21:45:44.376] - eth_getTransactionCount
[2021/01/25 21:45:44.381] - eth_getBalance
[2021/01/25 21:45:44.387] - eth_getTransactionCount
[2021/01/25 21:45:44.391] - eth_getBalance
[2021/01/25 21:45:44.395] - eth_getTransactionCount
[2021/01/25 21:45:44.400] - eth_getBalance
[2021/01/25 21:45:44.406] - eth_getTransactionCount
[2021/01/25 21:45:44.415] - eth_getBalance
[2021/01/25 21:45:44.423] - eth_getTransactionCount
[2021/01/25 21:45:44.429] - eth_getBalance
[2021/01/25 21:45:44.436] - eth_getTransactionCount
[2021/01/25 21:45:44.443] - eth_getBalance
[2021/01/25 21:45:44.447] - eth_getTransactionCount
[2021/01/25 21:45:44.453] - eth_getBalance
[2021/01/25 21:45:44.461] - eth_getTransactionCount
[2021/01/25 21:45:44.469] - eth_getBalance
[2021/01/25 21:45:44.473] - eth_getTransactionCount
[2021/01/25 21:45:44.484] - eth_getBalance
[2021/01/25 21:45:44.488] - eth_getTransactionCount
[2021/01/25 21:45:44.495] - eth_getBalance
[2021/01/25 21:45:44.502] - eth_getTransactionCount
[2021/01/25 21:45:44.510] - eth_getBalance
[2021/01/25 21:45:44.520] - eth_getTransactionCount
[2021/01/25 21:45:44.527] - eth_getBalance
[2021/01/25 21:45:44.537] - eth_getTransactionCount
[2021/01/25 21:45:44.544] - eth_getBalance
[2021/01/25 21:45:44.591] - eth_getTransactionCount
[2021/01/25 21:45:44.595] - eth_getBalance
[2021/01/25 21:45:44.603] - eth_getTransactionCount
[2021/01/25 21:45:44.608] - eth_getBalance
[2021/01/25 21:45:44.611] - eth_getTransactionCount
[2021/01/25 21:45:44.619] - eth_getBalance
[2021/01/25 21:45:44.624] - eth_getTransactionCount
[2021/01/25 21:45:44.632] - eth_getBalance
[2021/01/25 21:45:44.643] - eth_getTransactionCount
[2021/01/25 21:45:44.665] - eth_getBalance
[2021/01/25 21:45:44.671] - eth_getTransactionCount
[2021/01/25 21:45:44.675] - eth_getBalance
[2021/01/25 21:45:44.682] - eth_getTransactionCount
[2021/01/25 21:45:44.742] - eth_getBalance
[2021/01/25 21:45:44.745] - eth_getTransactionCount
[2021/01/25 21:45:44.756] - eth_getBalance
[2021/01/25 21:45:44.761] - eth_getTransactionCount
[2021/01/25 21:50:51.156] - eth_unsubscribe
[2021/01/25 21:50:51.190] - eth_unsubscribe
