[2021/01/23 15:50:44.379] - Starting server with initial configuration: {"gasLimit":6721975,"gasPrice":20000000000,"hardfork":"muirGlacier","hostname":"0.0.0.0","port":1111,"network_id":1121,"default_balance_ether":100000000,"total_accounts":90,"unlocked_accounts":[],"locked":false,"vmErrorsOnRPCResponse":true,"verbose":false,"db_path":"C:\\Users\\bilal\\AppData\\Roaming\\Ganache\\workspaces\\The-Blockchain-of-Hallie-Mill-Rd\\chaindata","logDirectory":"C:\\Users\\bilal\\OneDrive\\Documents\\GitHub\\Solidity-Files\\Ganache Log Files"}
[2021/01/23 15:50:46.378] - eth_subscribe
[2021/01/23 15:50:46.395] - eth_getLogs
[2021/01/23 15:50:46.403] - eth_subscribe
[2021/01/23 15:50:46.855] - eth_subscribe
[2021/01/23 15:50:46.864] - eth_getLogs
[2021/01/23 15:50:46.871] - eth_subscribe
[2021/01/23 15:50:47.309] - eth_blockNumber
[2021/01/23 15:50:47.313] - eth_accounts
[2021/01/23 15:50:47.317] - eth_gasPrice
[2021/01/23 15:50:47.323] - eth_getBlockByNumber
[2021/01/23 15:50:47.327] - eth_blockNumber
[2021/01/23 15:50:47.331] - eth_subscribe
[2021/01/23 15:50:47.336] - eth_accounts
[2021/01/23 15:50:47.341] - eth_gasPrice
[2021/01/23 15:50:47.346] - eth_getBlockByNumber
[2021/01/23 15:50:47.350] - eth_subscribe
[2021/01/23 15:50:47.834] - eth_getBalance
[2021/01/23 15:50:47.929] - eth_getTransactionCount
[2021/01/23 15:50:47.978] - eth_getBalance
[2021/01/23 15:50:48.057] - eth_getTransactionCount
[2021/01/23 15:50:48.117] - eth_getBalance
[2021/01/23 15:50:48.161] - eth_getTransactionCount
[2021/01/23 15:50:48.225] - eth_getBalance
[2021/01/23 15:50:48.287] - eth_getTransactionCount
[2021/01/23 15:50:48.341] - eth_getBalance
[2021/01/23 15:50:48.377] - eth_getTransactionCount
[2021/01/23 15:50:48.414] - eth_getBalance
[2021/01/23 15:50:48.465] - eth_getTransactionCount
[2021/01/23 15:50:48.506] - eth_getBalance
[2021/01/23 15:50:48.550] - eth_getTransactionCount
[2021/01/23 15:50:48.591] - eth_getBalance
[2021/01/23 15:50:48.639] - eth_getTransactionCount
[2021/01/23 15:50:48.676] - eth_getBalance
[2021/01/23 15:50:48.717] - eth_getTransactionCount
[2021/01/23 15:50:48.756] - eth_getBalance
[2021/01/23 15:50:48.811] - eth_getTransactionCount
[2021/01/23 15:50:48.860] - eth_getBalance
[2021/01/23 15:50:48.914] - eth_getTransactionCount
[2021/01/23 15:50:48.960] - eth_getBalance
[2021/01/23 15:50:49.021] - eth_getTransactionCount
[2021/01/23 15:50:49.071] - eth_getBalance
[2021/01/23 15:50:49.123] - eth_getTransactionCount
[2021/01/23 15:50:49.167] - eth_getBalance
[2021/01/23 15:50:49.218] - eth_getTransactionCount
[2021/01/23 15:50:49.273] - eth_getBalance
[2021/01/23 15:50:49.324] - eth_getTransactionCount
[2021/01/23 15:50:49.358] - eth_getBalance
[2021/01/23 15:50:49.387] - eth_getTransactionCount
[2021/01/23 15:50:49.427] - eth_getBalance
[2021/01/23 15:50:49.475] - eth_getTransactionCount
[2021/01/23 15:50:49.517] - eth_getBalance
[2021/01/23 15:50:49.560] - eth_getTransactionCount
[2021/01/23 15:50:49.602] - eth_getBalance
[2021/01/23 15:50:49.633] - eth_getTransactionCount
[2021/01/23 15:50:49.667] - eth_getBalance
[2021/01/23 15:50:49.702] - eth_getTransactionCount
[2021/01/23 15:50:49.732] - eth_getBalance
[2021/01/23 15:50:49.761] - eth_getTransactionCount
[2021/01/23 15:50:49.807] - eth_getBalance
[2021/01/23 15:50:49.828] - eth_getTransactionCount
[2021/01/23 15:50:49.856] - eth_getBalance
[2021/01/23 15:50:49.906] - eth_getTransactionCount
[2021/01/23 15:50:49.936] - eth_getBalance
[2021/01/23 15:50:49.973] - eth_getTransactionCount
[2021/01/23 15:50:50.001] - eth_getBalance
[2021/01/23 15:50:50.044] - eth_getTransactionCount
[2021/01/23 15:50:50.074] - eth_getBalance
[2021/01/23 15:50:50.115] - eth_getTransactionCount
[2021/01/23 15:50:50.140] - eth_getBalance
[2021/01/23 15:50:50.179] - eth_getTransactionCount
[2021/01/23 15:50:50.208] - eth_getBalance
[2021/01/23 15:50:50.308] - eth_getTransactionCount
[2021/01/23 15:50:50.312] - eth_getBalance
[2021/01/23 15:50:50.315] - eth_getTransactionCount
[2021/01/23 15:50:50.336] - eth_getBalance
[2021/01/23 15:50:50.372] - eth_getTransactionCount
[2021/01/23 15:50:50.398] - eth_getBalance
[2021/01/23 15:50:50.444] - eth_getTransactionCount
[2021/01/23 15:50:50.486] - eth_getBalance
[2021/01/23 15:50:50.521] - eth_getTransactionCount
[2021/01/23 15:50:50.571] - eth_getBalance
[2021/01/23 15:50:50.603] - eth_getTransactionCount
[2021/01/23 15:50:50.643] - eth_getBalance
[2021/01/23 15:50:50.666] - eth_getTransactionCount
[2021/01/23 15:50:50.697] - eth_getBalance
[2021/01/23 15:50:50.727] - eth_getTransactionCount
[2021/01/23 15:50:50.753] - eth_getBalance
[2021/01/23 15:50:50.783] - eth_getTransactionCount
[2021/01/23 15:50:50.860] - eth_getBalance
[2021/01/23 15:50:50.865] - eth_getTransactionCount
[2021/01/23 15:50:50.872] - eth_getBalance
[2021/01/23 15:50:50.925] - eth_getTransactionCount
[2021/01/23 15:50:50.962] - eth_getBalance
[2021/01/23 15:50:51.011] - eth_getTransactionCount
[2021/01/23 15:50:51.040] - eth_getBalance
[2021/01/23 15:50:51.073] - eth_getTransactionCount
[2021/01/23 15:50:51.119] - eth_getBalance
[2021/01/23 15:50:51.149] - eth_getTransactionCount
[2021/01/23 15:50:51.174] - eth_getBalance
[2021/01/23 15:50:51.208] - eth_getTransactionCount
[2021/01/23 15:50:51.241] - eth_getBalance
[2021/01/23 15:50:51.289] - eth_getTransactionCount
[2021/01/23 15:50:51.315] - eth_getBalance
[2021/01/23 15:50:51.350] - eth_getTransactionCount
[2021/01/23 15:50:51.380] - eth_getBalance
[2021/01/23 15:50:51.414] - eth_getTransactionCount
[2021/01/23 15:50:51.442] - eth_getBalance
[2021/01/23 15:50:51.470] - eth_getTransactionCount
[2021/01/23 15:50:51.496] - eth_getBalance
[2021/01/23 15:50:51.523] - eth_getTransactionCount
[2021/01/23 15:50:51.548] - eth_getBalance
[2021/01/23 15:50:51.579] - eth_getTransactionCount
[2021/01/23 15:50:51.611] - eth_getBalance
[2021/01/23 15:50:51.639] - eth_getTransactionCount
[2021/01/23 15:50:51.670] - eth_getBalance
[2021/01/23 15:50:51.698] - eth_getTransactionCount
[2021/01/23 15:50:51.735] - eth_getBalance
[2021/01/23 15:50:51.769] - eth_getTransactionCount
[2021/01/23 15:50:51.794] - eth_getBalance
[2021/01/23 15:50:51.839] - eth_getTransactionCount
[2021/01/23 15:50:51.869] - eth_getBalance
[2021/01/23 15:50:51.914] - eth_getTransactionCount
[2021/01/23 15:50:51.955] - eth_getBalance
[2021/01/23 15:50:51.981] - eth_getTransactionCount
[2021/01/23 15:50:52.014] - eth_getBalance
[2021/01/23 15:50:52.041] - eth_getTransactionCount
[2021/01/23 15:50:52.072] - eth_getBalance
[2021/01/23 15:50:52.111] - eth_getTransactionCount
[2021/01/23 15:50:52.175] - eth_getBalance
[2021/01/23 15:50:52.180] - eth_getTransactionCount
[2021/01/23 15:50:52.198] - eth_getBalance
[2021/01/23 15:50:52.229] - eth_getTransactionCount
[2021/01/23 15:50:52.260] - eth_getBalance
[2021/01/23 15:50:52.303] - eth_getTransactionCount
[2021/01/23 15:50:52.338] - eth_getBalance
[2021/01/23 15:50:52.401] - eth_getTransactionCount
[2021/01/23 15:50:52.409] - eth_getBalance
[2021/01/23 15:50:52.434] - eth_getTransactionCount
[2021/01/23 15:50:52.462] - eth_getBalance
[2021/01/23 15:50:52.492] - eth_getTransactionCount
[2021/01/23 15:50:52.526] - eth_getBalance
[2021/01/23 15:50:52.562] - eth_getTransactionCount
[2021/01/23 15:50:52.584] - eth_getBalance
[2021/01/23 15:50:52.618] - eth_getTransactionCount
[2021/01/23 15:50:52.652] - eth_getBalance
[2021/01/23 15:50:52.694] - eth_getTransactionCount
[2021/01/23 15:50:52.722] - eth_getBalance
[2021/01/23 15:50:52.761] - eth_getTransactionCount
[2021/01/23 15:50:52.794] - eth_getBalance
[2021/01/23 15:50:52.824] - eth_getTransactionCount
[2021/01/23 15:50:52.853] - eth_getBalance
[2021/01/23 15:50:52.902] - eth_getTransactionCount
[2021/01/23 15:50:52.931] - eth_getBalance
[2021/01/23 15:50:52.982] - eth_getTransactionCount
[2021/01/23 15:50:53.012] - eth_getBalance
[2021/01/23 15:50:53.035] - eth_getTransactionCount
[2021/01/23 15:50:53.064] - eth_getBalance
[2021/01/23 15:50:53.088] - eth_getTransactionCount
[2021/01/23 15:50:53.127] - eth_getBalance
[2021/01/23 15:50:53.154] - eth_getTransactionCount
[2021/01/23 15:50:53.181] - eth_getBalance
[2021/01/23 15:50:53.212] - eth_getTransactionCount
[2021/01/23 15:50:53.237] - eth_getBalance
[2021/01/23 15:50:53.265] - eth_getTransactionCount
[2021/01/23 15:50:53.293] - eth_getBalance
[2021/01/23 15:50:53.318] - eth_getTransactionCount
[2021/01/23 15:50:53.344] - eth_getBalance
[2021/01/23 15:50:53.373] - eth_getTransactionCount
[2021/01/23 15:50:53.405] - eth_getBalance
[2021/01/23 15:50:53.432] - eth_getTransactionCount
[2021/01/23 15:50:53.462] - eth_getBalance
[2021/01/23 15:50:53.490] - eth_getTransactionCount
[2021/01/23 15:50:53.516] - eth_getBalance
[2021/01/23 15:50:53.543] - eth_getTransactionCount
[2021/01/23 15:50:53.573] - eth_getBalance
[2021/01/23 15:50:53.605] - eth_getTransactionCount
[2021/01/23 15:50:53.633] - eth_getBalance
[2021/01/23 15:50:53.659] - eth_getTransactionCount
[2021/01/23 15:50:53.692] - eth_getBalance
[2021/01/23 15:50:53.719] - eth_getTransactionCount
[2021/01/23 15:50:53.748] - eth_getBalance
[2021/01/23 15:50:53.776] - eth_getTransactionCount
[2021/01/23 15:50:53.805] - eth_getBalance
[2021/01/23 15:50:53.846] - eth_getTransactionCount
[2021/01/23 15:50:53.880] - eth_getBalance
[2021/01/23 15:50:53.908] - eth_getTransactionCount
[2021/01/23 15:50:53.952] - eth_getBalance
[2021/01/23 15:50:53.993] - eth_getTransactionCount
[2021/01/23 15:50:54.021] - eth_getBalance
[2021/01/23 15:50:54.052] - eth_getTransactionCount
[2021/01/23 15:50:54.077] - eth_getBalance
[2021/01/23 15:50:54.115] - eth_getTransactionCount
[2021/01/23 15:50:54.145] - eth_getBalance
[2021/01/23 15:50:54.169] - eth_getTransactionCount
[2021/01/23 15:50:54.203] - eth_getBalance
[2021/01/23 15:50:54.229] - eth_getTransactionCount
[2021/01/23 15:50:54.260] - eth_getBalance
[2021/01/23 15:50:54.296] - eth_getTransactionCount
[2021/01/23 15:50:54.322] - eth_getBalance
[2021/01/23 15:50:54.346] - eth_getTransactionCount
[2021/01/23 15:50:54.371] - eth_getBalance
[2021/01/23 15:50:54.397] - eth_getTransactionCount
[2021/01/23 15:50:54.430] - eth_getBalance
[2021/01/23 15:50:54.464] - eth_getTransactionCount
[2021/01/23 15:50:54.490] - eth_getBalance
[2021/01/23 15:50:54.515] - eth_getTransactionCount
[2021/01/23 15:50:54.544] - eth_getBalance
[2021/01/23 15:50:54.572] - eth_getTransactionCount
[2021/01/23 15:50:54.600] - eth_getBalance
[2021/01/23 15:50:54.626] - eth_getTransactionCount
[2021/01/23 15:50:54.654] - eth_getBalance
[2021/01/23 15:50:54.681] - eth_getTransactionCount
[2021/01/23 15:50:54.712] - eth_getBalance
[2021/01/23 15:50:54.738] - eth_getTransactionCount
[2021/01/23 15:50:54.765] - eth_getBalance
[2021/01/23 15:50:54.793] - eth_getTransactionCount
[2021/01/23 15:50:54.825] - eth_getBalance
[2021/01/23 15:50:54.856] - eth_getTransactionCount
[2021/01/23 15:50:54.942] - eth_getBalance
[2021/01/23 15:50:54.946] - eth_getTransactionCount
[2021/01/23 15:50:54.962] - eth_getBalance
[2021/01/23 15:50:54.992] - eth_getTransactionCount
[2021/01/23 15:50:55.019] - eth_getBalance
[2021/01/23 15:50:55.076] - eth_getTransactionCount
[2021/01/23 15:50:55.114] - eth_getBalance
[2021/01/23 15:50:55.141] - eth_getTransactionCount
[2021/01/23 15:50:55.164] - eth_getBalance
[2021/01/23 15:50:55.192] - eth_getTransactionCount
[2021/01/23 15:50:55.223] - eth_getBalance
[2021/01/23 15:50:55.248] - eth_getTransactionCount
[2021/01/23 15:50:55.276] - eth_getBalance
[2021/01/23 15:50:55.308] - eth_getTransactionCount
[2021/01/23 15:50:55.332] - eth_getBalance
[2021/01/23 15:50:55.359] - eth_getTransactionCount
[2021/01/23 15:50:55.387] - eth_getBalance
[2021/01/23 15:50:55.413] - eth_getTransactionCount
[2021/01/23 15:50:55.440] - eth_getBalance
[2021/01/23 15:50:55.469] - eth_getTransactionCount
[2021/01/23 15:50:55.496] - eth_getBalance
[2021/01/23 15:50:55.521] - eth_getTransactionCount
[2021/01/23 15:50:55.545] - eth_getBalance
[2021/01/23 15:50:55.569] - eth_getTransactionCount
[2021/01/23 15:50:55.595] - eth_getBalance
[2021/01/23 15:50:55.619] - eth_getTransactionCount
[2021/01/23 15:50:55.647] - eth_getBalance
[2021/01/23 15:50:55.720] - eth_getTransactionCount
[2021/01/23 15:50:55.828] - eth_getBalance
[2021/01/23 15:50:55.857] - eth_getTransactionCount
[2021/01/23 15:50:55.883] - eth_getBalance
[2021/01/23 15:50:55.908] - eth_getTransactionCount
[2021/01/23 15:50:55.932] - eth_getBalance
[2021/01/23 15:50:55.970] - eth_getTransactionCount
[2021/01/23 15:50:55.997] - eth_getBalance
[2021/01/23 15:50:56.022] - eth_getTransactionCount
[2021/01/23 15:50:56.047] - eth_getBalance
[2021/01/23 15:50:56.080] - eth_getTransactionCount
[2021/01/23 15:50:56.113] - eth_getBalance
[2021/01/23 15:50:56.143] - eth_getTransactionCount
[2021/01/23 15:50:56.186] - eth_getBalance
[2021/01/23 15:50:56.216] - eth_getTransactionCount
[2021/01/23 15:50:56.249] - eth_getBalance
[2021/01/23 15:50:56.276] - eth_getTransactionCount
[2021/01/23 15:50:56.302] - eth_getBalance
[2021/01/23 15:50:56.326] - eth_getTransactionCount
[2021/01/23 15:50:56.352] - eth_getBalance
[2021/01/23 15:50:56.376] - eth_getTransactionCount
[2021/01/23 15:50:56.399] - eth_getBalance
[2021/01/23 15:50:56.424] - eth_getTransactionCount
[2021/01/23 15:50:56.448] - eth_getBalance
[2021/01/23 15:50:56.473] - eth_getTransactionCount
[2021/01/23 15:50:56.498] - eth_getBalance
[2021/01/23 15:50:56.522] - eth_getTransactionCount
[2021/01/23 15:50:56.548] - eth_getBalance
[2021/01/23 15:50:56.573] - eth_getTransactionCount
[2021/01/23 15:50:56.612] - eth_getBalance
[2021/01/23 15:50:56.643] - eth_getTransactionCount
[2021/01/23 15:50:56.667] - eth_getBalance
[2021/01/23 15:50:56.693] - eth_getTransactionCount
[2021/01/23 15:50:56.717] - eth_getBalance
[2021/01/23 15:50:56.750] - eth_getTransactionCount
[2021/01/23 15:50:56.776] - eth_getBalance
[2021/01/23 15:50:56.802] - eth_getTransactionCount
[2021/01/23 15:50:56.836] - eth_getBalance
[2021/01/23 15:50:56.865] - eth_getTransactionCount
[2021/01/23 15:50:56.890] - eth_getBalance
[2021/01/23 15:50:56.916] - eth_getTransactionCount
[2021/01/23 15:50:56.941] - eth_getBalance
[2021/01/23 15:50:56.976] - eth_getTransactionCount
[2021/01/23 15:50:57.005] - eth_getBalance
[2021/01/23 15:50:57.035] - eth_getTransactionCount
[2021/01/23 15:50:57.062] - eth_getBalance
[2021/01/23 15:50:57.093] - eth_getTransactionCount
[2021/01/23 15:50:57.125] - eth_getBalance
[2021/01/23 15:50:57.150] - eth_getTransactionCount
[2021/01/23 15:50:57.176] - eth_getBalance
[2021/01/23 15:50:57.210] - eth_getTransactionCount
[2021/01/23 15:50:57.236] - eth_getBalance
[2021/01/23 15:50:57.261] - eth_getTransactionCount
[2021/01/23 15:50:57.285] - eth_getBalance
[2021/01/23 15:50:57.311] - eth_getTransactionCount
[2021/01/23 15:50:57.335] - eth_getBalance
[2021/01/23 15:50:57.362] - eth_getTransactionCount
[2021/01/23 15:50:57.388] - eth_getBalance
[2021/01/23 15:50:57.419] - eth_getTransactionCount
[2021/01/23 15:50:57.445] - eth_getBalance
[2021/01/23 15:50:57.469] - eth_getTransactionCount
[2021/01/23 15:50:57.500] - eth_getBalance
[2021/01/23 15:50:57.527] - eth_getTransactionCount
[2021/01/23 15:50:57.551] - eth_getBalance
[2021/01/23 15:50:57.576] - eth_getTransactionCount
[2021/01/23 15:50:57.602] - eth_getBalance
[2021/01/23 15:50:57.626] - eth_getTransactionCount
[2021/01/23 15:50:57.652] - eth_getBalance
[2021/01/23 15:50:57.680] - eth_getTransactionCount
[2021/01/23 15:50:57.708] - eth_getBalance
[2021/01/23 15:50:57.744] - eth_getTransactionCount
[2021/01/23 15:50:57.768] - eth_getBalance
[2021/01/23 15:50:57.800] - eth_getTransactionCount
[2021/01/23 15:50:57.833] - eth_getBalance
[2021/01/23 15:50:57.858] - eth_getTransactionCount
[2021/01/23 15:50:57.881] - eth_getBalance
[2021/01/23 15:50:57.908] - eth_getTransactionCount
[2021/01/23 15:50:57.935] - eth_getBalance
[2021/01/23 15:50:57.975] - eth_getTransactionCount
[2021/01/23 15:50:58.078] - eth_getBalance
[2021/01/23 15:50:58.082] - eth_getTransactionCount
[2021/01/23 15:50:58.103] - eth_getBalance
[2021/01/23 15:50:58.136] - eth_getTransactionCount
[2021/01/23 15:50:58.161] - eth_getBalance
[2021/01/23 15:50:58.187] - eth_getTransactionCount
[2021/01/23 15:50:58.214] - eth_getBalance
[2021/01/23 15:50:58.245] - eth_getTransactionCount
[2021/01/23 15:50:58.270] - eth_getBalance
[2021/01/23 15:50:58.298] - eth_getTransactionCount
[2021/01/23 15:50:58.324] - eth_getBalance
[2021/01/23 15:50:58.349] - eth_getTransactionCount
[2021/01/23 15:50:58.376] - eth_getBalance
[2021/01/23 15:50:58.401] - eth_getTransactionCount
[2021/01/23 15:50:58.427] - eth_getBalance
[2021/01/23 15:50:58.455] - eth_getTransactionCount
[2021/01/23 15:50:58.477] - eth_getBalance
[2021/01/23 15:50:58.506] - eth_getTransactionCount
[2021/01/23 15:50:58.531] - eth_getBalance
[2021/01/23 15:50:58.559] - eth_getTransactionCount
[2021/01/23 15:50:58.583] - eth_getBalance
[2021/01/23 15:50:58.616] - eth_getTransactionCount
[2021/01/23 15:50:58.645] - eth_getBalance
[2021/01/23 15:50:58.673] - eth_getTransactionCount
[2021/01/23 15:50:58.702] - eth_getBalance
[2021/01/23 15:50:58.729] - eth_getTransactionCount
[2021/01/23 15:50:58.755] - eth_getBalance
[2021/01/23 15:50:58.785] - eth_getTransactionCount
[2021/01/23 15:50:58.842] - eth_getBalance
[2021/01/23 15:50:58.847] - eth_getTransactionCount
[2021/01/23 15:50:58.877] - eth_getBalance
[2021/01/23 15:50:58.902] - eth_getTransactionCount
[2021/01/23 15:50:58.928] - eth_getBalance
[2021/01/23 15:50:58.959] - eth_getTransactionCount
[2021/01/23 15:50:58.994] - eth_getBalance
[2021/01/23 15:50:59.039] - eth_getTransactionCount
[2021/01/23 15:50:59.070] - eth_getBalance
[2021/01/23 15:50:59.103] - eth_getTransactionCount
[2021/01/23 15:50:59.130] - eth_getBalance
[2021/01/23 15:50:59.157] - eth_getTransactionCount
[2021/01/23 15:50:59.181] - eth_getBalance
[2021/01/23 15:50:59.215] - eth_getTransactionCount
[2021/01/23 15:50:59.239] - eth_getBalance
[2021/01/23 15:50:59.275] - eth_getTransactionCount
[2021/01/23 15:50:59.304] - eth_getBalance
[2021/01/23 15:50:59.346] - eth_getTransactionCount
[2021/01/23 15:50:59.377] - eth_getBalance
[2021/01/23 15:50:59.400] - eth_getTransactionCount
[2021/01/23 15:50:59.423] - eth_getBalance
[2021/01/23 15:50:59.467] - eth_getTransactionCount
[2021/01/23 15:50:59.498] - eth_getBalance
[2021/01/23 15:50:59.525] - eth_getTransactionCount
[2021/01/23 15:51:00.326] - eth_getBalance
[2021/01/23 15:51:00.357] - eth_getTransactionCount
[2021/01/23 15:51:00.384] - eth_getBalance
[2021/01/23 15:51:00.409] - eth_getTransactionCount
[2021/01/23 15:51:00.432] - eth_getBalance
[2021/01/23 15:51:00.474] - eth_getTransactionCount
[2021/01/23 15:51:00.488] - eth_getBalance
[2021/01/23 15:51:00.512] - eth_getTransactionCount
[2021/01/23 15:51:00.535] - eth_getBalance
[2021/01/23 15:51:00.570] - eth_getTransactionCount
[2021/01/23 15:51:00.595] - eth_getBalance
[2021/01/23 15:51:00.628] - eth_getTransactionCount
[2021/01/23 15:51:00.653] - eth_getBalance
[2021/01/23 15:51:00.677] - eth_getTransactionCount
[2021/01/23 15:51:00.703] - eth_getBalance
[2021/01/23 15:51:00.727] - eth_getTransactionCount
[2021/01/23 15:51:00.750] - eth_getBalance
[2021/01/23 15:51:00.775] - eth_getTransactionCount
[2021/01/23 15:51:00.798] - eth_getBalance
[2021/01/23 15:51:00.842] - eth_getTransactionCount
[2021/01/23 15:51:00.868] - eth_getBalance
[2021/01/23 15:51:00.893] - eth_getTransactionCount
[2021/01/23 15:51:00.918] - eth_getBalance
[2021/01/23 15:51:00.945] - eth_getTransactionCount
[2021/01/23 15:51:00.979] - eth_getBalance
[2021/01/23 15:51:01.022] - eth_getTransactionCount
[2021/01/23 15:51:01.052] - eth_getBalance
[2021/01/23 15:51:01.080] - eth_getTransactionCount
[2021/01/23 15:51:01.119] - eth_getBalance
[2021/01/23 15:51:01.147] - eth_getTransactionCount
[2021/01/23 15:51:01.173] - eth_getBalance
[2021/01/23 15:51:01.200] - eth_getTransactionCount
[2021/01/23 15:51:01.248] - eth_getBalance
[2021/01/23 15:51:01.255] - eth_getTransactionCount
[2021/01/23 15:51:01.275] - eth_getBalance
[2021/01/23 15:51:01.301] - eth_getTransactionCount
[2021/01/23 15:51:01.326] - eth_getBalance
[2021/01/23 15:51:01.354] - eth_getTransactionCount
[2021/01/23 15:51:01.377] - eth_getBalance
[2021/01/23 15:51:01.407] - eth_getTransactionCount
[2021/01/23 15:51:01.430] - eth_getBalance
[2021/01/23 15:51:01.457] - eth_getTransactionCount
[2021/01/23 15:51:01.480] - eth_getBalance
[2021/01/23 15:51:01.504] - eth_getTransactionCount
[2021/01/23 15:51:01.527] - eth_getBalance
[2021/01/23 15:51:01.551] - eth_getTransactionCount
[2021/01/23 15:51:01.578] - eth_getBalance
[2021/01/23 15:51:01.605] - eth_getTransactionCount
[2021/01/23 15:51:01.633] - eth_getBalance
[2021/01/23 15:51:01.659] - eth_getTransactionCount
[2021/01/23 15:51:01.686] - eth_getBalance
[2021/01/23 15:51:01.716] - eth_getTransactionCount
[2021/01/23 15:51:01.744] - eth_getBalance
[2021/01/23 15:51:01.774] - eth_getTransactionCount
[2021/01/23 15:51:01.796] - eth_getBalance
[2021/01/23 15:51:01.822] - eth_getTransactionCount
[2021/01/23 15:51:01.853] - eth_getBalance
[2021/01/23 15:51:01.877] - eth_getTransactionCount
[2021/01/23 15:51:01.902] - eth_getBalance
[2021/01/23 15:51:01.929] - eth_getTransactionCount
[2021/01/23 15:51:01.956] - eth_getBalance
[2021/01/23 15:51:01.987] - eth_getTransactionCount
[2021/01/23 15:51:02.020] - eth_getBalance
[2021/01/23 15:51:02.050] - eth_getTransactionCount
[2021/01/23 15:51:02.076] - eth_getBalance
[2021/01/23 15:51:02.110] - eth_getTransactionCount
[2021/01/23 15:51:02.140] - eth_getBalance
[2021/01/23 15:51:02.168] - eth_getTransactionCount
[2021/01/23 15:51:02.200] - eth_getBalance
[2021/01/23 15:51:02.227] - eth_getTransactionCount
[2021/01/23 15:51:02.252] - eth_getBalance
[2021/01/23 15:51:02.301] - eth_getTransactionCount
[2021/01/23 15:51:02.310] - eth_getBalance
[2021/01/23 15:51:02.334] - eth_getTransactionCount
[2021/01/23 15:51:02.361] - eth_getBalance
[2021/01/23 15:51:02.386] - eth_getTransactionCount
[2021/01/23 15:51:02.412] - eth_getBalance
[2021/01/23 15:51:02.437] - eth_getTransactionCount
[2021/01/23 15:51:02.461] - eth_getBalance
[2021/01/23 15:51:02.487] - eth_getTransactionCount
[2021/01/23 15:51:02.513] - eth_getBalance
[2021/01/23 15:51:02.542] - eth_getTransactionCount
[2021/01/23 15:51:02.565] - eth_getBalance
[2021/01/23 15:51:02.612] - eth_getTransactionCount
[2021/01/23 15:51:02.615] - eth_getBalance
[2021/01/23 15:51:02.642] - eth_getTransactionCount
[2021/01/23 15:51:02.665] - eth_getBalance
[2021/01/23 15:51:02.691] - eth_getTransactionCount
[2021/01/23 15:51:02.717] - eth_getBalance
[2021/01/23 15:51:02.743] - eth_getTransactionCount
[2021/01/23 15:51:02.766] - eth_getBalance
[2021/01/23 15:51:02.791] - eth_getTransactionCount
[2021/01/23 15:51:02.815] - eth_getBalance
[2021/01/23 15:51:02.849] - eth_getTransactionCount
[2021/01/23 15:51:02.879] - eth_getBalance
[2021/01/23 15:51:02.914] - eth_getTransactionCount
[2021/01/23 15:51:02.938] - eth_getBalance
[2021/01/23 15:51:02.961] - eth_getTransactionCount
[2021/01/23 15:51:02.987] - eth_getBalance
[2021/01/23 15:51:03.025] - eth_getTransactionCount
[2021/01/23 15:51:03.053] - eth_getBalance
[2021/01/23 15:51:03.080] - eth_getTransactionCount
[2021/01/23 15:51:03.114] - eth_getBalance
[2021/01/23 15:51:03.146] - eth_getTransactionCount
[2021/01/23 15:51:03.170] - eth_getBalance
[2021/01/23 15:51:03.200] - eth_getTransactionCount
[2021/01/23 15:51:03.226] - eth_getBalance
[2021/01/23 15:51:03.253] - eth_getTransactionCount
[2021/01/23 15:51:03.279] - eth_getBalance
[2021/01/23 15:51:03.312] - eth_getTransactionCount
[2021/01/23 15:51:03.339] - eth_getBalance
[2021/01/23 15:51:03.365] - eth_getTransactionCount
[2021/01/23 15:51:03.389] - eth_getBalance
[2021/01/23 15:51:03.415] - eth_getTransactionCount
[2021/01/23 15:51:03.439] - eth_getBalance
[2021/01/23 15:51:03.464] - eth_getTransactionCount
[2021/01/23 15:51:03.492] - eth_getBalance
[2021/01/23 15:51:03.517] - eth_getTransactionCount
[2021/01/23 15:51:03.541] - eth_getBalance
[2021/01/23 15:51:03.566] - eth_getTransactionCount
[2021/01/23 15:51:03.591] - eth_getBalance
[2021/01/23 15:51:03.617] - eth_getTransactionCount
[2021/01/23 15:51:03.644] - eth_getBalance
[2021/01/23 15:51:03.675] - eth_getTransactionCount
[2021/01/23 15:51:03.702] - eth_getBalance
[2021/01/23 15:51:03.729] - eth_getTransactionCount
[2021/01/23 15:51:03.754] - eth_getBalance
[2021/01/23 15:51:03.779] - eth_getTransactionCount
[2021/01/23 15:51:03.803] - eth_getBalance
[2021/01/23 15:51:03.850] - eth_getTransactionCount
[2021/01/23 15:51:03.885] - eth_getBalance
[2021/01/23 15:51:03.920] - eth_getTransactionCount
[2021/01/23 15:51:03.943] - eth_getBalance
[2021/01/23 15:51:03.975] - eth_getTransactionCount
[2021/01/23 15:51:03.996] - eth_getBalance
[2021/01/23 15:51:04.027] - eth_getTransactionCount
[2021/01/23 15:51:04.055] - eth_getBalance
[2021/01/23 15:51:04.087] - eth_getTransactionCount
[2021/01/23 15:51:04.125] - eth_getBalance
[2021/01/23 15:51:04.151] - eth_getTransactionCount
[2021/01/23 15:51:04.178] - eth_getBalance
[2021/01/23 15:51:04.205] - eth_getTransactionCount
[2021/01/23 15:51:04.230] - eth_getBalance
[2021/01/23 15:51:04.256] - eth_getTransactionCount
[2021/01/23 15:51:04.280] - eth_getBalance
[2021/01/23 15:51:04.305] - eth_getTransactionCount
[2021/01/23 15:51:04.330] - eth_getBalance
[2021/01/23 15:51:04.359] - eth_getTransactionCount
[2021/01/23 15:51:04.385] - eth_getBalance
[2021/01/23 15:51:04.411] - eth_getTransactionCount
[2021/01/23 15:51:04.435] - eth_getBalance
[2021/01/23 15:51:04.465] - eth_getTransactionCount
[2021/01/23 15:51:04.490] - eth_getBalance
[2021/01/23 15:51:04.524] - eth_getTransactionCount
[2021/01/23 15:51:04.555] - eth_getBalance
[2021/01/23 15:51:04.583] - eth_getTransactionCount
[2021/01/23 15:51:04.614] - eth_getBalance
[2021/01/23 15:51:04.658] - eth_getTransactionCount
[2021/01/23 15:51:04.672] - eth_getBalance
[2021/01/23 15:51:04.695] - eth_getTransactionCount
[2021/01/23 15:51:04.721] - eth_getBalance
[2021/01/23 15:51:04.745] - eth_getTransactionCount
[2021/01/23 15:51:04.776] - eth_getBalance
[2021/01/23 15:51:04.800] - eth_getTransactionCount
[2021/01/23 15:51:04.823] - eth_getBalance
[2021/01/23 15:51:04.856] - eth_getTransactionCount
[2021/01/23 15:51:04.888] - eth_getBalance
[2021/01/23 15:51:04.914] - eth_getTransactionCount
[2021/01/23 15:51:04.939] - eth_getBalance
[2021/01/23 15:51:04.962] - eth_getTransactionCount
[2021/01/23 15:51:04.987] - eth_getBalance
[2021/01/23 15:51:05.016] - eth_getTransactionCount
[2021/01/23 15:51:05.052] - eth_getBalance
[2021/01/23 15:51:05.081] - eth_getTransactionCount
[2021/01/23 15:51:05.112] - eth_getBalance
[2021/01/23 15:51:05.139] - eth_getTransactionCount
[2021/01/23 15:51:05.163] - eth_getBalance
[2021/01/23 15:51:05.193] - eth_getTransactionCount
[2021/01/23 15:51:05.220] - eth_getBalance
[2021/01/23 15:51:05.252] - eth_getTransactionCount
[2021/01/23 15:51:05.278] - eth_getBalance
[2021/01/23 15:51:05.307] - eth_getTransactionCount
[2021/01/23 15:51:05.332] - eth_getBalance
[2021/01/23 15:51:05.358] - eth_getTransactionCount
[2021/01/23 15:51:05.384] - eth_getBalance
[2021/01/23 15:51:05.422] - eth_getTransactionCount
[2021/01/23 15:51:05.446] - eth_getBalance
[2021/01/23 15:51:05.472] - eth_getTransactionCount
[2021/01/23 15:51:05.497] - eth_getBalance
[2021/01/23 15:51:05.523] - eth_getTransactionCount
[2021/01/23 15:51:05.547] - eth_getBalance
[2021/01/23 15:51:05.572] - eth_getTransactionCount
[2021/01/23 15:51:05.598] - eth_getBalance
[2021/01/23 15:51:05.630] - eth_getTransactionCount
[2021/01/23 15:51:05.662] - eth_getBalance
[2021/01/23 15:51:05.690] - eth_getTransactionCount
[2021/01/23 15:51:05.716] - eth_getBalance
[2021/01/23 15:51:05.740] - eth_getTransactionCount
[2021/01/23 15:51:05.765] - eth_getBalance
[2021/01/23 15:51:05.795] - eth_getTransactionCount
[2021/01/23 15:51:05.820] - eth_getBalance
[2021/01/23 15:51:05.847] - eth_getTransactionCount
[2021/01/23 15:51:05.878] - eth_getBalance
[2021/01/23 15:51:05.908] - eth_getTransactionCount
[2021/01/23 15:51:05.934] - eth_getBalance
[2021/01/23 15:51:05.971] - eth_getTransactionCount
[2021/01/23 15:51:05.983] - eth_getBalance
[2021/01/23 15:51:06.024] - eth_getTransactionCount
[2021/01/23 15:51:06.058] - eth_getBalance
[2021/01/23 15:51:06.097] - eth_getTransactionCount
[2021/01/23 15:51:06.126] - eth_getBalance
[2021/01/23 15:51:06.155] - eth_getTransactionCount
[2021/01/23 15:51:06.181] - eth_getBalance
[2021/01/23 15:51:06.211] - eth_getTransactionCount
[2021/01/23 15:51:06.239] - eth_getBalance
[2021/01/23 15:51:06.265] - eth_getTransactionCount
[2021/01/23 15:51:06.289] - eth_getBalance
[2021/01/23 15:51:06.314] - eth_getTransactionCount
[2021/01/23 15:51:06.338] - eth_getBalance
[2021/01/23 15:51:06.362] - eth_getTransactionCount
[2021/01/23 15:51:06.388] - eth_getBalance
[2021/01/23 15:51:06.418] - eth_getTransactionCount
[2021/01/23 15:51:06.443] - eth_getBalance
[2021/01/23 15:51:06.467] - eth_getTransactionCount
[2021/01/23 15:51:06.495] - eth_getBalance
[2021/01/23 15:51:06.522] - eth_getTransactionCount
[2021/01/23 15:51:06.547] - eth_getBalance
[2021/01/23 15:51:06.572] - eth_getTransactionCount
[2021/01/23 15:51:06.598] - eth_getBalance
[2021/01/23 15:51:06.622] - eth_getTransactionCount
[2021/01/23 15:51:06.731] - eth_getBalance
[2021/01/23 15:51:06.735] - eth_getTransactionCount
[2021/01/23 15:51:06.739] - eth_getBalance
[2021/01/23 15:51:06.763] - eth_getTransactionCount
[2021/01/23 15:51:06.788] - eth_getBalance
[2021/01/23 15:51:06.818] - eth_getTransactionCount
[2021/01/23 15:51:06.845] - eth_getBalance
[2021/01/23 15:51:06.882] - eth_getTransactionCount
[2021/01/23 15:51:06.910] - eth_getBalance
[2021/01/23 15:51:06.933] - eth_getTransactionCount
[2021/01/23 15:51:06.957] - eth_getBalance
[2021/01/23 15:51:06.983] - eth_getTransactionCount
[2021/01/23 15:51:07.008] - eth_getBalance
[2021/01/23 15:51:07.040] - eth_getTransactionCount
[2021/01/23 15:51:07.069] - eth_getBalance
[2021/01/23 15:51:07.105] - eth_getTransactionCount
[2021/01/23 15:51:07.131] - eth_getBalance
[2021/01/23 15:51:07.157] - eth_getTransactionCount
[2021/01/23 15:51:07.185] - eth_getBalance
[2021/01/23 15:51:07.218] - eth_getTransactionCount
[2021/01/23 15:51:07.242] - eth_getBalance
[2021/01/23 15:51:07.269] - eth_getTransactionCount
[2021/01/23 15:51:07.299] - eth_getBalance
[2021/01/23 15:51:07.324] - eth_getTransactionCount
[2021/01/23 15:51:07.351] - eth_getBalance
[2021/01/23 15:51:07.375] - eth_getTransactionCount
[2021/01/23 15:51:07.398] - eth_getBalance
[2021/01/23 15:51:07.422] - eth_getTransactionCount
[2021/01/23 15:51:07.448] - eth_getBalance
[2021/01/23 15:51:07.473] - eth_getTransactionCount
[2021/01/23 15:51:07.498] - eth_getBalance
[2021/01/23 15:51:07.525] - eth_getTransactionCount
[2021/01/23 15:51:07.548] - eth_getBalance
[2021/01/23 15:51:07.578] - eth_getTransactionCount
[2021/01/23 15:51:07.601] - eth_getBalance
[2021/01/23 15:51:07.626] - eth_getTransactionCount
[2021/01/23 15:51:07.650] - eth_getBalance
[2021/01/23 15:51:07.676] - eth_getTransactionCount
[2021/01/23 15:51:07.699] - eth_getBalance
[2021/01/23 15:51:07.724] - eth_getTransactionCount
[2021/01/23 15:51:07.750] - eth_getBalance
[2021/01/23 15:51:07.774] - eth_getTransactionCount
[2021/01/23 15:51:07.799] - eth_getBalance
[2021/01/23 15:51:07.823] - eth_getTransactionCount
[2021/01/23 15:51:07.850] - eth_getBalance
[2021/01/23 15:51:07.878] - eth_getTransactionCount
[2021/01/23 15:51:07.905] - eth_getBalance
[2021/01/23 15:51:07.937] - eth_getTransactionCount
[2021/01/23 15:51:07.963] - eth_getBalance
[2021/01/23 15:51:07.987] - eth_getTransactionCount
[2021/01/23 15:51:08.012] - eth_getBalance
[2021/01/23 15:51:08.039] - eth_getTransactionCount
[2021/01/23 15:51:08.072] - eth_getBalance
[2021/01/23 15:51:08.106] - eth_getTransactionCount
[2021/01/23 15:51:08.137] - eth_getBalance
[2021/01/23 15:51:08.165] - eth_getTransactionCount
[2021/01/23 15:51:08.203] - eth_getBalance
[2021/01/23 15:51:08.229] - eth_getTransactionCount
[2021/01/23 15:51:08.258] - eth_getBalance
[2021/01/23 15:51:08.284] - eth_getTransactionCount
[2021/01/23 15:51:08.308] - eth_getBalance
[2021/01/23 15:51:08.338] - eth_getTransactionCount
[2021/01/23 15:51:08.361] - eth_getBalance
[2021/01/23 15:51:08.387] - eth_getTransactionCount
[2021/01/23 15:51:08.412] - eth_getBalance
[2021/01/23 15:51:08.439] - eth_getTransactionCount
[2021/01/23 15:51:08.462] - eth_getBalance
[2021/01/23 15:51:08.489] - eth_getTransactionCount
[2021/01/23 15:51:08.513] - eth_getBalance
[2021/01/23 15:51:08.540] - eth_getTransactionCount
[2021/01/23 15:51:08.569] - eth_getBalance
[2021/01/23 15:51:08.594] - eth_getTransactionCount
[2021/01/23 15:51:08.618] - eth_getBalance
[2021/01/23 15:51:08.645] - eth_getTransactionCount
[2021/01/23 15:51:08.672] - eth_getBalance
[2021/01/23 15:51:08.703] - eth_getTransactionCount
[2021/01/23 15:51:08.726] - eth_getBalance
[2021/01/23 15:51:08.751] - eth_getTransactionCount
[2021/01/23 15:51:08.777] - eth_getBalance
[2021/01/23 15:51:08.802] - eth_getTransactionCount
[2021/01/23 15:51:08.825] - eth_getBalance
[2021/01/23 15:51:08.853] - eth_getTransactionCount
[2021/01/23 15:51:08.883] - eth_getBalance
[2021/01/23 15:51:08.906] - eth_getTransactionCount
[2021/01/23 15:51:08.931] - eth_getBalance
[2021/01/23 15:51:08.958] - eth_getTransactionCount
[2021/01/23 15:51:08.984] - eth_getBalance
[2021/01/23 15:51:09.014] - eth_getTransactionCount
[2021/01/23 15:51:09.041] - eth_getBalance
[2021/01/23 15:51:09.087] - eth_getTransactionCount
[2021/01/23 15:51:09.122] - eth_getBalance
[2021/01/23 15:51:09.148] - eth_getTransactionCount
[2021/01/23 15:51:09.176] - eth_getBalance
[2021/01/23 15:51:09.204] - eth_getTransactionCount
[2021/01/23 15:51:09.230] - eth_getBalance
[2021/01/23 15:51:09.260] - eth_getTransactionCount
[2021/01/23 15:51:09.284] - eth_getBalance
[2021/01/23 15:51:09.308] - eth_getTransactionCount
[2021/01/23 15:51:09.334] - eth_getBalance
[2021/01/23 15:51:09.358] - eth_getTransactionCount
[2021/01/23 15:51:09.382] - eth_getBalance
[2021/01/23 15:51:09.406] - eth_getTransactionCount
[2021/01/23 15:51:09.432] - eth_getBalance
[2021/01/23 15:51:09.464] - eth_getTransactionCount
[2021/01/23 15:51:09.489] - eth_getBalance
[2021/01/23 15:51:09.513] - eth_getTransactionCount
[2021/01/23 15:51:09.537] - eth_getBalance
[2021/01/23 15:51:09.565] - eth_getTransactionCount
[2021/01/23 15:51:09.590] - eth_getBalance
[2021/01/23 15:51:09.615] - eth_getTransactionCount
[2021/01/23 15:51:09.659] - eth_getBalance
[2021/01/23 15:51:09.686] - eth_getTransactionCount
[2021/01/23 15:51:09.709] - eth_getBalance
[2021/01/23 15:51:09.737] - eth_getTransactionCount
[2021/01/23 15:51:09.760] - eth_getBalance
[2021/01/23 15:51:09.786] - eth_getTransactionCount
[2021/01/23 15:51:09.812] - eth_getBalance
[2021/01/23 15:51:09.844] - eth_getTransactionCount
[2021/01/23 15:51:09.872] - eth_getBalance
[2021/01/23 15:51:09.895] - eth_getTransactionCount
[2021/01/23 15:51:09.922] - eth_getBalance
[2021/01/23 15:51:09.946] - eth_getTransactionCount
[2021/01/23 15:51:10.001] - eth_getBalance
[2021/01/23 15:51:10.005] - eth_getTransactionCount
[2021/01/23 15:51:10.030] - eth_getBalance
[2021/01/23 15:51:10.061] - eth_getTransactionCount
[2021/01/23 15:51:10.095] - eth_getBalance
[2021/01/23 15:51:10.129] - eth_getTransactionCount
[2021/01/23 15:51:10.155] - eth_getBalance
[2021/01/23 15:51:10.187] - eth_getTransactionCount
[2021/01/23 17:34:08.609] - eth_unsubscribe
[2021/01/23 17:34:11.263] - eth_unsubscribe
