[2021/01/31 11:49:00.402] - Starting server with initial configuration: {"gasLimit":6721975,"gasPrice":9000000000000000,"hardfork":"muirGlacier","hostname":"127.0.0.1","port":8545,"network_id":5777,"default_balance_ether":10000,"total_accounts":100,"unlocked_accounts":[],"locked":false,"vmErrorsOnRPCResponse":true,"verbose":false,"db_path":"C:\\Users\\bilal\\AppData\\Roaming\\Ganache\\workspaces\\7537-Halle-Mill-Rd\\chaindata","logDirectory":"C:\\Users\\bilal\\OneDrive\\Documents\\GitHub\\Solidity-Files\\Ganache Log Files"}
[2021/01/31 11:49:03.557] - eth_subscribe
[2021/01/31 11:49:03.745] - eth_getLogs
[2021/01/31 11:49:03.790] - eth_subscribe
[2021/01/31 11:49:05.920] - eth_subscribe
[2021/01/31 11:49:05.928] - eth_getLogs
[2021/01/31 11:49:05.943] - eth_subscribe
[2021/01/31 11:49:06.755] - eth_blockNumber
[2021/01/31 11:49:06.760] - eth_accounts
[2021/01/31 11:49:06.765] - eth_gasPrice
[2021/01/31 11:49:06.770] - eth_getBlockByNumber
[2021/01/31 11:49:06.774] - eth_blockNumber
[2021/01/31 11:49:06.778] - eth_subscribe
[2021/01/31 11:49:06.799] - eth_accounts
[2021/01/31 11:49:06.804] - eth_gasPrice
[2021/01/31 11:49:06.810] - eth_getBlockByNumber
[2021/01/31 11:49:06.815] - eth_subscribe
[2021/01/31 11:49:07.793] - eth_getBalance
[2021/01/31 11:49:08.099] - eth_getTransactionCount
[2021/01/31 11:49:08.199] - eth_getBalance
[2021/01/31 11:49:08.237] - eth_getTransactionCount
[2021/01/31 11:49:08.313] - eth_getBalance
[2021/01/31 11:49:08.375] - eth_getTransactionCount
[2021/01/31 11:49:08.456] - eth_getBalance
[2021/01/31 11:49:08.510] - eth_getTransactionCount
[2021/01/31 11:49:08.552] - eth_getBalance
[2021/01/31 11:49:08.606] - eth_getTransactionCount
[2021/01/31 11:49:08.651] - eth_getBalance
[2021/01/31 11:49:08.693] - eth_getTransactionCount
[2021/01/31 11:49:08.732] - eth_getBalance
[2021/01/31 11:49:08.773] - eth_getTransactionCount
[2021/01/31 11:49:08.821] - eth_getBalance
[2021/01/31 11:49:08.872] - eth_getTransactionCount
[2021/01/31 11:49:08.919] - eth_getBalance
[2021/01/31 11:49:08.980] - eth_getTransactionCount
[2021/01/31 11:49:09.025] - eth_getBalance
[2021/01/31 11:49:09.065] - eth_getTransactionCount
[2021/01/31 11:49:09.111] - eth_getBalance
[2021/01/31 11:49:09.155] - eth_getTransactionCount
[2021/01/31 11:49:09.190] - eth_getBalance
[2021/01/31 11:49:09.226] - eth_getTransactionCount
[2021/01/31 11:49:09.258] - eth_getBalance
[2021/01/31 11:49:09.294] - eth_getTransactionCount
[2021/01/31 11:49:09.325] - eth_getBalance
[2021/01/31 11:49:09.347] - eth_getTransactionCount
[2021/01/31 11:49:09.366] - eth_getBalance
[2021/01/31 11:49:09.391] - eth_getTransactionCount
[2021/01/31 11:49:09.408] - eth_getBalance
[2021/01/31 11:49:09.456] - eth_getTransactionCount
[2021/01/31 11:49:09.491] - eth_getBalance
[2021/01/31 11:49:09.573] - eth_getTransactionCount
[2021/01/31 11:49:09.627] - eth_getBalance
[2021/01/31 11:49:09.678] - eth_getTransactionCount
[2021/01/31 11:49:09.702] - eth_getBalance
[2021/01/31 11:49:09.722] - eth_getTransactionCount
[2021/01/31 11:49:09.751] - eth_getBalance
[2021/01/31 11:49:09.789] - eth_getTransactionCount
[2021/01/31 11:49:09.845] - eth_getBalance
[2021/01/31 11:49:09.907] - eth_getTransactionCount
[2021/01/31 11:49:09.941] - eth_getBalance
[2021/01/31 11:49:09.970] - eth_getTransactionCount
[2021/01/31 11:49:09.997] - eth_getBalance
[2021/01/31 11:49:10.017] - eth_getTransactionCount
[2021/01/31 11:49:10.043] - eth_getBalance
[2021/01/31 11:49:10.063] - eth_getTransactionCount
[2021/01/31 11:49:10.084] - eth_getBalance
[2021/01/31 11:49:10.107] - eth_getTransactionCount
[2021/01/31 11:49:10.140] - eth_getBalance
[2021/01/31 11:49:10.168] - eth_getTransactionCount
[2021/01/31 11:49:10.198] - eth_getBalance
[2021/01/31 11:49:10.265] - eth_getTransactionCount
[2021/01/31 11:49:10.271] - eth_getBalance
[2021/01/31 11:49:10.295] - eth_getTransactionCount
[2021/01/31 11:49:10.325] - eth_getBalance
[2021/01/31 11:49:10.363] - eth_getTransactionCount
[2021/01/31 11:49:10.392] - eth_getBalance
[2021/01/31 11:49:10.414] - eth_getTransactionCount
[2021/01/31 11:49:10.440] - eth_getBalance
[2021/01/31 11:49:10.469] - eth_getTransactionCount
[2021/01/31 11:49:10.492] - eth_getBalance
[2021/01/31 11:49:10.510] - eth_getTransactionCount
[2021/01/31 11:49:10.532] - eth_getBalance
[2021/01/31 11:49:10.557] - eth_getTransactionCount
[2021/01/31 11:49:10.578] - eth_getBalance
[2021/01/31 11:49:10.600] - eth_getTransactionCount
[2021/01/31 11:49:10.621] - eth_getBalance
[2021/01/31 11:49:10.641] - eth_getTransactionCount
[2021/01/31 11:49:10.673] - eth_getBalance
[2021/01/31 11:49:10.705] - eth_getTransactionCount
[2021/01/31 11:49:10.737] - eth_getBalance
[2021/01/31 11:49:10.757] - eth_getTransactionCount
[2021/01/31 11:49:10.776] - eth_getBalance
[2021/01/31 11:49:10.794] - eth_getTransactionCount
[2021/01/31 11:49:10.811] - eth_getBalance
[2021/01/31 11:49:10.832] - eth_getTransactionCount
[2021/01/31 11:49:10.859] - eth_getBalance
[2021/01/31 11:49:10.883] - eth_getTransactionCount
[2021/01/31 11:49:10.903] - eth_getBalance
[2021/01/31 11:49:10.924] - eth_getTransactionCount
[2021/01/31 11:49:10.946] - eth_getBalance
[2021/01/31 11:49:10.970] - eth_getTransactionCount
[2021/01/31 11:49:10.988] - eth_getBalance
[2021/01/31 11:49:11.009] - eth_getTransactionCount
[2021/01/31 11:49:11.028] - eth_getBalance
[2021/01/31 11:49:11.047] - eth_getTransactionCount
[2021/01/31 11:49:11.065] - eth_getBalance
[2021/01/31 11:49:11.084] - eth_getTransactionCount
[2021/01/31 11:49:11.119] - eth_getBalance
[2021/01/31 11:49:11.145] - eth_getTransactionCount
[2021/01/31 11:49:11.167] - eth_getBalance
[2021/01/31 11:49:11.183] - eth_getTransactionCount
[2021/01/31 11:49:11.205] - eth_getBalance
[2021/01/31 11:49:11.231] - eth_getTransactionCount
[2021/01/31 11:49:11.258] - eth_getBalance
[2021/01/31 11:49:11.277] - eth_getTransactionCount
[2021/01/31 11:49:11.294] - eth_getBalance
[2021/01/31 11:49:11.318] - eth_getTransactionCount
[2021/01/31 11:49:11.353] - eth_getBalance
[2021/01/31 11:49:11.383] - eth_getTransactionCount
[2021/01/31 11:49:11.412] - eth_getBalance
[2021/01/31 11:49:11.453] - eth_getTransactionCount
[2021/01/31 11:49:11.488] - eth_getBalance
[2021/01/31 11:49:11.519] - eth_getTransactionCount
[2021/01/31 11:49:11.550] - eth_getBalance
[2021/01/31 11:49:11.580] - eth_getTransactionCount
[2021/01/31 11:49:11.623] - eth_getBalance
[2021/01/31 11:49:11.655] - eth_getTransactionCount
[2021/01/31 11:49:11.714] - eth_getBalance
[2021/01/31 11:49:11.787] - eth_getTransactionCount
[2021/01/31 11:49:11.828] - eth_getBalance
[2021/01/31 11:49:11.881] - eth_getTransactionCount
[2021/01/31 11:49:11.919] - eth_getBalance
[2021/01/31 11:49:11.974] - eth_getTransactionCount
[2021/01/31 11:49:12.014] - eth_getBalance
[2021/01/31 11:49:12.066] - eth_getTransactionCount
[2021/01/31 11:49:12.099] - eth_getBalance
[2021/01/31 11:49:12.128] - eth_getTransactionCount
[2021/01/31 11:49:12.172] - eth_getBalance
[2021/01/31 11:49:12.209] - eth_getTransactionCount
[2021/01/31 11:49:12.253] - eth_getBalance
[2021/01/31 11:49:12.290] - eth_getTransactionCount
[2021/01/31 11:49:12.320] - eth_getBalance
[2021/01/31 11:49:12.350] - eth_getTransactionCount
[2021/01/31 11:49:12.384] - eth_getBalance
[2021/01/31 11:49:12.423] - eth_getTransactionCount
[2021/01/31 11:49:12.458] - eth_getBalance
[2021/01/31 11:49:12.485] - eth_getTransactionCount
[2021/01/31 11:49:12.534] - eth_getBalance
[2021/01/31 11:49:12.619] - eth_getTransactionCount
[2021/01/31 11:49:12.624] - eth_getBalance
[2021/01/31 11:49:12.675] - eth_getTransactionCount
[2021/01/31 11:49:12.708] - eth_getBalance
[2021/01/31 11:49:12.739] - eth_getTransactionCount
[2021/01/31 11:49:12.768] - eth_getBalance
[2021/01/31 11:49:12.808] - eth_getTransactionCount
[2021/01/31 11:49:12.845] - eth_getBalance
[2021/01/31 11:49:12.875] - eth_getTransactionCount
[2021/01/31 11:49:12.915] - eth_getBalance
[2021/01/31 11:49:12.940] - eth_getTransactionCount
[2021/01/31 11:49:12.981] - eth_getBalance
[2021/01/31 11:49:13.015] - eth_getTransactionCount
[2021/01/31 11:49:13.054] - eth_getBalance
[2021/01/31 11:49:13.105] - eth_getTransactionCount
[2021/01/31 11:49:13.141] - eth_getBalance
[2021/01/31 11:49:13.176] - eth_getTransactionCount
[2021/01/31 11:49:13.210] - eth_getBalance
[2021/01/31 11:49:13.241] - eth_getTransactionCount
[2021/01/31 11:49:13.275] - eth_getBalance
[2021/01/31 11:49:13.303] - eth_getTransactionCount
[2021/01/31 11:49:13.332] - eth_getBalance
[2021/01/31 11:49:13.357] - eth_getTransactionCount
[2021/01/31 11:49:13.384] - eth_getBalance
[2021/01/31 11:49:13.410] - eth_getTransactionCount
[2021/01/31 11:49:13.442] - eth_getBalance
[2021/01/31 11:49:13.470] - eth_getTransactionCount
[2021/01/31 11:49:13.500] - eth_getBalance
[2021/01/31 11:49:13.538] - eth_getTransactionCount
[2021/01/31 11:49:13.576] - eth_getBalance
[2021/01/31 11:49:13.605] - eth_getTransactionCount
[2021/01/31 11:49:13.642] - eth_getBalance
[2021/01/31 11:49:13.689] - eth_getTransactionCount
[2021/01/31 11:49:13.736] - eth_getBalance
[2021/01/31 11:49:13.780] - eth_getTransactionCount
[2021/01/31 11:49:13.904] - eth_getBalance
[2021/01/31 11:49:13.909] - eth_getTransactionCount
[2021/01/31 11:49:13.920] - eth_getBalance
[2021/01/31 11:49:13.955] - eth_getTransactionCount
[2021/01/31 11:49:13.993] - eth_getBalance
[2021/01/31 11:49:14.052] - eth_getTransactionCount
[2021/01/31 11:49:14.099] - eth_getBalance
[2021/01/31 11:49:14.142] - eth_getTransactionCount
[2021/01/31 11:49:14.207] - eth_getBalance
[2021/01/31 11:49:14.236] - eth_getTransactionCount
[2021/01/31 11:49:14.308] - eth_getBalance
[2021/01/31 11:49:14.339] - eth_getTransactionCount
[2021/01/31 11:49:14.380] - eth_getBalance
[2021/01/31 11:49:14.415] - eth_getTransactionCount
[2021/01/31 11:49:14.461] - eth_getBalance
[2021/01/31 11:49:14.514] - eth_getTransactionCount
[2021/01/31 11:49:14.555] - eth_getBalance
[2021/01/31 11:49:14.608] - eth_getTransactionCount
[2021/01/31 11:49:14.651] - eth_getBalance
[2021/01/31 11:49:14.697] - eth_getTransactionCount
[2021/01/31 11:49:14.769] - eth_getBalance
[2021/01/31 11:49:14.832] - eth_getTransactionCount
[2021/01/31 11:49:14.891] - eth_getBalance
[2021/01/31 11:49:14.939] - eth_getTransactionCount
[2021/01/31 11:49:14.997] - eth_getBalance
[2021/01/31 11:49:15.068] - eth_getTransactionCount
[2021/01/31 11:49:15.121] - eth_getBalance
[2021/01/31 11:49:15.169] - eth_getTransactionCount
[2021/01/31 11:49:15.217] - eth_getBalance
[2021/01/31 11:49:15.286] - eth_getTransactionCount
[2021/01/31 11:49:15.318] - eth_getBalance
[2021/01/31 11:49:15.391] - eth_getTransactionCount
[2021/01/31 11:49:15.410] - eth_getBalance
[2021/01/31 11:49:15.455] - eth_getTransactionCount
[2021/01/31 11:49:15.487] - eth_getBalance
[2021/01/31 11:49:15.550] - eth_getTransactionCount
[2021/01/31 11:49:15.659] - eth_getBalance
[2021/01/31 11:49:15.703] - eth_getTransactionCount
[2021/01/31 11:49:15.760] - eth_getBalance
[2021/01/31 11:49:15.815] - eth_getTransactionCount
[2021/01/31 11:49:15.850] - eth_getBalance
[2021/01/31 11:49:15.905] - eth_getTransactionCount
[2021/01/31 11:49:15.949] - eth_getBalance
[2021/01/31 11:49:15.980] - eth_getTransactionCount
[2021/01/31 11:49:16.031] - eth_getBalance
[2021/01/31 11:49:16.090] - eth_getTransactionCount
[2021/01/31 11:49:16.114] - eth_getBalance
[2021/01/31 11:49:16.148] - eth_getTransactionCount
[2021/01/31 11:49:16.181] - eth_getBalance
[2021/01/31 11:49:16.204] - eth_getTransactionCount
[2021/01/31 11:49:16.234] - eth_getBalance
[2021/01/31 11:49:16.286] - eth_getTransactionCount
[2021/01/31 11:49:16.330] - eth_getBalance
[2021/01/31 11:49:16.356] - eth_getTransactionCount
[2021/01/31 11:49:16.389] - eth_getBalance
[2021/01/31 11:49:16.440] - eth_getTransactionCount
[2021/01/31 11:49:16.475] - eth_getBalance
[2021/01/31 11:49:16.503] - eth_getTransactionCount
[2021/01/31 11:49:16.540] - eth_getBalance
[2021/01/31 11:49:16.570] - eth_getTransactionCount
[2021/01/31 11:49:16.600] - eth_getBalance
[2021/01/31 11:49:16.643] - eth_getTransactionCount
[2021/01/31 11:49:16.658] - eth_getBalance
[2021/01/31 11:49:16.693] - eth_getTransactionCount
[2021/01/31 11:49:16.714] - eth_getBalance
[2021/01/31 11:49:16.745] - eth_getTransactionCount
[2021/01/31 11:49:16.776] - eth_getBalance
[2021/01/31 11:49:16.800] - eth_getTransactionCount
[2021/01/31 11:49:16.840] - eth_getBalance
[2021/01/31 11:49:16.886] - eth_getTransactionCount
[2021/01/31 11:49:16.923] - eth_getBalance
[2021/01/31 11:49:16.958] - eth_getTransactionCount
[2021/01/31 11:49:16.986] - eth_getBalance
[2021/01/31 11:49:17.026] - eth_getTransactionCount
[2021/01/31 11:49:17.054] - eth_getBalance
[2021/01/31 11:49:17.083] - eth_getTransactionCount
[2021/01/31 11:49:17.117] - eth_getBalance
[2021/01/31 11:49:17.146] - eth_getTransactionCount
[2021/01/31 11:49:17.193] - eth_getBalance
[2021/01/31 11:49:17.216] - eth_getTransactionCount
[2021/01/31 11:49:17.249] - eth_getBalance
[2021/01/31 11:49:17.295] - eth_getTransactionCount
[2021/01/31 11:49:17.376] - eth_getBalance
[2021/01/31 11:49:17.437] - eth_getTransactionCount
[2021/01/31 11:49:17.470] - eth_getBalance
[2021/01/31 11:49:17.517] - eth_getTransactionCount
[2021/01/31 11:49:17.561] - eth_getBalance
[2021/01/31 11:49:17.608] - eth_getTransactionCount
[2021/01/31 11:49:17.635] - eth_getBalance
[2021/01/31 11:49:17.668] - eth_getTransactionCount
[2021/01/31 11:49:17.699] - eth_getBalance
[2021/01/31 11:49:17.744] - eth_getTransactionCount
[2021/01/31 11:49:17.809] - eth_getBalance
[2021/01/31 11:49:17.838] - eth_getTransactionCount
[2021/01/31 11:49:17.874] - eth_getBalance
[2021/01/31 11:49:17.911] - eth_getTransactionCount
[2021/01/31 11:49:17.944] - eth_getBalance
[2021/01/31 11:49:17.969] - eth_getTransactionCount
[2021/01/31 11:49:17.993] - eth_getBalance
[2021/01/31 11:49:18.040] - eth_getTransactionCount
[2021/01/31 11:49:18.065] - eth_getBalance
[2021/01/31 11:49:18.108] - eth_getTransactionCount
[2021/01/31 11:49:18.154] - eth_getBalance
[2021/01/31 11:49:18.195] - eth_getTransactionCount
[2021/01/31 11:49:18.234] - eth_getBalance
[2021/01/31 11:49:18.257] - eth_getTransactionCount
[2021/01/31 11:49:18.305] - eth_getBalance
[2021/01/31 11:49:18.349] - eth_getTransactionCount
[2021/01/31 11:49:18.393] - eth_getBalance
[2021/01/31 11:49:18.439] - eth_getTransactionCount
[2021/01/31 11:49:18.486] - eth_getBalance
[2021/01/31 11:49:18.541] - eth_getTransactionCount
[2021/01/31 11:49:18.593] - eth_getBalance
[2021/01/31 11:49:18.634] - eth_getTransactionCount
[2021/01/31 11:49:18.670] - eth_getBalance
[2021/01/31 11:49:18.702] - eth_getTransactionCount
[2021/01/31 11:49:18.800] - eth_getBalance
[2021/01/31 11:49:18.803] - eth_getTransactionCount
[2021/01/31 11:49:18.814] - eth_getBalance
[2021/01/31 11:49:18.855] - eth_getTransactionCount
[2021/01/31 11:49:18.889] - eth_getBalance
[2021/01/31 11:49:18.930] - eth_getTransactionCount
[2021/01/31 11:49:18.986] - eth_getBalance
[2021/01/31 11:49:19.020] - eth_getTransactionCount
[2021/01/31 11:49:19.069] - eth_getBalance
[2021/01/31 11:49:19.107] - eth_getTransactionCount
[2021/01/31 11:49:19.135] - eth_getBalance
[2021/01/31 11:49:19.157] - eth_getTransactionCount
[2021/01/31 11:49:19.188] - eth_getBalance
[2021/01/31 11:49:19.213] - eth_getTransactionCount
[2021/01/31 11:49:19.234] - eth_getBalance
[2021/01/31 11:49:19.259] - eth_getTransactionCount
[2021/01/31 11:49:19.302] - eth_getBalance
[2021/01/31 11:49:19.323] - eth_getTransactionCount
[2021/01/31 11:49:19.345] - eth_getBalance
[2021/01/31 11:49:19.372] - eth_getTransactionCount
[2021/01/31 11:49:19.396] - eth_getBalance
[2021/01/31 11:49:19.417] - eth_getTransactionCount
[2021/01/31 11:49:19.438] - eth_getBalance
[2021/01/31 11:49:19.459] - eth_getTransactionCount
[2021/01/31 11:49:19.479] - eth_getBalance
[2021/01/31 11:49:19.498] - eth_getTransactionCount
[2021/01/31 11:49:19.518] - eth_getBalance
[2021/01/31 11:49:19.541] - eth_getTransactionCount
[2021/01/31 11:49:19.567] - eth_getBalance
[2021/01/31 11:49:19.604] - eth_getTransactionCount
[2021/01/31 11:49:19.627] - eth_getBalance
[2021/01/31 11:49:19.648] - eth_getTransactionCount
[2021/01/31 11:49:19.669] - eth_getBalance
[2021/01/31 11:49:19.693] - eth_getTransactionCount
[2021/01/31 11:49:19.717] - eth_getBalance
[2021/01/31 11:49:19.739] - eth_getTransactionCount
[2021/01/31 11:49:19.773] - eth_getBalance
[2021/01/31 11:49:19.804] - eth_getTransactionCount
[2021/01/31 11:49:19.824] - eth_getBalance
[2021/01/31 11:49:19.842] - eth_getTransactionCount
[2021/01/31 11:49:19.860] - eth_getBalance
[2021/01/31 11:49:19.891] - eth_getTransactionCount
[2021/01/31 11:49:19.934] - eth_getBalance
[2021/01/31 11:49:19.965] - eth_getTransactionCount
[2021/01/31 11:49:19.988] - eth_getBalance
[2021/01/31 11:49:20.013] - eth_getTransactionCount
[2021/01/31 11:49:20.035] - eth_getBalance
[2021/01/31 11:49:20.055] - eth_getTransactionCount
[2021/01/31 11:49:20.079] - eth_getBalance
[2021/01/31 11:49:20.102] - eth_getTransactionCount
[2021/01/31 11:49:20.151] - eth_getBalance
[2021/01/31 11:49:20.178] - eth_getTransactionCount
[2021/01/31 11:49:20.201] - eth_getBalance
[2021/01/31 11:49:20.225] - eth_getTransactionCount
[2021/01/31 11:49:20.260] - eth_getBalance
[2021/01/31 11:49:20.284] - eth_getTransactionCount
[2021/01/31 11:49:20.304] - eth_getBalance
[2021/01/31 11:49:20.331] - eth_getTransactionCount
[2021/01/31 11:49:20.364] - eth_getBalance
[2021/01/31 11:49:20.388] - eth_getTransactionCount
[2021/01/31 11:49:20.408] - eth_getBalance
[2021/01/31 11:49:20.434] - eth_getTransactionCount
[2021/01/31 11:49:20.453] - eth_getBalance
[2021/01/31 11:49:20.471] - eth_getTransactionCount
[2021/01/31 11:49:20.512] - eth_getBalance
[2021/01/31 11:49:20.569] - eth_getTransactionCount
[2021/01/31 11:49:20.585] - eth_getBalance
[2021/01/31 11:49:20.615] - eth_getTransactionCount
[2021/01/31 11:49:20.636] - eth_getBalance
[2021/01/31 11:49:20.655] - eth_getTransactionCount
[2021/01/31 11:49:20.684] - eth_getBalance
[2021/01/31 11:49:20.712] - eth_getTransactionCount
[2021/01/31 11:49:20.743] - eth_getBalance
[2021/01/31 11:49:20.782] - eth_getTransactionCount
[2021/01/31 11:49:20.813] - eth_getBalance
[2021/01/31 11:49:20.840] - eth_getTransactionCount
[2021/01/31 11:49:20.861] - eth_getBalance
[2021/01/31 11:49:20.892] - eth_getTransactionCount
[2021/01/31 11:49:20.904] - eth_getBalance
[2021/01/31 11:49:20.925] - eth_getTransactionCount
[2021/01/31 11:49:20.951] - eth_getBalance
[2021/01/31 11:49:20.974] - eth_getTransactionCount
[2021/01/31 11:49:20.994] - eth_getBalance
[2021/01/31 11:49:21.014] - eth_getTransactionCount
[2021/01/31 11:49:21.034] - eth_getBalance
[2021/01/31 11:49:21.053] - eth_getTransactionCount
[2021/01/31 11:49:21.072] - eth_getBalance
[2021/01/31 11:49:21.090] - eth_getTransactionCount
[2021/01/31 11:49:21.117] - eth_getBalance
[2021/01/31 11:49:21.159] - eth_getTransactionCount
[2021/01/31 11:49:21.199] - eth_getBalance
[2021/01/31 11:49:21.234] - eth_getTransactionCount
[2021/01/31 11:49:21.282] - eth_getBalance
[2021/01/31 11:49:21.323] - eth_getTransactionCount
[2021/01/31 11:49:21.366] - eth_getBalance
[2021/01/31 11:49:21.421] - eth_getTransactionCount
[2021/01/31 11:49:21.455] - eth_getBalance
[2021/01/31 11:49:21.491] - eth_getTransactionCount
[2021/01/31 11:49:21.549] - eth_getBalance
[2021/01/31 11:49:21.612] - eth_getTransactionCount
[2021/01/31 11:49:21.661] - eth_getBalance
[2021/01/31 11:49:21.698] - eth_getTransactionCount
[2021/01/31 11:49:21.733] - eth_getBalance
[2021/01/31 11:49:21.764] - eth_getTransactionCount
[2021/01/31 11:49:21.817] - eth_getBalance
[2021/01/31 11:49:21.860] - eth_getTransactionCount
[2021/01/31 11:49:21.900] - eth_getBalance
[2021/01/31 11:49:21.932] - eth_getTransactionCount
[2021/01/31 11:49:21.961] - eth_getBalance
[2021/01/31 11:49:22.002] - eth_getTransactionCount
[2021/01/31 11:49:22.032] - eth_getBalance
[2021/01/31 11:49:22.072] - eth_getTransactionCount
[2021/01/31 11:49:22.135] - eth_getBalance
[2021/01/31 11:49:22.185] - eth_getTransactionCount
[2021/01/31 11:49:22.217] - eth_getBalance
[2021/01/31 11:49:22.246] - eth_getTransactionCount
[2021/01/31 11:49:22.282] - eth_getBalance
[2021/01/31 11:49:22.317] - eth_getTransactionCount
[2021/01/31 11:49:22.357] - eth_getBalance
[2021/01/31 11:49:22.391] - eth_getTransactionCount
[2021/01/31 11:49:22.434] - eth_getBalance
[2021/01/31 11:49:22.474] - eth_getTransactionCount
[2021/01/31 11:49:22.505] - eth_getBalance
[2021/01/31 11:49:22.536] - eth_getTransactionCount
[2021/01/31 11:49:22.568] - eth_getBalance
[2021/01/31 11:49:22.598] - eth_getTransactionCount
[2021/01/31 11:49:22.634] - eth_getBalance
[2021/01/31 11:49:22.664] - eth_getTransactionCount
[2021/01/31 11:49:22.694] - eth_getBalance
[2021/01/31 11:49:22.728] - eth_getTransactionCount
[2021/01/31 11:49:22.769] - eth_getBalance
[2021/01/31 11:49:22.809] - eth_getTransactionCount
[2021/01/31 11:49:22.890] - eth_getBalance
[2021/01/31 11:49:22.994] - eth_getTransactionCount
[2021/01/31 11:49:23.057] - eth_getBalance
[2021/01/31 11:49:23.103] - eth_getTransactionCount
[2021/01/31 11:49:23.136] - eth_getBalance
[2021/01/31 11:49:23.167] - eth_getTransactionCount
[2021/01/31 11:49:23.201] - eth_getBalance
[2021/01/31 11:49:23.229] - eth_getTransactionCount
[2021/01/31 11:49:23.255] - eth_getBalance
[2021/01/31 11:49:23.284] - eth_getTransactionCount
[2021/01/31 11:49:23.312] - eth_getBalance
[2021/01/31 11:49:23.349] - eth_getTransactionCount
[2021/01/31 11:49:23.377] - eth_getBalance
[2021/01/31 11:49:23.409] - eth_getTransactionCount
[2021/01/31 11:49:23.440] - eth_getBalance
[2021/01/31 11:49:23.476] - eth_getTransactionCount
[2021/01/31 11:49:23.507] - eth_getBalance
[2021/01/31 11:49:23.537] - eth_getTransactionCount
[2021/01/31 11:49:23.567] - eth_getBalance
[2021/01/31 11:49:23.607] - eth_getTransactionCount
[2021/01/31 11:49:23.640] - eth_getBalance
[2021/01/31 11:49:23.671] - eth_getTransactionCount
[2021/01/31 11:49:23.721] - eth_getBalance
[2021/01/31 11:49:23.756] - eth_getTransactionCount
[2021/01/31 11:49:23.792] - eth_getBalance
[2021/01/31 11:49:23.827] - eth_getTransactionCount
[2021/01/31 11:49:23.863] - eth_getBalance
[2021/01/31 11:49:23.908] - eth_getTransactionCount
[2021/01/31 11:49:23.941] - eth_getBalance
[2021/01/31 11:49:23.974] - eth_getTransactionCount
[2021/01/31 11:49:24.008] - eth_getBalance
[2021/01/31 11:49:24.041] - eth_getTransactionCount
[2021/01/31 11:49:24.084] - eth_getBalance
[2021/01/31 11:49:24.136] - eth_getTransactionCount
[2021/01/31 11:49:24.172] - eth_getBalance
[2021/01/31 11:49:24.202] - eth_getTransactionCount
[2021/01/31 11:49:24.237] - eth_getBalance
[2021/01/31 11:49:24.267] - eth_getTransactionCount
[2021/01/31 11:49:24.301] - eth_getBalance
[2021/01/31 11:49:24.331] - eth_getTransactionCount
[2021/01/31 11:49:24.365] - eth_getBalance
[2021/01/31 11:49:24.396] - eth_getTransactionCount
[2021/01/31 11:49:24.427] - eth_getBalance
[2021/01/31 11:49:24.457] - eth_getTransactionCount
[2021/01/31 11:49:24.488] - eth_getBalance
[2021/01/31 11:49:24.537] - eth_getTransactionCount
[2021/01/31 11:49:24.575] - eth_getBalance
[2021/01/31 11:49:24.619] - eth_getTransactionCount
[2021/01/31 11:49:24.649] - eth_getBalance
[2021/01/31 11:49:24.686] - eth_getTransactionCount
[2021/01/31 11:49:24.716] - eth_getBalance
[2021/01/31 11:49:24.747] - eth_getTransactionCount
[2021/01/31 11:49:24.778] - eth_getBalance
[2021/01/31 11:49:24.808] - eth_getTransactionCount
[2021/01/31 11:49:24.840] - eth_getBalance
[2021/01/31 11:49:24.874] - eth_getTransactionCount
[2021/01/31 11:49:24.908] - eth_getBalance
[2021/01/31 11:49:24.938] - eth_getTransactionCount
[2021/01/31 11:49:24.976] - eth_getBalance
[2021/01/31 11:49:25.006] - eth_getTransactionCount
[2021/01/31 11:49:25.039] - eth_getBalance
[2021/01/31 11:49:25.071] - eth_getTransactionCount
[2021/01/31 11:49:25.110] - eth_getBalance
[2021/01/31 11:49:25.142] - eth_getTransactionCount
[2021/01/31 11:49:25.178] - eth_getBalance
[2021/01/31 11:49:25.210] - eth_getTransactionCount
[2021/01/31 11:49:25.240] - eth_getBalance
[2021/01/31 11:49:25.273] - eth_getTransactionCount
[2021/01/31 11:49:25.307] - eth_getBalance
[2021/01/31 11:49:25.335] - eth_getTransactionCount
[2021/01/31 11:49:25.371] - eth_getBalance
[2021/01/31 11:49:25.405] - eth_getTransactionCount
[2021/01/31 11:49:25.445] - eth_getBalance
[2021/01/31 11:49:25.487] - eth_getTransactionCount
[2021/01/31 11:49:25.532] - eth_getBalance
[2021/01/31 11:49:25.562] - eth_getTransactionCount
[2021/01/31 11:49:25.591] - eth_getBalance
[2021/01/31 11:49:25.622] - eth_getTransactionCount
[2021/01/31 11:49:25.650] - eth_getBalance
[2021/01/31 11:49:25.682] - eth_getTransactionCount
[2021/01/31 11:49:25.717] - eth_getBalance
[2021/01/31 11:49:25.747] - eth_getTransactionCount
[2021/01/31 11:49:25.780] - eth_getBalance
[2021/01/31 11:49:25.829] - eth_getTransactionCount
[2021/01/31 11:49:25.870] - eth_getBalance
[2021/01/31 11:49:25.907] - eth_getTransactionCount
[2021/01/31 11:49:25.936] - eth_getBalance
[2021/01/31 11:49:25.979] - eth_getTransactionCount
[2021/01/31 11:49:26.010] - eth_getBalance
[2021/01/31 11:49:26.043] - eth_getTransactionCount
[2021/01/31 11:49:26.073] - eth_getBalance
[2021/01/31 11:49:26.104] - eth_getTransactionCount
[2021/01/31 11:49:26.139] - eth_getBalance
[2021/01/31 11:49:26.176] - eth_getTransactionCount
[2021/01/31 11:49:26.208] - eth_getBalance
[2021/01/31 11:49:26.245] - eth_getTransactionCount
[2021/01/31 11:49:26.281] - eth_getBalance
[2021/01/31 11:49:26.318] - eth_getTransactionCount
[2021/01/31 11:49:26.354] - eth_getBalance
[2021/01/31 11:49:26.393] - eth_getTransactionCount
[2021/01/31 11:49:26.435] - eth_getBalance
[2021/01/31 11:49:26.477] - eth_getTransactionCount
[2021/01/31 11:49:26.554] - eth_getBalance
[2021/01/31 11:49:26.594] - eth_getTransactionCount
[2021/01/31 11:49:26.627] - eth_getBalance
[2021/01/31 11:49:26.667] - eth_getTransactionCount
[2021/01/31 11:49:26.702] - eth_getBalance
[2021/01/31 11:49:26.763] - eth_getTransactionCount
[2021/01/31 11:49:26.811] - eth_getBalance
[2021/01/31 11:49:26.850] - eth_getTransactionCount
[2021/01/31 11:49:26.907] - eth_getBalance
[2021/01/31 11:49:26.966] - eth_getTransactionCount
[2021/01/31 11:49:27.036] - eth_getBalance
[2021/01/31 11:49:27.090] - eth_getTransactionCount
[2021/01/31 11:49:27.154] - eth_getBalance
[2021/01/31 11:49:27.210] - eth_getTransactionCount
[2021/01/31 11:49:27.266] - eth_getBalance
[2021/01/31 11:49:27.321] - eth_getTransactionCount
[2021/01/31 11:49:27.373] - eth_getBalance
[2021/01/31 11:49:27.437] - eth_getTransactionCount
[2021/01/31 11:49:27.524] - eth_getBalance
[2021/01/31 11:49:27.671] - eth_getTransactionCount
[2021/01/31 11:49:27.727] - eth_getBalance
[2021/01/31 11:49:27.776] - eth_getTransactionCount
[2021/01/31 11:49:27.822] - eth_getBalance
[2021/01/31 11:49:27.898] - eth_getTransactionCount
[2021/01/31 11:49:27.944] - eth_getBalance
[2021/01/31 11:49:28.000] - eth_getTransactionCount
[2021/01/31 11:49:28.059] - eth_getBalance
[2021/01/31 11:49:28.112] - eth_getTransactionCount
[2021/01/31 11:49:28.160] - eth_getBalance
[2021/01/31 11:49:28.196] - eth_getTransactionCount
[2021/01/31 11:49:28.230] - eth_getBalance
[2021/01/31 11:49:28.287] - eth_getTransactionCount
[2021/01/31 11:49:28.341] - eth_getBalance
[2021/01/31 11:49:28.375] - eth_getTransactionCount
[2021/01/31 11:49:28.400] - eth_getBalance
[2021/01/31 11:49:28.424] - eth_getTransactionCount
[2021/01/31 11:49:28.465] - eth_getBalance
[2021/01/31 11:49:28.505] - eth_getTransactionCount
[2021/01/31 11:49:28.530] - eth_getBalance
[2021/01/31 11:49:28.554] - eth_getTransactionCount
[2021/01/31 11:49:28.588] - eth_getBalance
[2021/01/31 11:49:28.619] - eth_getTransactionCount
[2021/01/31 11:49:28.667] - eth_getBalance
[2021/01/31 11:49:28.688] - eth_getTransactionCount
[2021/01/31 11:49:28.711] - eth_getBalance
[2021/01/31 11:49:28.736] - eth_getTransactionCount
[2021/01/31 11:49:28.777] - eth_getBalance
[2021/01/31 11:49:28.807] - eth_getTransactionCount
[2021/01/31 11:49:28.843] - eth_getBalance
[2021/01/31 11:49:28.887] - eth_getTransactionCount
[2021/01/31 11:49:28.916] - eth_getBalance
[2021/01/31 11:49:28.950] - eth_getTransactionCount
[2021/01/31 11:49:28.983] - eth_getBalance
[2021/01/31 11:49:29.011] - eth_getTransactionCount
[2021/01/31 11:49:29.032] - eth_getBalance
[2021/01/31 11:49:29.054] - eth_getTransactionCount
[2021/01/31 11:49:29.076] - eth_getBalance
[2021/01/31 11:49:29.099] - eth_getTransactionCount
[2021/01/31 11:49:29.121] - eth_getBalance
[2021/01/31 11:49:29.151] - eth_getTransactionCount
[2021/01/31 11:49:29.222] - eth_getBalance
[2021/01/31 11:49:29.225] - eth_getTransactionCount
[2021/01/31 11:49:29.229] - eth_getBalance
[2021/01/31 11:49:29.250] - eth_getTransactionCount
[2021/01/31 11:49:29.271] - eth_getBalance
[2021/01/31 11:49:29.293] - eth_getTransactionCount
[2021/01/31 11:49:29.323] - eth_getBalance
[2021/01/31 11:49:29.357] - eth_getTransactionCount
[2021/01/31 11:49:29.401] - eth_getBalance
[2021/01/31 11:49:29.442] - eth_getTransactionCount
[2021/01/31 11:49:29.505] - eth_getBalance
[2021/01/31 11:49:29.571] - eth_getTransactionCount
[2021/01/31 11:49:29.638] - eth_getBalance
[2021/01/31 11:49:29.722] - eth_getTransactionCount
[2021/01/31 11:49:29.817] - eth_getBalance
[2021/01/31 11:49:29.938] - eth_getTransactionCount
[2021/01/31 11:49:29.987] - eth_getBalance
[2021/01/31 11:49:30.031] - eth_getTransactionCount
[2021/01/31 11:49:30.076] - eth_getBalance
[2021/01/31 11:49:30.106] - eth_getTransactionCount
[2021/01/31 11:49:30.145] - eth_getBalance
[2021/01/31 11:49:30.191] - eth_getTransactionCount
[2021/01/31 11:49:30.236] - eth_getBalance
[2021/01/31 11:49:30.277] - eth_getTransactionCount
[2021/01/31 11:49:30.305] - eth_getBalance
[2021/01/31 11:49:30.339] - eth_getTransactionCount
[2021/01/31 11:49:30.385] - eth_getBalance
[2021/01/31 11:49:30.417] - eth_getTransactionCount
[2021/01/31 11:49:30.443] - eth_getBalance
[2021/01/31 11:49:30.471] - eth_getTransactionCount
[2021/01/31 11:49:30.516] - eth_getBalance
[2021/01/31 11:49:30.552] - eth_getTransactionCount
[2021/01/31 11:49:30.598] - eth_getBalance
[2021/01/31 11:49:30.638] - eth_getTransactionCount
[2021/01/31 11:49:30.670] - eth_getBalance
[2021/01/31 11:49:30.711] - eth_getTransactionCount
[2021/01/31 11:49:30.811] - eth_getBalance
[2021/01/31 11:49:30.816] - eth_getTransactionCount
[2021/01/31 11:49:30.849] - eth_getBalance
[2021/01/31 11:49:30.901] - eth_getTransactionCount
[2021/01/31 11:49:30.931] - eth_getBalance
[2021/01/31 11:49:30.956] - eth_getTransactionCount
[2021/01/31 11:49:30.981] - eth_getBalance
[2021/01/31 11:49:31.006] - eth_getTransactionCount
[2021/01/31 11:49:31.036] - eth_getBalance
[2021/01/31 11:49:31.060] - eth_getTransactionCount
[2021/01/31 11:49:31.100] - eth_getBalance
[2021/01/31 11:49:31.126] - eth_getTransactionCount
[2021/01/31 11:49:31.150] - eth_getBalance
[2021/01/31 11:49:31.173] - eth_getTransactionCount
[2021/01/31 11:49:31.204] - eth_getBalance
[2021/01/31 11:49:31.237] - eth_getTransactionCount
[2021/01/31 11:49:31.266] - eth_getBalance
[2021/01/31 11:49:31.294] - eth_getTransactionCount
[2021/01/31 11:49:31.324] - eth_getBalance
[2021/01/31 11:49:31.358] - eth_getTransactionCount
[2021/01/31 11:49:31.391] - eth_getBalance
[2021/01/31 11:49:31.425] - eth_getTransactionCount
[2021/01/31 11:49:31.455] - eth_getBalance
[2021/01/31 11:49:31.491] - eth_getTransactionCount
[2021/01/31 11:49:31.543] - eth_getBalance
[2021/01/31 11:49:31.582] - eth_getTransactionCount
[2021/01/31 11:49:31.610] - eth_getBalance
[2021/01/31 11:49:31.644] - eth_getTransactionCount
[2021/01/31 11:49:31.686] - eth_getBalance
[2021/01/31 11:49:31.719] - eth_getTransactionCount
[2021/01/31 11:49:31.752] - eth_getBalance
[2021/01/31 11:49:31.781] - eth_getTransactionCount
[2021/01/31 11:49:31.831] - eth_getBalance
[2021/01/31 11:49:31.916] - eth_getTransactionCount
[2021/01/31 11:49:31.998] - eth_getBalance
[2021/01/31 11:49:32.041] - eth_getTransactionCount
[2021/01/31 11:49:32.101] - eth_getBalance
[2021/01/31 11:49:32.139] - eth_getTransactionCount
[2021/01/31 11:49:32.176] - eth_getBalance
[2021/01/31 11:49:32.206] - eth_getTransactionCount
[2021/01/31 11:49:32.239] - eth_getBalance
[2021/01/31 11:49:32.271] - eth_getTransactionCount
[2021/01/31 11:49:32.305] - eth_getBalance
[2021/01/31 11:49:32.338] - eth_getTransactionCount
[2021/01/31 11:49:32.370] - eth_getBalance
[2021/01/31 11:49:32.403] - eth_getTransactionCount
[2021/01/31 11:49:32.432] - eth_getBalance
[2021/01/31 11:49:32.468] - eth_getTransactionCount
[2021/01/31 11:49:32.499] - eth_getBalance
[2021/01/31 11:49:32.534] - eth_getTransactionCount
[2021/01/31 11:49:33.119] - eth_getBalance
[2021/01/31 11:49:33.124] - eth_getTransactionCount
[2021/01/31 11:49:33.129] - eth_getBalance
[2021/01/31 11:49:33.135] - eth_getTransactionCount
[2021/01/31 11:49:33.140] - eth_getBalance
[2021/01/31 11:49:33.146] - eth_getTransactionCount
[2021/01/31 11:49:33.151] - eth_getBalance
[2021/01/31 11:49:33.156] - eth_getTransactionCount
[2021/01/31 11:49:33.166] - eth_getBalance
[2021/01/31 11:49:33.170] - eth_getTransactionCount
[2021/01/31 11:49:33.175] - eth_getBalance
[2021/01/31 11:49:33.180] - eth_getTransactionCount
[2021/01/31 11:49:33.206] - eth_getBalance
[2021/01/31 11:49:33.227] - eth_getTransactionCount
[2021/01/31 11:49:33.236] - eth_getBalance
[2021/01/31 11:49:33.243] - eth_getTransactionCount
[2021/01/31 11:49:33.261] - eth_getBalance
[2021/01/31 11:49:33.331] - eth_getTransactionCount
[2021/01/31 11:49:33.393] - eth_getBalance
[2021/01/31 11:49:33.451] - eth_getTransactionCount
[2021/01/31 11:49:33.508] - eth_getBalance
[2021/01/31 11:49:33.573] - eth_getTransactionCount
[2021/01/31 11:49:33.634] - eth_getBalance
[2021/01/31 11:49:33.699] - eth_getTransactionCount
[2021/01/31 11:49:33.782] - eth_getBalance
[2021/01/31 11:49:33.876] - eth_getTransactionCount
[2021/01/31 11:49:33.927] - eth_getBalance
[2021/01/31 11:49:33.987] - eth_getTransactionCount
[2021/01/31 11:49:34.038] - eth_getBalance
[2021/01/31 11:49:34.098] - eth_getTransactionCount
[2021/01/31 11:49:34.141] - eth_getBalance
[2021/01/31 11:49:34.192] - eth_getTransactionCount
[2021/01/31 11:49:34.219] - eth_getBalance
[2021/01/31 11:49:34.246] - eth_getTransactionCount
[2021/01/31 11:49:34.273] - eth_getBalance
[2021/01/31 11:49:34.302] - eth_getTransactionCount
[2021/01/31 11:49:34.327] - eth_getBalance
[2021/01/31 11:49:34.352] - eth_getTransactionCount
[2021/01/31 11:49:34.381] - eth_getBalance
[2021/01/31 11:49:34.409] - eth_getTransactionCount
[2021/01/31 11:49:34.446] - eth_getBalance
[2021/01/31 11:49:34.483] - eth_getTransactionCount
[2021/01/31 11:49:34.520] - eth_getBalance
[2021/01/31 11:49:34.545] - eth_getTransactionCount
[2021/01/31 11:49:34.571] - eth_getBalance
[2021/01/31 11:49:34.598] - eth_getTransactionCount
[2021/01/31 11:49:34.627] - eth_getBalance
[2021/01/31 11:49:34.652] - eth_getTransactionCount
[2021/01/31 11:49:34.677] - eth_getBalance
[2021/01/31 11:49:34.703] - eth_getTransactionCount
[2021/01/31 11:49:34.731] - eth_getBalance
[2021/01/31 11:49:34.759] - eth_getTransactionCount
[2021/01/31 11:49:34.786] - eth_getBalance
[2021/01/31 11:49:34.812] - eth_getTransactionCount
[2021/01/31 11:49:34.835] - eth_getBalance
[2021/01/31 11:49:34.870] - eth_getTransactionCount
[2021/01/31 11:49:34.905] - eth_getBalance
[2021/01/31 11:49:34.942] - eth_getTransactionCount
[2021/01/31 11:49:34.974] - eth_getBalance
[2021/01/31 11:49:35.010] - eth_getTransactionCount
[2021/01/31 11:49:35.039] - eth_getBalance
[2021/01/31 11:49:35.069] - eth_getTransactionCount
[2021/01/31 11:49:35.098] - eth_getBalance
[2021/01/31 11:49:35.140] - eth_getTransactionCount
[2021/01/31 11:49:35.168] - eth_getBalance
[2021/01/31 11:49:35.195] - eth_getTransactionCount
[2021/01/31 11:49:35.223] - eth_getBalance
[2021/01/31 11:49:35.265] - eth_getTransactionCount
[2021/01/31 11:49:35.318] - eth_getBalance
[2021/01/31 11:49:35.350] - eth_getTransactionCount
[2021/01/31 11:49:35.378] - eth_getBalance
[2021/01/31 11:49:35.406] - eth_getTransactionCount
[2021/01/31 11:49:35.435] - eth_getBalance
[2021/01/31 11:49:35.463] - eth_getTransactionCount
[2021/01/31 11:49:35.492] - eth_getBalance
[2021/01/31 11:49:35.522] - eth_getTransactionCount
[2021/01/31 11:49:35.555] - eth_getBalance
[2021/01/31 11:49:35.610] - eth_getTransactionCount
[2021/01/31 11:49:35.642] - eth_getBalance
[2021/01/31 11:49:35.674] - eth_getTransactionCount
[2021/01/31 11:49:35.711] - eth_getBalance
[2021/01/31 11:49:35.740] - eth_getTransactionCount
[2021/01/31 11:49:35.776] - eth_getBalance
[2021/01/31 11:49:36.017] - eth_getTransactionCount
[2021/01/31 11:49:36.020] - eth_getBalance
[2021/01/31 11:49:36.025] - eth_getTransactionCount
[2021/01/31 11:49:36.031] - eth_getBalance
[2021/01/31 11:49:36.036] - eth_getTransactionCount
[2021/01/31 11:49:36.040] - eth_getBalance
[2021/01/31 11:49:36.046] - eth_getTransactionCount
[2021/01/31 11:49:36.069] - eth_getBalance
[2021/01/31 11:49:36.111] - eth_getTransactionCount
[2021/01/31 11:49:36.154] - eth_getBalance
[2021/01/31 11:49:36.318] - eth_getTransactionCount
[2021/01/31 11:49:36.324] - eth_getBalance
[2021/01/31 11:49:36.330] - eth_getTransactionCount
[2021/01/31 11:49:36.335] - eth_getBalance
[2021/01/31 11:49:36.340] - eth_getTransactionCount
[2021/01/31 11:49:36.368] - eth_getBalance
[2021/01/31 11:49:36.403] - eth_getTransactionCount
[2021/01/31 11:49:36.443] - eth_getBalance
[2021/01/31 11:49:36.478] - eth_getTransactionCount
[2021/01/31 11:49:36.534] - eth_getBalance
[2021/01/31 11:49:36.630] - eth_getTransactionCount
[2021/01/31 11:49:36.704] - eth_getBalance
[2021/01/31 11:49:36.747] - eth_getTransactionCount
[2021/01/31 11:49:36.771] - eth_getBalance
[2021/01/31 11:49:36.802] - eth_getTransactionCount
[2021/01/31 11:49:36.832] - eth_getBalance
[2021/01/31 11:49:36.860] - eth_getTransactionCount
[2021/01/31 11:49:36.894] - eth_getBalance
[2021/01/31 11:49:36.960] - eth_getTransactionCount
[2021/01/31 11:49:36.965] - eth_getBalance
[2021/01/31 11:49:36.995] - eth_getTransactionCount
[2021/01/31 11:49:37.027] - eth_getBalance
[2021/01/31 11:49:37.065] - eth_getTransactionCount
[2021/01/31 11:49:37.094] - eth_getBalance
[2021/01/31 11:49:37.141] - eth_getTransactionCount
[2021/01/31 11:49:37.180] - eth_getBalance
[2021/01/31 11:49:37.223] - eth_getTransactionCount
[2021/01/31 11:49:37.254] - eth_getBalance
[2021/01/31 11:49:37.292] - eth_getTransactionCount
[2021/01/31 11:49:37.327] - eth_getBalance
[2021/01/31 11:49:37.408] - eth_getTransactionCount
[2021/01/31 11:49:37.476] - eth_getBalance
[2021/01/31 11:49:37.536] - eth_getTransactionCount
[2021/01/31 11:49:37.588] - eth_getBalance
[2021/01/31 11:49:37.654] - eth_getTransactionCount
[2021/01/31 11:49:37.686] - eth_getBalance
[2021/01/31 11:49:37.719] - eth_getTransactionCount
[2021/01/31 11:49:37.748] - eth_getBalance
[2021/01/31 11:49:37.784] - eth_getTransactionCount
[2021/01/31 11:49:37.815] - eth_getBalance
[2021/01/31 11:49:37.844] - eth_getTransactionCount
[2021/01/31 11:49:37.874] - eth_getBalance
[2021/01/31 11:49:37.909] - eth_getTransactionCount
[2021/01/31 11:49:37.949] - eth_getBalance
[2021/01/31 11:49:37.982] - eth_getTransactionCount
[2021/01/31 11:57:53.949] - eth_blockNumber
[2021/01/31 11:57:53.992] - net_version
[2021/01/31 11:57:54.161] - eth_getBlockByNumber
[2021/01/31 11:57:54.431] - eth_getBalance
[2021/01/31 11:57:54.442] - net_version
[2021/01/31 11:57:54.457] - eth_getBalance
[2021/01/31 11:57:54.512] - eth_getBalance
[2021/01/31 11:57:55.294] - eth_call
[2021/01/31 11:57:55.302] - eth_blockNumber
[2021/01/31 11:57:58.120] - eth_getTransactionCount
[2021/01/31 11:57:58.381] - net_version
[2021/01/31 11:58:02.149] - net_version
[2021/01/31 11:58:06.147] - net_version
[2021/01/31 11:58:10.319] - net_version
[2021/01/31 11:58:14.168] - eth_blockNumber
[2021/01/31 11:58:14.921] - net_version
[2021/01/31 11:58:18.151] - net_version
[2021/01/31 11:58:22.149] - net_version
[2021/01/31 11:58:26.146] - net_version
[2021/01/31 11:58:30.140] - net_version
[2021/01/31 11:58:34.161] - net_version
[2021/01/31 11:58:34.242] - eth_blockNumber
[2021/01/31 11:58:38.257] - net_version
[2021/01/31 11:58:42.472] - net_version
[2021/01/31 11:58:46.151] - net_version
[2021/01/31 11:58:50.158] - net_version
[2021/01/31 11:58:54.142] - net_version
[2021/01/31 11:58:54.282] - eth_blockNumber
[2021/01/31 11:58:58.154] - net_version
[2021/01/31 11:59:02.141] - net_version
[2021/01/31 11:59:06.231] - net_version
[2021/01/31 11:59:10.242] - net_version
[2021/01/31 11:59:14.320] - eth_blockNumber
[2021/01/31 11:59:14.461] - net_version
[2021/01/31 11:59:18.144] - net_version
[2021/01/31 11:59:22.146] - net_version
[2021/01/31 11:59:26.159] - net_version
[2021/01/31 11:59:30.914] - net_version
[2021/01/31 11:59:35.651] - net_version
[2021/01/31 11:59:35.698] - eth_blockNumber
[2021/01/31 11:59:38.212] - net_version
[2021/01/31 11:59:42.134] - net_version
[2021/01/31 11:59:46.134] - net_version
[2021/01/31 11:59:50.135] - net_version
[2021/01/31 11:59:54.163] - net_version
[2021/01/31 11:59:55.547] - eth_blockNumber
[2021/01/31 11:59:55.629] - net_version
[2021/01/31 11:59:55.912] - eth_getBlockByNumber
[2021/01/31 11:59:55.920] - eth_getBalance
[2021/01/31 11:59:57.252] - eth_call
[2021/01/31 11:59:57.256] - eth_blockNumber
[2021/01/31 11:59:58.144] - net_version
[2021/01/31 11:59:58.155] - eth_getBalance
[2021/01/31 12:00:02.203] - net_version
[2021/01/31 12:00:06.153] - net_version
[2021/01/31 12:00:10.146] - net_version
[2021/01/31 12:00:14.145] - net_version
[2021/01/31 12:00:15.896] - eth_blockNumber
[2021/01/31 12:00:18.138] - net_version
[2021/01/31 12:00:22.156] - net_version
[2021/01/31 12:00:26.140] - net_version
[2021/01/31 12:00:30.148] - net_version
[2021/01/31 12:00:34.151] - net_version
[2021/01/31 12:00:35.999] - eth_blockNumber
[2021/01/31 12:00:38.371] - net_version
[2021/01/31 12:00:42.136] - net_version
[2021/01/31 12:00:46.278] - net_version
[2021/01/31 12:00:50.144] - net_version
[2021/01/31 12:00:54.139] - net_version
[2021/01/31 12:00:56.056] - eth_blockNumber
[2021/01/31 12:00:58.145] - net_version
[2021/01/31 12:01:02.138] - net_version
[2021/01/31 12:01:06.167] - net_version
[2021/01/31 12:01:10.198] - net_version
[2021/01/31 12:01:13.914] - eth_call
[2021/01/31 12:01:14.188] - net_version
[2021/01/31 12:01:15.884] - eth_call
[2021/01/31 12:01:15.941] - eth_getTransactionCount
[2021/01/31 12:01:16.110] - eth_blockNumber
[2021/01/31 12:01:16.139] - eth_call
[2021/01/31 12:01:18.147] - net_version
[2021/01/31 12:01:22.139] - net_version
[2021/01/31 12:06:26.154] - eth_blockNumber
[2021/01/31 12:06:26.171] - net_version
[2021/01/31 12:06:26.175] - net_version
[2021/01/31 12:06:26.362] - eth_getBlockByNumber
[2021/01/31 12:06:26.368] - eth_getBalance
[2021/01/31 12:06:26.383] - eth_getBalance
[2021/01/31 12:06:26.973] - eth_call
[2021/01/31 12:06:26.978] - eth_blockNumber
[2021/01/31 12:06:30.165] - net_version
[2021/01/31 12:06:34.143] - net_version
[2021/01/31 12:06:38.153] - net_version
[2021/01/31 12:06:42.148] - net_version
[2021/01/31 12:06:46.160] - net_version
[2021/01/31 12:06:46.274] - eth_blockNumber
[2021/01/31 12:06:50.138] - net_version
[2021/01/31 12:06:54.171] - net_version
[2021/01/31 12:06:58.086] - eth_blockNumber
[2021/01/31 12:06:58.119] - net_version
[2021/01/31 12:06:58.201] - eth_getBlockByNumber
[2021/01/31 12:06:58.218] - eth_getBalance
[2021/01/31 12:06:58.428] - net_version
[2021/01/31 12:06:58.469] - eth_getBalance
[2021/01/31 12:07:02.145] - net_version
[2021/01/31 12:07:03.123] - eth_blockNumber
[2021/01/31 12:07:06.167] - net_version
[2021/01/31 12:07:10.151] - net_version
[2021/01/31 12:07:15.654] - net_version
[2021/01/31 12:07:16.284] - eth_blockNumber
[2021/01/31 12:07:16.304] - net_version
[2021/01/31 12:07:16.345] - eth_getBlockByNumber
[2021/01/31 12:07:16.364] - eth_getBalance
[2021/01/31 12:07:16.465] - eth_getBalance
[2021/01/31 12:07:16.606] - eth_getBalance
[2021/01/31 12:07:16.610] - eth_getBalance
[2021/01/31 12:07:17.155] - eth_call
[2021/01/31 12:07:17.163] - eth_blockNumber
[2021/01/31 12:07:17.183] - eth_call
[2021/01/31 12:07:17.188] - eth_getTransactionCount
[2021/01/31 12:07:17.365] - eth_blockNumber
[2021/01/31 12:07:17.539] - eth_call
[2021/01/31 12:07:18.126] - net_version
[2021/01/31 12:07:18.149] - eth_getBalance
[2021/01/31 12:07:18.165] - eth_getBalance
[2021/01/31 12:07:18.641] - eth_blockNumber
[2021/01/31 12:07:19.668] - eth_blockNumber
[2021/01/31 12:07:20.703] - eth_blockNumber
[2021/01/31 12:07:21.124] - eth_blockNumber
[2021/01/31 12:07:21.743] - eth_blockNumber
[2021/01/31 12:07:22.357] - net_version
[2021/01/31 12:07:22.404] - eth_getBalance
[2021/01/31 12:07:22.447] - eth_getBalance
[2021/01/31 12:07:22.785] - eth_blockNumber
[2021/01/31 12:07:23.812] - eth_blockNumber
[2021/01/31 12:07:24.845] - eth_blockNumber
[2021/01/31 12:07:25.749] - eth_blockNumber
[2021/01/31 12:07:25.917] - eth_blockNumber
[2021/01/31 12:07:26.171] - net_version
[2021/01/31 12:07:26.417] - eth_getBalance
[2021/01/31 12:07:26.438] - eth_getBalance
[2021/01/31 12:07:26.961] - eth_blockNumber
[2021/01/31 12:07:28.396] - eth_blockNumber
[2021/01/31 12:07:29.665] - eth_blockNumber
[2021/01/31 12:07:30.126] - eth_blockNumber
[2021/01/31 12:07:30.143] - net_version
[2021/01/31 12:07:30.209] - eth_getBalance
[2021/01/31 12:07:30.225] - eth_getBalance
[2021/01/31 12:07:30.797] - eth_blockNumber
[2021/01/31 12:07:31.861] - eth_blockNumber
[2021/01/31 12:07:32.911] - eth_blockNumber
[2021/01/31 12:07:33.965] - eth_blockNumber
[2021/01/31 12:07:34.048] - net_version
[2021/01/31 12:07:34.053] - eth_getBalance
[2021/01/31 12:07:34.066] - eth_getBalance
[2021/01/31 12:07:34.123] - eth_blockNumber
[2021/01/31 12:07:35.000] - eth_blockNumber
[2021/01/31 12:07:36.049] - eth_blockNumber
[2021/01/31 12:07:37.096] - eth_blockNumber
[2021/01/31 12:07:38.118] - net_version
[2021/01/31 12:07:38.124] - eth_getBalance
[2021/01/31 12:07:38.138] - eth_getBalance
[2021/01/31 12:07:38.143] - net_version
[2021/01/31 12:07:38.149] - eth_getBalance
[2021/01/31 12:07:38.165] - eth_getBalance
[2021/01/31 12:07:38.177] - eth_blockNumber
[2021/01/31 12:07:39.134] - eth_blockNumber
[2021/01/31 12:07:39.229] - eth_blockNumber
[2021/01/31 12:07:40.265] - eth_blockNumber
[2021/01/31 12:07:41.305] - eth_blockNumber
[2021/01/31 12:07:42.096] - net_version
[2021/01/31 12:07:42.103] - eth_getBalance
[2021/01/31 12:07:42.109] - eth_getBalance
[2021/01/31 12:07:42.342] - eth_blockNumber
[2021/01/31 12:07:43.137] - eth_blockNumber
[2021/01/31 12:07:43.389] - eth_blockNumber
[2021/01/31 12:07:44.434] - eth_blockNumber
[2021/01/31 12:07:45.481] - eth_blockNumber
[2021/01/31 12:07:46.153] - net_version
[2021/01/31 12:07:46.160] - eth_getBalance
[2021/01/31 12:07:46.171] - eth_getBalance
[2021/01/31 12:07:46.531] - eth_blockNumber
[2021/01/31 12:07:47.242] - eth_call
[2021/01/31 12:07:47.250] - eth_blockNumber
[2021/01/31 12:07:47.257] - eth_call
[2021/01/31 12:07:47.583] - eth_blockNumber
[2021/01/31 12:07:47.624] - eth_call
[2021/01/31 12:07:48.127] - eth_blockNumber
[2021/01/31 12:07:48.773] - eth_blockNumber
[2021/01/31 12:07:48.824] - eth_call
[2021/01/31 12:07:49.818] - eth_call
[2021/01/31 12:07:49.824] - eth_blockNumber
[2021/01/31 12:07:49.976] - eth_call
[2021/01/31 12:07:50.023] - eth_call
[2021/01/31 12:07:50.143] - eth_blockNumber
[2021/01/31 12:07:50.147] - eth_call
[2021/01/31 12:07:50.151] - eth_getTransactionCount
[2021/01/31 12:07:50.159] - eth_blockNumber
[2021/01/31 12:07:50.176] - eth_call
[2021/01/31 12:07:50.276] - net_version
[2021/01/31 12:07:50.281] - eth_getBalance
[2021/01/31 12:07:50.398] - eth_getBalance
[2021/01/31 12:07:50.408] - eth_call
[2021/01/31 12:07:51.426] - eth_blockNumber
[2021/01/31 12:07:52.455] - eth_blockNumber
[2021/01/31 12:07:53.497] - eth_blockNumber
[2021/01/31 12:07:54.140] - net_version
[2021/01/31 12:07:54.147] - eth_getBalance
[2021/01/31 12:07:54.187] - eth_getBalance
[2021/01/31 12:07:54.542] - eth_blockNumber
[2021/01/31 12:07:55.674] - eth_blockNumber
[2021/01/31 12:07:57.026] - eth_blockNumber
[2021/01/31 12:07:57.390] - eth_blockNumber
[2021/01/31 12:07:58.356] - net_version
[2021/01/31 12:07:58.375] - eth_getBalance
[2021/01/31 12:07:58.391] - eth_getBalance
[2021/01/31 12:07:58.398] - eth_blockNumber
[2021/01/31 12:07:58.423] - eth_blockNumber
[2021/01/31 12:07:59.130] - eth_blockNumber
[2021/01/31 12:07:59.482] - eth_blockNumber
[2021/01/31 12:08:00.543] - eth_blockNumber
[2021/01/31 12:08:01.596] - eth_blockNumber
[2021/01/31 12:08:02.311] - net_version
[2021/01/31 12:08:02.328] - eth_getBalance
[2021/01/31 12:08:02.341] - eth_getBalance
[2021/01/31 12:08:02.627] - eth_blockNumber
[2021/01/31 12:08:03.674] - eth_blockNumber
[2021/01/31 12:08:04.706] - eth_blockNumber
[2021/01/31 12:08:05.745] - eth_blockNumber
[2021/01/31 12:08:06.094] - net_version
[2021/01/31 12:08:06.105] - eth_getBalance
[2021/01/31 12:08:06.133] - eth_getBalance
[2021/01/31 12:08:06.212] - eth_blockNumber
[2021/01/31 12:08:06.848] - eth_blockNumber
[2021/01/31 12:08:07.146] - eth_blockNumber
[2021/01/31 12:08:07.685] - eth_blockNumber
[2021/01/31 12:08:07.891] - eth_blockNumber
[2021/01/31 12:08:09.234] - eth_blockNumber
[2021/01/31 12:08:09.846] - net_version
[2021/01/31 12:08:09.851] - eth_getBalance
[2021/01/31 12:08:09.924] - eth_getBalance
[2021/01/31 12:08:09.928] - eth_getBalance
[2021/01/31 12:08:10.251] - eth_blockNumber
