[2021/01/23 15:17:15.021] - Starting server with initial configuration: {"gasLimit":6721975,"gasPrice":20000000000,"hardfork":"muirGlacier","hostname":"0.0.0.0","port":1111,"network_id":1121,"default_balance_ether":100000000,"total_accounts":90,"unlocked_accounts":[],"locked":false,"vmErrorsOnRPCResponse":true,"verbose":false,"db_path":"C:\\Users\\bilal\\AppData\\Roaming\\Ganache\\workspaces\\puzzled-iron\\chaindata","logDirectory":"C:\\Users\\bilal\\OneDrive\\Documents\\GitHub\\Solidity-Files\\Ganache Log Files"}
[2021/01/23 15:17:24.721] - eth_subscribe
[2021/01/23 15:17:24.727] - eth_getLogs
[2021/01/23 15:17:24.734] - eth_subscribe
[2021/01/23 15:17:24.781] - eth_subscribe
[2021/01/23 15:17:24.787] - eth_getLogs
[2021/01/23 15:17:24.793] - eth_subscribe
[2021/01/23 15:17:25.020] - eth_blockNumber
[2021/01/23 15:17:25.026] - eth_accounts
[2021/01/23 15:17:25.030] - eth_blockNumber
[2021/01/23 15:17:25.033] - eth_gasPrice
[2021/01/23 15:17:25.036] - eth_accounts
[2021/01/23 15:17:25.040] - eth_getBlockByNumber
[2021/01/23 15:17:25.044] - eth_gasPrice
[2021/01/23 15:17:25.049] - eth_subscribe
[2021/01/23 15:17:25.054] - eth_getBlockByNumber
[2021/01/23 15:17:25.059] - eth_subscribe
[2021/01/23 15:17:25.082] - eth_accounts
[2021/01/23 15:17:25.464] - eth_getBalance
[2021/01/23 15:17:25.515] - eth_getTransactionCount
[2021/01/23 15:17:25.555] - eth_getBalance
[2021/01/23 15:17:25.599] - eth_getTransactionCount
[2021/01/23 15:17:25.646] - eth_getBalance
[2021/01/23 15:17:25.687] - eth_getTransactionCount
[2021/01/23 15:17:25.738] - eth_getBalance
[2021/01/23 15:17:25.798] - eth_getTransactionCount
[2021/01/23 15:17:25.836] - eth_getBalance
[2021/01/23 15:17:25.893] - eth_getTransactionCount
[2021/01/23 15:17:25.929] - eth_getBalance
[2021/01/23 15:17:25.966] - eth_getTransactionCount
[2021/01/23 15:17:26.006] - eth_getBalance
[2021/01/23 15:17:26.036] - eth_getTransactionCount
[2021/01/23 15:17:26.070] - eth_getBalance
[2021/01/23 15:17:26.100] - eth_getTransactionCount
[2021/01/23 15:17:26.133] - eth_getBalance
[2021/01/23 15:17:26.209] - eth_getTransactionCount
[2021/01/23 15:17:26.240] - eth_getBalance
[2021/01/23 15:17:26.275] - eth_getTransactionCount
[2021/01/23 15:17:26.309] - eth_getBalance
[2021/01/23 15:17:26.355] - eth_getTransactionCount
[2021/01/23 15:17:26.389] - eth_getBalance
[2021/01/23 15:17:26.425] - eth_getTransactionCount
[2021/01/23 15:17:26.453] - eth_getBalance
[2021/01/23 15:17:26.484] - eth_getTransactionCount
[2021/01/23 15:17:26.521] - eth_getBalance
[2021/01/23 15:17:26.561] - eth_getTransactionCount
[2021/01/23 15:17:26.596] - eth_getBalance
[2021/01/23 15:17:26.645] - eth_getTransactionCount
[2021/01/23 15:17:26.672] - eth_getBalance
[2021/01/23 15:17:26.712] - eth_getTransactionCount
[2021/01/23 15:17:26.732] - eth_getBalance
[2021/01/23 15:17:26.762] - eth_getTransactionCount
[2021/01/23 15:17:26.799] - eth_getBalance
[2021/01/23 15:17:26.846] - eth_getTransactionCount
[2021/01/23 15:17:26.877] - eth_getBalance
[2021/01/23 15:17:26.908] - eth_getTransactionCount
[2021/01/23 15:17:26.936] - eth_getBalance
[2021/01/23 15:17:26.965] - eth_getTransactionCount
[2021/01/23 15:17:26.994] - eth_getBalance
[2021/01/23 15:17:27.024] - eth_getTransactionCount
[2021/01/23 15:17:27.061] - eth_getBalance
[2021/01/23 15:17:27.089] - eth_getTransactionCount
[2021/01/23 15:17:27.118] - eth_getBalance
[2021/01/23 15:17:27.152] - eth_getTransactionCount
[2021/01/23 15:17:27.182] - eth_getBalance
[2021/01/23 15:17:27.212] - eth_getTransactionCount
[2021/01/23 15:17:27.247] - eth_getBalance
[2021/01/23 15:17:27.276] - eth_getTransactionCount
[2021/01/23 15:17:27.305] - eth_getBalance
[2021/01/23 15:17:27.334] - eth_getTransactionCount
[2021/01/23 15:17:27.375] - eth_getBalance
[2021/01/23 15:17:27.401] - eth_getTransactionCount
[2021/01/23 15:17:27.436] - eth_getBalance
[2021/01/23 15:17:27.464] - eth_getTransactionCount
[2021/01/23 15:17:27.491] - eth_getBalance
[2021/01/23 15:17:27.554] - eth_getTransactionCount
[2021/01/23 15:17:27.558] - eth_getBalance
[2021/01/23 15:17:27.581] - eth_getTransactionCount
[2021/01/23 15:17:27.606] - eth_getBalance
[2021/01/23 15:17:27.640] - eth_getTransactionCount
[2021/01/23 15:17:27.668] - eth_getBalance
[2021/01/23 15:17:27.698] - eth_getTransactionCount
[2021/01/23 15:17:27.728] - eth_getBalance
[2021/01/23 15:17:27.757] - eth_getTransactionCount
[2021/01/23 15:17:27.786] - eth_getBalance
[2021/01/23 15:17:27.824] - eth_getTransactionCount
[2021/01/23 15:17:27.853] - eth_getBalance
[2021/01/23 15:17:27.891] - eth_getTransactionCount
[2021/01/23 15:17:27.918] - eth_getBalance
[2021/01/23 15:17:27.947] - eth_getTransactionCount
[2021/01/23 15:17:27.974] - eth_getBalance
[2021/01/23 15:17:28.035] - eth_getTransactionCount
[2021/01/23 15:17:28.077] - eth_getBalance
[2021/01/23 15:17:28.119] - eth_getTransactionCount
[2021/01/23 15:17:28.161] - eth_getBalance
[2021/01/23 15:17:28.197] - eth_getTransactionCount
[2021/01/23 15:17:28.233] - eth_getBalance
[2021/01/23 15:17:28.269] - eth_getTransactionCount
[2021/01/23 15:17:28.300] - eth_getBalance
[2021/01/23 15:17:28.334] - eth_getTransactionCount
[2021/01/23 15:17:28.375] - eth_getBalance
[2021/01/23 15:17:28.406] - eth_getTransactionCount
[2021/01/23 15:17:28.437] - eth_getBalance
[2021/01/23 15:17:28.468] - eth_getTransactionCount
[2021/01/23 15:17:28.498] - eth_getBalance
[2021/01/23 15:17:28.533] - eth_getTransactionCount
[2021/01/23 15:17:28.560] - eth_getBalance
[2021/01/23 15:17:28.586] - eth_getTransactionCount
[2021/01/23 15:17:28.615] - eth_getBalance
[2021/01/23 15:17:28.642] - eth_getTransactionCount
[2021/01/23 15:17:28.669] - eth_getBalance
[2021/01/23 15:17:28.697] - eth_getTransactionCount
[2021/01/23 15:17:28.727] - eth_getBalance
[2021/01/23 15:17:28.756] - eth_getTransactionCount
[2021/01/23 15:17:28.788] - eth_getBalance
[2021/01/23 15:17:28.820] - eth_getTransactionCount
[2021/01/23 15:17:28.880] - eth_getBalance
[2021/01/23 15:17:28.925] - eth_getTransactionCount
[2021/01/23 15:17:28.963] - eth_getBalance
[2021/01/23 15:17:28.992] - eth_getTransactionCount
[2021/01/23 15:17:29.019] - eth_getBalance
[2021/01/23 15:17:29.051] - eth_getTransactionCount
[2021/01/23 15:17:29.081] - eth_getBalance
[2021/01/23 15:17:29.112] - eth_getTransactionCount
[2021/01/23 15:17:29.145] - eth_getBalance
[2021/01/23 15:17:29.173] - eth_getTransactionCount
[2021/01/23 15:17:29.204] - eth_getBalance
[2021/01/23 15:17:29.238] - eth_getTransactionCount
[2021/01/23 15:17:29.269] - eth_getBalance
[2021/01/23 15:17:29.300] - eth_getTransactionCount
[2021/01/23 15:17:29.333] - eth_getBalance
[2021/01/23 15:17:29.365] - eth_getTransactionCount
[2021/01/23 15:17:29.399] - eth_getBalance
[2021/01/23 15:17:29.432] - eth_getTransactionCount
[2021/01/23 15:17:29.467] - eth_getBalance
[2021/01/23 15:17:29.499] - eth_getTransactionCount
[2021/01/23 15:17:29.642] - eth_getBalance
[2021/01/23 15:17:29.647] - eth_getTransactionCount
[2021/01/23 15:17:29.657] - eth_getBalance
[2021/01/23 15:17:29.684] - eth_getTransactionCount
[2021/01/23 15:17:29.717] - eth_getBalance
[2021/01/23 15:17:29.749] - eth_getTransactionCount
[2021/01/23 15:17:29.780] - eth_getBalance
[2021/01/23 15:17:29.813] - eth_getTransactionCount
[2021/01/23 15:17:29.846] - eth_getBalance
[2021/01/23 15:17:29.883] - eth_getTransactionCount
[2021/01/23 15:17:29.917] - eth_getBalance
[2021/01/23 15:17:29.951] - eth_getTransactionCount
[2021/01/23 15:17:29.982] - eth_getBalance
[2021/01/23 15:17:30.015] - eth_getTransactionCount
[2021/01/23 15:17:30.043] - eth_getBalance
[2021/01/23 15:17:30.072] - eth_getTransactionCount
[2021/01/23 15:17:30.102] - eth_getBalance
[2021/01/23 15:17:30.134] - eth_getTransactionCount
[2021/01/23 15:17:30.166] - eth_getBalance
[2021/01/23 15:17:30.218] - eth_getTransactionCount
[2021/01/23 15:17:30.253] - eth_getBalance
[2021/01/23 15:17:30.285] - eth_getTransactionCount
[2021/01/23 15:17:30.321] - eth_getBalance
[2021/01/23 15:17:30.361] - eth_getTransactionCount
[2021/01/23 15:17:30.388] - eth_getBalance
[2021/01/23 15:17:30.422] - eth_getTransactionCount
[2021/01/23 15:17:30.453] - eth_getBalance
[2021/01/23 15:17:30.484] - eth_getTransactionCount
[2021/01/23 15:17:30.515] - eth_getBalance
[2021/01/23 15:17:30.549] - eth_getTransactionCount
[2021/01/23 15:17:30.581] - eth_getBalance
[2021/01/23 15:17:30.613] - eth_getTransactionCount
[2021/01/23 15:17:30.639] - eth_getBalance
[2021/01/23 15:17:30.672] - eth_getTransactionCount
[2021/01/23 15:17:30.704] - eth_getBalance
[2021/01/23 15:17:30.736] - eth_getTransactionCount
[2021/01/23 15:17:30.771] - eth_getBalance
[2021/01/23 15:17:30.804] - eth_getTransactionCount
[2021/01/23 15:17:30.837] - eth_getBalance
[2021/01/23 15:17:30.874] - eth_getTransactionCount
[2021/01/23 15:17:30.916] - eth_getBalance
[2021/01/23 15:17:30.949] - eth_getTransactionCount
[2021/01/23 15:17:30.980] - eth_getBalance
[2021/01/23 15:17:31.010] - eth_getTransactionCount
[2021/01/23 15:17:31.039] - eth_getBalance
[2021/01/23 15:17:31.071] - eth_getTransactionCount
[2021/01/23 15:17:31.106] - eth_getBalance
[2021/01/23 15:17:31.141] - eth_getTransactionCount
[2021/01/23 15:17:31.175] - eth_getBalance
[2021/01/23 15:17:31.206] - eth_getTransactionCount
[2021/01/23 15:17:31.248] - eth_getBalance
[2021/01/23 15:17:31.281] - eth_getTransactionCount
[2021/01/23 15:17:31.317] - eth_getBalance
[2021/01/23 15:17:31.350] - eth_getTransactionCount
[2021/01/23 15:17:31.383] - eth_getBalance
[2021/01/23 15:17:31.415] - eth_getTransactionCount
[2021/01/23 15:17:31.448] - eth_getBalance
[2021/01/23 15:17:31.480] - eth_getTransactionCount
[2021/01/23 15:17:31.507] - eth_getBalance
[2021/01/23 15:17:31.538] - eth_getTransactionCount
[2021/01/23 15:17:31.571] - eth_getBalance
[2021/01/23 15:17:31.604] - eth_getTransactionCount
[2021/01/23 15:17:31.701] - eth_getBalance
[2021/01/23 15:17:31.734] - eth_getTransactionCount
[2021/01/23 15:17:31.766] - eth_getBalance
[2021/01/23 15:17:31.799] - eth_getTransactionCount
[2021/01/23 15:17:31.829] - eth_getBalance
[2021/01/23 15:17:31.860] - eth_getTransactionCount
[2021/01/23 15:17:31.898] - eth_getBalance
[2021/01/23 15:17:31.932] - eth_getTransactionCount
[2021/01/23 15:17:31.964] - eth_getBalance
[2021/01/23 15:17:32.039] - eth_getTransactionCount
[2021/01/23 15:17:32.051] - eth_getBalance
[2021/01/23 15:17:32.084] - eth_getTransactionCount
[2021/01/23 15:17:32.120] - eth_getBalance
[2021/01/23 15:17:32.153] - eth_getTransactionCount
[2021/01/23 15:17:32.184] - eth_getBalance
[2021/01/23 15:17:32.213] - eth_getTransactionCount
[2021/01/23 15:17:32.239] - eth_getBalance
[2021/01/23 15:17:32.267] - eth_getTransactionCount
[2021/01/23 15:17:32.301] - eth_getBalance
[2021/01/23 15:17:32.330] - eth_getTransactionCount
[2021/01/23 15:17:32.360] - eth_getBalance
[2021/01/23 15:17:32.394] - eth_getTransactionCount
[2021/01/23 15:17:32.423] - eth_getBalance
[2021/01/23 15:17:32.452] - eth_getTransactionCount
[2021/01/23 15:17:32.482] - eth_getBalance
[2021/01/23 15:17:32.517] - eth_getTransactionCount
[2021/01/23 15:17:32.548] - eth_getBalance
[2021/01/23 15:17:32.580] - eth_getTransactionCount
[2021/01/23 15:17:32.606] - eth_getBalance
[2021/01/23 15:17:32.637] - eth_getTransactionCount
[2021/01/23 15:17:32.667] - eth_getBalance
[2021/01/23 15:17:32.694] - eth_getTransactionCount
[2021/01/23 15:17:32.721] - eth_getBalance
[2021/01/23 15:17:32.752] - eth_getTransactionCount
[2021/01/23 15:17:32.783] - eth_getBalance
[2021/01/23 15:17:32.812] - eth_getTransactionCount
[2021/01/23 15:17:32.840] - eth_getBalance
[2021/01/23 15:17:32.869] - eth_getTransactionCount
[2021/01/23 15:17:32.927] - eth_getBalance
[2021/01/23 15:17:32.949] - eth_getTransactionCount
[2021/01/23 15:17:32.979] - eth_getBalance
[2021/01/23 15:17:33.010] - eth_getTransactionCount
[2021/01/23 15:17:33.038] - eth_getBalance
[2021/01/23 15:17:33.095] - eth_getTransactionCount
[2021/01/23 15:17:33.132] - eth_getBalance
[2021/01/23 15:17:33.165] - eth_getTransactionCount
[2021/01/23 15:17:33.201] - eth_getBalance
[2021/01/23 15:17:33.232] - eth_getTransactionCount
[2021/01/23 15:17:33.261] - eth_getBalance
[2021/01/23 15:17:33.288] - eth_getTransactionCount
[2021/01/23 15:17:33.320] - eth_getBalance
[2021/01/23 15:17:33.350] - eth_getTransactionCount
[2021/01/23 15:17:33.382] - eth_getBalance
[2021/01/23 15:17:33.419] - eth_getTransactionCount
[2021/01/23 15:17:33.448] - eth_getBalance
[2021/01/23 15:17:33.482] - eth_getTransactionCount
[2021/01/23 15:17:33.515] - eth_getBalance
[2021/01/23 15:17:33.545] - eth_getTransactionCount
[2021/01/23 15:17:33.575] - eth_getBalance
[2021/01/23 15:17:33.604] - eth_getTransactionCount
[2021/01/23 15:17:33.657] - eth_getBalance
[2021/01/23 15:17:33.681] - eth_getTransactionCount
[2021/01/23 15:17:33.712] - eth_getBalance
[2021/01/23 15:17:33.742] - eth_getTransactionCount
[2021/01/23 15:17:33.771] - eth_getBalance
[2021/01/23 15:17:33.808] - eth_getTransactionCount
[2021/01/23 15:17:33.847] - eth_getBalance
[2021/01/23 15:17:33.887] - eth_getTransactionCount
[2021/01/23 15:17:33.929] - eth_getBalance
[2021/01/23 15:17:33.963] - eth_getTransactionCount
[2021/01/23 15:17:33.996] - eth_getBalance
[2021/01/23 15:17:34.031] - eth_getTransactionCount
[2021/01/23 15:17:34.067] - eth_getBalance
[2021/01/23 15:17:34.101] - eth_getTransactionCount
[2021/01/23 15:17:34.133] - eth_getBalance
[2021/01/23 15:17:34.168] - eth_getTransactionCount
[2021/01/23 15:17:34.200] - eth_getBalance
[2021/01/23 15:17:34.236] - eth_getTransactionCount
[2021/01/23 15:17:34.270] - eth_getBalance
[2021/01/23 15:17:34.301] - eth_getTransactionCount
[2021/01/23 15:17:34.339] - eth_getBalance
[2021/01/23 15:17:34.369] - eth_getTransactionCount
[2021/01/23 15:17:34.399] - eth_getBalance
[2021/01/23 15:17:34.429] - eth_getTransactionCount
[2021/01/23 15:17:34.456] - eth_getBalance
[2021/01/23 15:17:34.487] - eth_getTransactionCount
[2021/01/23 15:17:34.518] - eth_getBalance
[2021/01/23 15:17:34.550] - eth_getTransactionCount
[2021/01/23 15:17:34.582] - eth_getBalance
[2021/01/23 15:17:34.615] - eth_getTransactionCount
[2021/01/23 15:17:34.646] - eth_getBalance
[2021/01/23 15:17:34.682] - eth_getTransactionCount
[2021/01/23 15:17:34.713] - eth_getBalance
[2021/01/23 15:17:34.750] - eth_getTransactionCount
[2021/01/23 15:17:34.779] - eth_getBalance
[2021/01/23 15:17:34.822] - eth_getTransactionCount
[2021/01/23 15:17:34.853] - eth_getBalance
[2021/01/23 15:17:34.888] - eth_getTransactionCount
[2021/01/23 15:17:34.931] - eth_getBalance
[2021/01/23 15:17:34.960] - eth_getTransactionCount
[2021/01/23 15:17:34.992] - eth_getBalance
[2021/01/23 15:17:35.022] - eth_getTransactionCount
[2021/01/23 15:17:35.051] - eth_getBalance
[2021/01/23 15:17:35.082] - eth_getTransactionCount
[2021/01/23 15:17:35.112] - eth_getBalance
[2021/01/23 15:17:35.141] - eth_getTransactionCount
[2021/01/23 15:17:35.171] - eth_getBalance
[2021/01/23 15:17:35.214] - eth_getTransactionCount
[2021/01/23 15:17:35.247] - eth_getBalance
[2021/01/23 15:17:35.278] - eth_getTransactionCount
[2021/01/23 15:17:35.306] - eth_getBalance
[2021/01/23 15:17:35.341] - eth_getTransactionCount
[2021/01/23 15:17:35.375] - eth_getBalance
[2021/01/23 15:17:35.406] - eth_getTransactionCount
[2021/01/23 15:17:35.438] - eth_getBalance
[2021/01/23 15:17:35.468] - eth_getTransactionCount
[2021/01/23 15:17:35.497] - eth_getBalance
[2021/01/23 15:17:35.528] - eth_getTransactionCount
[2021/01/23 15:17:35.558] - eth_getBalance
[2021/01/23 15:17:35.586] - eth_getTransactionCount
[2021/01/23 15:17:35.621] - eth_getBalance
[2021/01/23 15:17:35.667] - eth_getTransactionCount
[2021/01/23 15:17:35.700] - eth_getBalance
[2021/01/23 15:17:35.735] - eth_getTransactionCount
[2021/01/23 15:17:35.768] - eth_getBalance
[2021/01/23 15:17:35.799] - eth_getTransactionCount
[2021/01/23 15:17:35.829] - eth_getBalance
[2021/01/23 15:17:35.857] - eth_getTransactionCount
[2021/01/23 15:17:35.888] - eth_getBalance
[2021/01/23 15:17:35.927] - eth_getTransactionCount
[2021/01/23 15:17:35.955] - eth_getBalance
[2021/01/23 15:17:35.986] - eth_getTransactionCount
[2021/01/23 15:17:36.034] - eth_getBalance
[2021/01/23 15:17:36.051] - eth_getTransactionCount
[2021/01/23 15:17:36.085] - eth_getBalance
[2021/01/23 15:17:36.115] - eth_getTransactionCount
[2021/01/23 15:17:36.145] - eth_getBalance
[2021/01/23 15:17:36.172] - eth_getTransactionCount
[2021/01/23 15:17:36.201] - eth_getBalance
[2021/01/23 15:17:36.234] - eth_getTransactionCount
[2021/01/23 15:17:36.262] - eth_getBalance
[2021/01/23 15:17:36.288] - eth_getTransactionCount
[2021/01/23 15:17:36.316] - eth_getBalance
[2021/01/23 15:17:36.346] - eth_getTransactionCount
[2021/01/23 15:17:36.378] - eth_getBalance
[2021/01/23 15:17:36.406] - eth_getTransactionCount
[2021/01/23 15:17:36.437] - eth_getBalance
[2021/01/23 15:17:36.470] - eth_getTransactionCount
[2021/01/23 15:17:36.497] - eth_getBalance
[2021/01/23 15:17:36.526] - eth_getTransactionCount
[2021/01/23 15:17:36.551] - eth_getBalance
[2021/01/23 15:17:36.580] - eth_getTransactionCount
[2021/01/23 15:17:36.609] - eth_getBalance
[2021/01/23 15:17:36.637] - eth_getTransactionCount
[2021/01/23 15:17:36.668] - eth_getBalance
[2021/01/23 15:17:36.705] - eth_getTransactionCount
[2021/01/23 15:17:36.734] - eth_getBalance
[2021/01/23 15:17:36.764] - eth_getTransactionCount
[2021/01/23 15:17:36.793] - eth_getBalance
[2021/01/23 15:17:36.819] - eth_getTransactionCount
[2021/01/23 15:17:36.847] - eth_getBalance
[2021/01/23 15:17:36.880] - eth_getTransactionCount
[2021/01/23 15:17:36.916] - eth_getBalance
[2021/01/23 15:17:36.946] - eth_getTransactionCount
[2021/01/23 15:17:36.974] - eth_getBalance
[2021/01/23 15:17:37.005] - eth_getTransactionCount
[2021/01/23 15:17:37.034] - eth_getBalance
[2021/01/23 15:17:37.064] - eth_getTransactionCount
[2021/01/23 15:17:37.092] - eth_getBalance
[2021/01/23 15:17:37.121] - eth_getTransactionCount
[2021/01/23 15:17:37.153] - eth_getBalance
[2021/01/23 15:17:37.184] - eth_getTransactionCount
[2021/01/23 15:17:37.215] - eth_getBalance
[2021/01/23 15:17:37.252] - eth_getTransactionCount
[2021/01/23 15:17:37.288] - eth_getBalance
[2021/01/23 15:17:37.317] - eth_getTransactionCount
[2021/01/23 15:17:37.356] - eth_getBalance
[2021/01/23 15:17:37.383] - eth_getTransactionCount
[2021/01/23 15:17:37.414] - eth_getBalance
[2021/01/23 15:17:37.445] - eth_getTransactionCount
[2021/01/23 15:17:37.475] - eth_getBalance
[2021/01/23 15:17:37.503] - eth_getTransactionCount
[2021/01/23 15:17:37.533] - eth_getBalance
[2021/01/23 15:17:37.564] - eth_getTransactionCount
[2021/01/23 15:17:37.592] - eth_getBalance
[2021/01/23 15:17:37.620] - eth_getTransactionCount
[2021/01/23 15:17:37.653] - eth_getBalance
[2021/01/23 15:17:37.685] - eth_getTransactionCount
[2021/01/23 15:17:37.720] - eth_getBalance
[2021/01/23 15:17:37.754] - eth_getTransactionCount
[2021/01/23 15:17:37.783] - eth_getBalance
[2021/01/23 15:17:37.817] - eth_getTransactionCount
[2021/01/23 15:17:37.847] - eth_getBalance
[2021/01/23 15:17:37.878] - eth_getTransactionCount
[2021/01/23 15:17:37.918] - eth_getBalance
[2021/01/23 15:17:37.951] - eth_getTransactionCount
[2021/01/23 15:17:37.980] - eth_getBalance
[2021/01/23 15:17:38.013] - eth_getTransactionCount
[2021/01/23 15:17:38.046] - eth_getBalance
[2021/01/23 15:17:38.077] - eth_getTransactionCount
[2021/01/23 15:17:38.106] - eth_getBalance
[2021/01/23 15:17:38.142] - eth_getTransactionCount
[2021/01/23 15:17:38.170] - eth_getBalance
[2021/01/23 15:17:38.202] - eth_getTransactionCount
[2021/01/23 15:17:38.237] - eth_getBalance
[2021/01/23 15:17:38.268] - eth_getTransactionCount
[2021/01/23 15:17:38.299] - eth_getBalance
[2021/01/23 15:17:38.330] - eth_getTransactionCount
[2021/01/23 15:17:38.361] - eth_getBalance
[2021/01/23 15:17:38.400] - eth_getTransactionCount
[2021/01/23 15:17:38.422] - eth_getBalance
[2021/01/23 15:17:38.454] - eth_getTransactionCount
[2021/01/23 15:17:38.484] - eth_getBalance
[2021/01/23 15:17:38.514] - eth_getTransactionCount
[2021/01/23 15:17:38.542] - eth_getBalance
[2021/01/23 15:17:38.581] - eth_getTransactionCount
[2021/01/23 15:17:38.613] - eth_getBalance
[2021/01/23 15:17:38.642] - eth_getTransactionCount
[2021/01/23 15:17:38.696] - eth_getBalance
[2021/01/23 15:17:38.730] - eth_getTransactionCount
[2021/01/23 15:17:38.758] - eth_getBalance
[2021/01/23 15:17:38.786] - eth_getTransactionCount
[2021/01/23 15:17:38.816] - eth_getBalance
[2021/01/23 15:17:38.844] - eth_getTransactionCount
[2021/01/23 15:17:38.872] - eth_getBalance
[2021/01/23 15:17:38.913] - eth_getTransactionCount
[2021/01/23 15:17:38.942] - eth_getBalance
[2021/01/23 15:17:38.973] - eth_getTransactionCount
[2021/01/23 15:17:39.012] - eth_getBalance
[2021/01/23 15:17:39.045] - eth_getTransactionCount
[2021/01/23 15:17:39.077] - eth_getBalance
[2021/01/23 15:17:39.111] - eth_getTransactionCount
[2021/01/23 15:17:39.138] - eth_getBalance
[2021/01/23 15:17:39.176] - eth_getTransactionCount
[2021/01/23 15:17:39.206] - eth_getBalance
[2021/01/23 15:17:39.241] - eth_getTransactionCount
[2021/01/23 15:17:39.273] - eth_getBalance
[2021/01/23 15:17:39.306] - eth_getTransactionCount
[2021/01/23 15:17:39.336] - eth_getBalance
[2021/01/23 15:17:39.370] - eth_getTransactionCount
[2021/01/23 15:17:39.400] - eth_getBalance
[2021/01/23 15:17:39.430] - eth_getTransactionCount
[2021/01/23 15:17:39.465] - eth_getBalance
[2021/01/23 15:17:39.498] - eth_getTransactionCount
[2021/01/23 15:17:39.528] - eth_getBalance
[2021/01/23 15:17:39.559] - eth_getTransactionCount
[2021/01/23 15:17:39.587] - eth_getBalance
[2021/01/23 15:17:39.617] - eth_getTransactionCount
[2021/01/23 15:17:39.648] - eth_getBalance
[2021/01/23 15:17:39.679] - eth_getTransactionCount
[2021/01/23 15:17:39.711] - eth_getBalance
[2021/01/23 15:17:39.740] - eth_getTransactionCount
[2021/01/23 15:17:39.770] - eth_getBalance
[2021/01/23 15:17:39.804] - eth_getTransactionCount
[2021/01/23 15:17:39.836] - eth_getBalance
[2021/01/23 15:17:39.872] - eth_getTransactionCount
[2021/01/23 15:17:39.907] - eth_getBalance
[2021/01/23 15:17:39.938] - eth_getTransactionCount
[2021/01/23 15:17:39.969] - eth_getBalance
[2021/01/23 15:17:40.001] - eth_getTransactionCount
[2021/01/23 15:17:40.030] - eth_getBalance
[2021/01/23 15:17:40.058] - eth_getTransactionCount
[2021/01/23 15:17:40.085] - eth_getBalance
[2021/01/23 15:17:40.114] - eth_getTransactionCount
[2021/01/23 15:17:40.144] - eth_getBalance
[2021/01/23 15:17:40.170] - eth_getTransactionCount
[2021/01/23 15:17:40.199] - eth_getBalance
[2021/01/23 15:17:40.229] - eth_getTransactionCount
[2021/01/23 15:17:40.260] - eth_getBalance
[2021/01/23 15:17:40.295] - eth_getTransactionCount
[2021/01/23 15:17:40.322] - eth_getBalance
[2021/01/23 15:17:40.351] - eth_getTransactionCount
[2021/01/23 15:17:40.380] - eth_getBalance
[2021/01/23 15:17:40.406] - eth_getTransactionCount
[2021/01/23 15:17:40.433] - eth_getBalance
[2021/01/23 15:17:40.461] - eth_getTransactionCount
[2021/01/23 15:17:40.489] - eth_getBalance
[2021/01/23 15:17:40.519] - eth_getTransactionCount
[2021/01/23 15:17:40.550] - eth_getBalance
[2021/01/23 15:17:40.577] - eth_getTransactionCount
[2021/01/23 15:17:40.605] - eth_getBalance
[2021/01/23 15:17:40.632] - eth_getTransactionCount
[2021/01/23 15:17:40.665] - eth_getBalance
[2021/01/23 15:17:40.691] - eth_getTransactionCount
[2021/01/23 15:17:40.719] - eth_getBalance
[2021/01/23 15:17:40.749] - eth_getTransactionCount
[2021/01/23 15:17:40.864] - eth_getBalance
[2021/01/23 15:17:40.867] - eth_getTransactionCount
[2021/01/23 15:17:40.879] - eth_getBalance
[2021/01/23 15:17:40.917] - eth_getTransactionCount
[2021/01/23 15:17:40.948] - eth_getBalance
[2021/01/23 15:17:40.981] - eth_getTransactionCount
[2021/01/23 15:17:41.014] - eth_getBalance
[2021/01/23 15:17:41.046] - eth_getTransactionCount
[2021/01/23 15:17:41.078] - eth_getBalance
[2021/01/23 15:17:41.111] - eth_getTransactionCount
[2021/01/23 15:17:41.147] - eth_getBalance
[2021/01/23 15:17:41.176] - eth_getTransactionCount
[2021/01/23 15:17:41.209] - eth_getBalance
[2021/01/23 15:17:41.237] - eth_getTransactionCount
[2021/01/23 15:17:41.268] - eth_getBalance
[2021/01/23 15:17:41.302] - eth_getTransactionCount
[2021/01/23 15:17:41.333] - eth_getBalance
[2021/01/23 15:17:41.364] - eth_getTransactionCount
[2021/01/23 15:17:41.398] - eth_getBalance
[2021/01/23 15:17:41.431] - eth_getTransactionCount
[2021/01/23 15:17:41.463] - eth_getBalance
[2021/01/23 15:17:41.497] - eth_getTransactionCount
[2021/01/23 15:17:41.531] - eth_getBalance
[2021/01/23 15:17:41.565] - eth_getTransactionCount
[2021/01/23 15:17:41.597] - eth_getBalance
[2021/01/23 15:17:41.629] - eth_getTransactionCount
[2021/01/23 15:17:41.661] - eth_getBalance
[2021/01/23 15:17:41.689] - eth_getTransactionCount
[2021/01/23 15:17:41.720] - eth_getBalance
[2021/01/23 15:17:41.751] - eth_getTransactionCount
[2021/01/23 15:17:41.781] - eth_getBalance
[2021/01/23 15:17:41.811] - eth_getTransactionCount
[2021/01/23 15:17:41.841] - eth_getBalance
[2021/01/23 15:17:41.872] - eth_getTransactionCount
[2021/01/23 15:17:41.907] - eth_getBalance
[2021/01/23 15:17:41.939] - eth_getTransactionCount
[2021/01/23 15:17:41.969] - eth_getBalance
[2021/01/23 15:17:42.014] - eth_getTransactionCount
[2021/01/23 15:17:42.042] - eth_getBalance
[2021/01/23 15:17:42.114] - eth_getTransactionCount
[2021/01/23 15:17:42.128] - eth_getBalance
[2021/01/23 15:17:42.157] - eth_getTransactionCount
[2021/01/23 15:17:42.187] - eth_getBalance
[2021/01/23 15:17:42.217] - eth_getTransactionCount
[2021/01/23 15:17:42.249] - eth_getBalance
[2021/01/23 15:17:42.285] - eth_getTransactionCount
[2021/01/23 15:17:42.318] - eth_getBalance
[2021/01/23 15:17:42.351] - eth_getTransactionCount
[2021/01/23 15:17:42.381] - eth_getBalance
[2021/01/23 15:17:42.409] - eth_getTransactionCount
[2021/01/23 15:17:42.444] - eth_getBalance
[2021/01/23 15:17:42.475] - eth_getTransactionCount
[2021/01/23 15:17:42.503] - eth_getBalance
[2021/01/23 15:17:42.533] - eth_getTransactionCount
[2021/01/23 15:17:42.564] - eth_getBalance
[2021/01/23 15:17:42.597] - eth_getTransactionCount
[2021/01/23 15:17:42.630] - eth_getBalance
[2021/01/23 15:17:42.678] - eth_getTransactionCount
[2021/01/23 15:17:42.692] - eth_getBalance
[2021/01/23 15:17:42.720] - eth_getTransactionCount
[2021/01/23 15:17:42.750] - eth_getBalance
[2021/01/23 15:17:42.782] - eth_getTransactionCount
[2021/01/23 15:17:42.814] - eth_getBalance
[2021/01/23 15:17:42.843] - eth_getTransactionCount
[2021/01/23 15:17:42.880] - eth_getBalance
[2021/01/23 15:17:42.921] - eth_getTransactionCount
[2021/01/23 15:17:42.951] - eth_getBalance
[2021/01/23 15:17:42.986] - eth_getTransactionCount
[2021/01/23 15:17:43.018] - eth_getBalance
[2021/01/23 15:17:43.050] - eth_getTransactionCount
[2021/01/23 15:17:43.082] - eth_getBalance
[2021/01/23 15:17:43.114] - eth_getTransactionCount
[2021/01/23 15:17:43.142] - eth_getBalance
[2021/01/23 15:17:43.176] - eth_getTransactionCount
[2021/01/23 15:17:44.081] - eth_getBalance
[2021/01/23 15:17:44.109] - eth_getTransactionCount
[2021/01/23 15:17:44.140] - eth_getBalance
[2021/01/23 15:17:44.171] - eth_getTransactionCount
[2021/01/23 15:17:44.195] - eth_getBalance
[2021/01/23 15:17:44.226] - eth_getTransactionCount
[2021/01/23 15:17:44.252] - eth_getBalance
[2021/01/23 15:17:44.282] - eth_getTransactionCount
[2021/01/23 15:17:44.313] - eth_getBalance
[2021/01/23 15:17:44.345] - eth_getTransactionCount
[2021/01/23 15:17:44.376] - eth_getBalance
[2021/01/23 15:17:44.414] - eth_getTransactionCount
[2021/01/23 15:17:44.453] - eth_getBalance
[2021/01/23 15:17:44.489] - eth_getTransactionCount
[2021/01/23 15:17:44.524] - eth_getBalance
[2021/01/23 15:17:44.555] - eth_getTransactionCount
[2021/01/23 15:17:44.592] - eth_getBalance
[2021/01/23 15:17:44.635] - eth_getTransactionCount
[2021/01/23 15:17:44.669] - eth_getBalance
[2021/01/23 15:17:44.704] - eth_getTransactionCount
[2021/01/23 15:17:44.738] - eth_getBalance
[2021/01/23 15:17:44.781] - eth_getTransactionCount
[2021/01/23 15:17:44.814] - eth_getBalance
[2021/01/23 15:17:44.846] - eth_getTransactionCount
[2021/01/23 15:17:44.894] - eth_getBalance
[2021/01/23 15:17:44.933] - eth_getTransactionCount
[2021/01/23 15:17:44.966] - eth_getBalance
[2021/01/23 15:17:45.004] - eth_getTransactionCount
[2021/01/23 15:17:45.053] - eth_getBalance
[2021/01/23 15:17:45.092] - eth_getTransactionCount
[2021/01/23 15:17:45.133] - eth_getBalance
[2021/01/23 15:17:45.172] - eth_getTransactionCount
[2021/01/23 15:17:45.204] - eth_getBalance
[2021/01/23 15:17:45.243] - eth_getTransactionCount
[2021/01/23 15:17:45.275] - eth_getBalance
[2021/01/23 15:17:45.307] - eth_getTransactionCount
[2021/01/23 15:17:45.356] - eth_getBalance
[2021/01/23 15:17:45.382] - eth_getTransactionCount
[2021/01/23 15:17:45.437] - eth_getBalance
[2021/01/23 15:17:45.501] - eth_getTransactionCount
[2021/01/23 15:17:45.527] - eth_getBalance
[2021/01/23 15:17:45.569] - eth_getTransactionCount
[2021/01/23 15:17:45.608] - eth_getBalance
[2021/01/23 15:17:45.643] - eth_getTransactionCount
[2021/01/23 15:17:45.680] - eth_getBalance
[2021/01/23 15:17:45.718] - eth_getTransactionCount
[2021/01/23 15:17:45.759] - eth_getBalance
[2021/01/23 15:17:45.792] - eth_getTransactionCount
[2021/01/23 15:17:45.829] - eth_getBalance
[2021/01/23 15:17:45.896] - eth_getTransactionCount
[2021/01/23 15:17:45.913] - eth_getBalance
[2021/01/23 15:17:45.960] - eth_getTransactionCount
[2021/01/23 15:17:45.991] - eth_getBalance
[2021/01/23 15:17:46.024] - eth_getTransactionCount
[2021/01/23 15:17:46.057] - eth_getBalance
[2021/01/23 15:17:46.099] - eth_getTransactionCount
[2021/01/23 15:17:46.136] - eth_getBalance
[2021/01/23 15:17:46.179] - eth_getTransactionCount
[2021/01/23 15:17:46.222] - eth_getBalance
[2021/01/23 15:17:46.258] - eth_getTransactionCount
[2021/01/23 15:17:46.291] - eth_getBalance
[2021/01/23 15:17:46.336] - eth_getTransactionCount
[2021/01/23 15:17:46.375] - eth_getBalance
[2021/01/23 15:17:46.415] - eth_getTransactionCount
[2021/01/23 15:17:46.462] - eth_getBalance
[2021/01/23 15:17:46.503] - eth_getTransactionCount
[2021/01/23 15:17:46.534] - eth_getBalance
[2021/01/23 15:17:46.573] - eth_getTransactionCount
[2021/01/23 15:17:46.604] - eth_getBalance
[2021/01/23 15:17:46.637] - eth_getTransactionCount
[2021/01/23 15:17:46.677] - eth_getBalance
[2021/01/23 15:17:46.717] - eth_getTransactionCount
[2021/01/23 15:17:46.764] - eth_getBalance
[2021/01/23 15:17:46.811] - eth_getTransactionCount
[2021/01/23 15:17:46.841] - eth_getBalance
[2021/01/23 15:17:46.915] - eth_getTransactionCount
[2021/01/23 15:17:46.937] - eth_getBalance
[2021/01/23 15:17:46.971] - eth_getTransactionCount
[2021/01/23 15:17:47.018] - eth_getBalance
[2021/01/23 15:17:47.058] - eth_getTransactionCount
[2021/01/23 15:17:47.105] - eth_getBalance
[2021/01/23 15:17:47.139] - eth_getTransactionCount
[2021/01/23 15:17:47.180] - eth_getBalance
[2021/01/23 15:17:47.214] - eth_getTransactionCount
[2021/01/23 15:17:47.247] - eth_getBalance
[2021/01/23 15:17:47.284] - eth_getTransactionCount
[2021/01/23 15:17:47.319] - eth_getBalance
[2021/01/23 15:17:47.355] - eth_getTransactionCount
[2021/01/23 15:17:47.401] - eth_getBalance
[2021/01/23 15:17:47.434] - eth_getTransactionCount
[2021/01/23 15:17:47.468] - eth_getBalance
[2021/01/23 15:17:47.500] - eth_getTransactionCount
[2021/01/23 15:17:47.541] - eth_getBalance
[2021/01/23 15:17:47.577] - eth_getTransactionCount
[2021/01/23 15:17:47.624] - eth_getBalance
[2021/01/23 15:17:47.661] - eth_getTransactionCount
[2021/01/23 15:17:47.702] - eth_getBalance
[2021/01/23 15:17:47.738] - eth_getTransactionCount
[2021/01/23 15:17:47.771] - eth_getBalance
[2021/01/23 15:17:47.803] - eth_getTransactionCount
[2021/01/23 15:17:47.836] - eth_getBalance
[2021/01/23 15:17:47.870] - eth_getTransactionCount
[2021/01/23 15:17:47.914] - eth_getBalance
[2021/01/23 15:17:47.960] - eth_getTransactionCount
[2021/01/23 15:17:47.992] - eth_getBalance
[2021/01/23 15:17:48.023] - eth_getTransactionCount
[2021/01/23 15:17:48.050] - eth_getBalance
[2021/01/23 15:17:48.079] - eth_getTransactionCount
[2021/01/23 15:17:48.106] - eth_getBalance
[2021/01/23 15:17:48.135] - eth_getTransactionCount
[2021/01/23 15:17:48.163] - eth_getBalance
[2021/01/23 15:17:48.192] - eth_getTransactionCount
[2021/01/23 15:17:48.221] - eth_getBalance
[2021/01/23 15:17:48.281] - eth_getTransactionCount
[2021/01/23 15:17:48.285] - eth_getBalance
[2021/01/23 15:17:48.306] - eth_getTransactionCount
[2021/01/23 15:17:48.333] - eth_getBalance
[2021/01/23 15:17:48.361] - eth_getTransactionCount
[2021/01/23 15:17:48.391] - eth_getBalance
[2021/01/23 15:17:48.423] - eth_getTransactionCount
[2021/01/23 15:17:48.452] - eth_getBalance
[2021/01/23 15:17:48.484] - eth_getTransactionCount
[2021/01/23 15:17:48.512] - eth_getBalance
[2021/01/23 15:17:48.540] - eth_getTransactionCount
[2021/01/23 15:17:48.569] - eth_getBalance
[2021/01/23 15:17:48.597] - eth_getTransactionCount
[2021/01/23 15:17:48.645] - eth_getBalance
[2021/01/23 15:17:48.669] - eth_getTransactionCount
[2021/01/23 15:17:48.701] - eth_getBalance
[2021/01/23 15:17:48.734] - eth_getTransactionCount
[2021/01/23 15:17:48.767] - eth_getBalance
[2021/01/23 15:17:48.801] - eth_getTransactionCount
[2021/01/23 15:17:48.837] - eth_getBalance
[2021/01/23 15:17:48.869] - eth_getTransactionCount
[2021/01/23 15:17:48.914] - eth_getBalance
[2021/01/23 15:17:48.953] - eth_getTransactionCount
[2021/01/23 15:17:48.991] - eth_getBalance
[2021/01/23 15:17:49.024] - eth_getTransactionCount
[2021/01/23 15:17:49.065] - eth_getBalance
[2021/01/23 15:17:49.085] - eth_getTransactionCount
[2021/01/23 15:17:49.115] - eth_getBalance
[2021/01/23 15:17:49.161] - eth_getTransactionCount
[2021/01/23 15:17:49.189] - eth_getBalance
[2021/01/23 15:17:49.219] - eth_getTransactionCount
[2021/01/23 15:17:49.250] - eth_getBalance
[2021/01/23 15:17:49.279] - eth_getTransactionCount
[2021/01/23 15:17:49.315] - eth_getBalance
[2021/01/23 15:17:49.346] - eth_getTransactionCount
[2021/01/23 15:17:49.377] - eth_getBalance
[2021/01/23 15:17:49.414] - eth_getTransactionCount
[2021/01/23 15:17:49.446] - eth_getBalance
[2021/01/23 15:17:49.475] - eth_getTransactionCount
[2021/01/23 15:17:50.615] - eth_getBalance
[2021/01/23 15:17:50.620] - eth_getTransactionCount
[2021/01/23 15:17:50.629] - eth_getBalance
[2021/01/23 15:17:50.633] - eth_getTransactionCount
[2021/01/23 15:17:50.642] - eth_getBalance
[2021/01/23 15:17:50.646] - eth_getTransactionCount
[2021/01/23 15:17:50.649] - eth_getBalance
[2021/01/23 15:17:50.652] - eth_getTransactionCount
[2021/01/23 15:17:50.655] - eth_getBalance
[2021/01/23 15:17:50.660] - eth_getTransactionCount
[2021/01/23 15:17:50.663] - eth_getBalance
[2021/01/23 15:17:50.666] - eth_getTransactionCount
[2021/01/23 15:17:50.671] - eth_getBalance
[2021/01/23 15:17:50.676] - eth_getTransactionCount
[2021/01/23 15:17:50.683] - eth_getBalance
[2021/01/23 15:17:50.686] - eth_getTransactionCount
[2021/01/23 15:17:50.694] - eth_getBalance
[2021/01/23 15:17:50.698] - eth_getTransactionCount
[2021/01/23 15:17:50.702] - eth_getBalance
[2021/01/23 15:17:50.706] - eth_getTransactionCount
[2021/01/23 15:17:50.711] - eth_getBalance
[2021/01/23 15:17:50.716] - eth_getTransactionCount
[2021/01/23 15:17:50.720] - eth_getBalance
[2021/01/23 15:17:50.727] - eth_getTransactionCount
[2021/01/23 15:17:50.731] - eth_getBalance
[2021/01/23 15:17:50.739] - eth_getTransactionCount
[2021/01/23 15:17:50.745] - eth_getBalance
[2021/01/23 15:17:50.752] - eth_getTransactionCount
[2021/01/23 15:18:04.476] - eth_getBlockByNumber
[2021/01/23 15:18:05.918] - eth_getBlockByNumber
[2021/01/23 15:18:06.566] - eth_getBlockByNumber
[2021/01/23 15:18:11.126] - eth_getBlockTransactionCountByHash
[2021/01/23 15:18:11.160] - eth_getLogs
[2021/01/23 15:35:44.924] - eth_unsubscribe
[2021/01/23 15:35:44.974] - eth_unsubscribe
