[2021/01/25 21:50:51.242] - Starting server with initial configuration: {"gasLimit":6721975,"gasPrice":20000000000,"hardfork":"muirGlacier","hostname":"0.0.0.0","port":60000,"network_id":1121,"default_balance_ether":100000000,"total_accounts":90,"unlocked_accounts":[],"locked":false,"vmErrorsOnRPCResponse":true,"verbose":false,"db_path":"C:\\Users\\bilal\\AppData\\Roaming\\Ganache\\workspaces\\The-Blockchain-of-Hallie-Mill-Rd\\chaindata","logDirectory":"C:\\Users\\bilal\\OneDrive\\Documents\\GitHub\\Solidity-Files\\Ganache Log Files"}
[2021/01/25 21:50:54.195] - eth_subscribe
[2021/01/25 21:50:54.204] - eth_getLogs
[2021/01/25 21:50:54.211] - eth_subscribe
[2021/01/25 21:50:54.496] - eth_subscribe
[2021/01/25 21:50:54.501] - eth_getLogs
[2021/01/25 21:50:54.506] - eth_subscribe
[2021/01/25 21:50:54.848] - eth_blockNumber
[2021/01/25 21:50:54.853] - eth_accounts
[2021/01/25 21:50:54.857] - eth_blockNumber
[2021/01/25 21:50:54.862] - eth_gasPrice
[2021/01/25 21:50:54.866] - eth_accounts
[2021/01/25 21:50:54.871] - eth_getBlockByNumber
[2021/01/25 21:50:54.878] - eth_gasPrice
[2021/01/25 21:50:54.884] - eth_getBlockByNumber
[2021/01/25 21:50:54.889] - eth_subscribe
[2021/01/25 21:50:54.894] - eth_subscribe
[2021/01/25 21:50:54.999] - eth_accounts
[2021/01/25 21:50:55.591] - eth_getBalance
[2021/01/25 21:50:55.686] - eth_getTransactionCount
[2021/01/25 21:50:55.739] - eth_getBalance
[2021/01/25 21:50:55.786] - eth_getTransactionCount
[2021/01/25 21:50:55.849] - eth_getBalance
[2021/01/25 21:50:55.923] - eth_getTransactionCount
[2021/01/25 21:50:56.007] - eth_getBalance
[2021/01/25 21:50:56.059] - eth_getTransactionCount
[2021/01/25 21:50:56.116] - eth_getBalance
[2021/01/25 21:50:56.171] - eth_getTransactionCount
[2021/01/25 21:50:56.224] - eth_getBalance
[2021/01/25 21:50:56.275] - eth_getTransactionCount
[2021/01/25 21:50:56.328] - eth_getBalance
[2021/01/25 21:50:56.390] - eth_getTransactionCount
[2021/01/25 21:50:56.471] - eth_getBalance
[2021/01/25 21:50:56.536] - eth_getTransactionCount
[2021/01/25 21:50:56.607] - eth_getBalance
[2021/01/25 21:50:56.661] - eth_getTransactionCount
[2021/01/25 21:50:56.702] - eth_getBalance
[2021/01/25 21:50:56.752] - eth_getTransactionCount
[2021/01/25 21:50:56.797] - eth_getBalance
[2021/01/25 21:50:56.847] - eth_getTransactionCount
[2021/01/25 21:50:56.895] - eth_getBalance
[2021/01/25 21:50:56.960] - eth_getTransactionCount
[2021/01/25 21:50:57.028] - eth_getBalance
[2021/01/25 21:50:57.089] - eth_getTransactionCount
[2021/01/25 21:50:57.150] - eth_getBalance
[2021/01/25 21:50:57.226] - eth_getTransactionCount
[2021/01/25 21:50:57.288] - eth_getBalance
[2021/01/25 21:50:57.362] - eth_getTransactionCount
[2021/01/25 21:50:57.401] - eth_getBalance
[2021/01/25 21:50:57.435] - eth_getTransactionCount
[2021/01/25 21:50:57.476] - eth_getBalance
[2021/01/25 21:50:57.508] - eth_getTransactionCount
[2021/01/25 21:50:57.538] - eth_getBalance
[2021/01/25 21:50:57.580] - eth_getTransactionCount
[2021/01/25 21:50:57.619] - eth_getBalance
[2021/01/25 21:50:57.669] - eth_getTransactionCount
[2021/01/25 21:50:57.712] - eth_getBalance
[2021/01/25 21:50:57.753] - eth_getTransactionCount
[2021/01/25 21:50:57.785] - eth_getBalance
[2021/01/25 21:50:57.833] - eth_getTransactionCount
[2021/01/25 21:50:57.873] - eth_getBalance
[2021/01/25 21:50:57.906] - eth_getTransactionCount
[2021/01/25 21:50:57.942] - eth_getBalance
[2021/01/25 21:50:57.986] - eth_getTransactionCount
[2021/01/25 21:50:58.045] - eth_getBalance
[2021/01/25 21:50:58.084] - eth_getTransactionCount
[2021/01/25 21:50:58.150] - eth_getBalance
[2021/01/25 21:50:58.257] - eth_getTransactionCount
[2021/01/25 21:50:58.331] - eth_getBalance
[2021/01/25 21:50:58.383] - eth_getTransactionCount
[2021/01/25 21:50:58.410] - eth_getBalance
[2021/01/25 21:50:58.445] - eth_getTransactionCount
[2021/01/25 21:50:58.476] - eth_getBalance
[2021/01/25 21:50:58.506] - eth_getTransactionCount
[2021/01/25 21:50:58.550] - eth_getBalance
[2021/01/25 21:50:58.577] - eth_getTransactionCount
[2021/01/25 21:50:58.610] - eth_getBalance
[2021/01/25 21:50:58.638] - eth_getTransactionCount
[2021/01/25 21:50:58.678] - eth_getBalance
[2021/01/25 21:50:58.707] - eth_getTransactionCount
[2021/01/25 21:50:58.745] - eth_getBalance
[2021/01/25 21:50:58.773] - eth_getTransactionCount
[2021/01/25 21:50:58.806] - eth_getBalance
[2021/01/25 21:50:58.836] - eth_getTransactionCount
[2021/01/25 21:50:58.871] - eth_getBalance
[2021/01/25 21:50:58.906] - eth_getTransactionCount
[2021/01/25 21:50:58.937] - eth_getBalance
[2021/01/25 21:50:58.990] - eth_getTransactionCount
[2021/01/25 21:50:59.094] - eth_getBalance
[2021/01/25 21:50:59.424] - eth_getTransactionCount
[2021/01/25 21:50:59.429] - eth_getBalance
[2021/01/25 21:50:59.437] - eth_getTransactionCount
[2021/01/25 21:50:59.440] - eth_getBalance
[2021/01/25 21:50:59.452] - eth_getTransactionCount
[2021/01/25 21:50:59.486] - eth_getBalance
[2021/01/25 21:50:59.490] - eth_getTransactionCount
[2021/01/25 21:50:59.494] - eth_getBalance
[2021/01/25 21:50:59.497] - eth_getTransactionCount
[2021/01/25 21:50:59.501] - eth_getBalance
[2021/01/25 21:50:59.504] - eth_getTransactionCount
[2021/01/25 21:50:59.512] - eth_getBalance
[2021/01/25 21:50:59.542] - eth_getTransactionCount
[2021/01/25 21:50:59.571] - eth_getBalance
[2021/01/25 21:50:59.598] - eth_getTransactionCount
[2021/01/25 21:50:59.627] - eth_getBalance
[2021/01/25 21:50:59.658] - eth_getTransactionCount
[2021/01/25 21:50:59.690] - eth_getBalance
[2021/01/25 21:50:59.728] - eth_getTransactionCount
[2021/01/25 21:50:59.758] - eth_getBalance
[2021/01/25 21:50:59.791] - eth_getTransactionCount
[2021/01/25 21:50:59.821] - eth_getBalance
[2021/01/25 21:50:59.852] - eth_getTransactionCount
[2021/01/25 21:51:00.298] - eth_getBalance
[2021/01/25 21:51:00.339] - eth_getTransactionCount
[2021/01/25 21:51:00.568] - eth_getBalance
[2021/01/25 21:51:00.573] - eth_getTransactionCount
[2021/01/25 21:51:00.678] - eth_getBalance
[2021/01/25 21:51:00.780] - eth_getTransactionCount
[2021/01/25 21:51:00.793] - eth_getBalance
[2021/01/25 21:51:00.841] - eth_getTransactionCount
[2021/01/25 21:51:00.884] - eth_getBalance
[2021/01/25 21:51:00.941] - eth_getTransactionCount
[2021/01/25 21:51:01.010] - eth_getBalance
[2021/01/25 21:51:01.094] - eth_getTransactionCount
[2021/01/25 21:51:01.149] - eth_getBalance
[2021/01/25 21:51:01.198] - eth_getTransactionCount
[2021/01/25 21:51:01.242] - eth_getBalance
[2021/01/25 21:51:01.299] - eth_getTransactionCount
[2021/01/25 21:51:01.360] - eth_getBalance
[2021/01/25 21:51:01.433] - eth_getTransactionCount
[2021/01/25 21:51:01.480] - eth_getBalance
[2021/01/25 21:51:01.521] - eth_getTransactionCount
[2021/01/25 21:51:01.600] - eth_getBalance
[2021/01/25 21:51:01.661] - eth_getTransactionCount
[2021/01/25 21:51:01.705] - eth_getBalance
[2021/01/25 21:51:01.736] - eth_getTransactionCount
[2021/01/25 21:51:01.776] - eth_getBalance
[2021/01/25 21:51:01.826] - eth_getTransactionCount
[2021/01/25 21:51:01.876] - eth_getBalance
[2021/01/25 21:51:01.923] - eth_getTransactionCount
[2021/01/25 21:51:02.064] - eth_getBalance
[2021/01/25 21:51:02.142] - eth_getTransactionCount
[2021/01/25 21:51:02.196] - eth_getBalance
[2021/01/25 21:51:02.312] - eth_getTransactionCount
[2021/01/25 21:51:02.365] - eth_getBalance
[2021/01/25 21:51:02.412] - eth_getTransactionCount
[2021/01/25 21:51:02.461] - eth_getBalance
[2021/01/25 21:51:02.506] - eth_getTransactionCount
[2021/01/25 21:51:02.563] - eth_getBalance
[2021/01/25 21:51:02.609] - eth_getTransactionCount
[2021/01/25 21:51:02.649] - eth_getBalance
[2021/01/25 21:51:02.710] - eth_getTransactionCount
[2021/01/25 21:51:02.753] - eth_getBalance
[2021/01/25 21:51:02.806] - eth_getTransactionCount
[2021/01/25 21:51:02.858] - eth_getBalance
[2021/01/25 21:51:02.895] - eth_getTransactionCount
[2021/01/25 21:51:02.926] - eth_getBalance
[2021/01/25 21:51:02.962] - eth_getTransactionCount
[2021/01/25 21:51:02.992] - eth_getBalance
[2021/01/25 21:51:03.018] - eth_getTransactionCount
[2021/01/25 21:51:03.049] - eth_getBalance
[2021/01/25 21:51:03.093] - eth_getTransactionCount
[2021/01/25 21:51:03.123] - eth_getBalance
[2021/01/25 21:51:03.149] - eth_getTransactionCount
[2021/01/25 21:51:03.183] - eth_getBalance
[2021/01/25 21:51:03.212] - eth_getTransactionCount
[2021/01/25 21:51:03.244] - eth_getBalance
[2021/01/25 21:51:03.286] - eth_getTransactionCount
[2021/01/25 21:51:03.316] - eth_getBalance
[2021/01/25 21:51:03.341] - eth_getTransactionCount
[2021/01/25 21:51:03.367] - eth_getBalance
[2021/01/25 21:51:03.394] - eth_getTransactionCount
[2021/01/25 21:51:03.423] - eth_getBalance
[2021/01/25 21:51:03.449] - eth_getTransactionCount
[2021/01/25 21:51:03.476] - eth_getBalance
[2021/01/25 21:51:03.510] - eth_getTransactionCount
[2021/01/25 21:51:03.538] - eth_getBalance
[2021/01/25 21:51:03.566] - eth_getTransactionCount
[2021/01/25 21:51:03.595] - eth_getBalance
[2021/01/25 21:51:03.624] - eth_getTransactionCount
[2021/01/25 21:51:03.655] - eth_getBalance
[2021/01/25 21:51:03.686] - eth_getTransactionCount
[2021/01/25 21:51:03.711] - eth_getBalance
[2021/01/25 21:51:03.739] - eth_getTransactionCount
[2021/01/25 21:51:03.764] - eth_getBalance
[2021/01/25 21:51:03.792] - eth_getTransactionCount
[2021/01/25 21:51:03.818] - eth_getBalance
[2021/01/25 21:51:03.845] - eth_getTransactionCount
[2021/01/25 21:51:03.876] - eth_getBalance
[2021/01/25 21:51:03.925] - eth_getTransactionCount
[2021/01/25 21:51:03.976] - eth_getBalance
[2021/01/25 21:51:04.052] - eth_getTransactionCount
[2021/01/25 21:51:04.106] - eth_getBalance
[2021/01/25 21:51:04.215] - eth_getTransactionCount
[2021/01/25 21:51:04.258] - eth_getBalance
[2021/01/25 21:51:04.303] - eth_getTransactionCount
[2021/01/25 21:51:04.338] - eth_getBalance
[2021/01/25 21:51:04.373] - eth_getTransactionCount
[2021/01/25 21:51:04.481] - eth_getBalance
[2021/01/25 21:51:04.530] - eth_getTransactionCount
[2021/01/25 21:51:04.559] - eth_getBalance
[2021/01/25 21:51:04.594] - eth_getTransactionCount
[2021/01/25 21:51:04.627] - eth_getBalance
[2021/01/25 21:51:04.665] - eth_getTransactionCount
[2021/01/25 21:51:04.694] - eth_getBalance
[2021/01/25 21:51:04.741] - eth_getTransactionCount
[2021/01/25 21:51:04.786] - eth_getBalance
[2021/01/25 21:51:04.837] - eth_getTransactionCount
[2021/01/25 21:51:04.896] - eth_getBalance
[2021/01/25 21:51:05.002] - eth_getTransactionCount
[2021/01/25 21:51:05.036] - eth_getBalance
[2021/01/25 21:51:05.066] - eth_getTransactionCount
[2021/01/25 21:51:05.110] - eth_getBalance
[2021/01/25 21:51:05.149] - eth_getTransactionCount
[2021/01/25 21:51:05.181] - eth_getBalance
[2021/01/25 21:51:05.215] - eth_getTransactionCount
[2021/01/25 21:51:05.315] - eth_getBalance
[2021/01/25 21:51:05.411] - eth_getTransactionCount
[2021/01/25 21:51:05.444] - eth_getBalance
[2021/01/25 21:51:05.477] - eth_getTransactionCount
[2021/01/25 21:51:05.517] - eth_getBalance
[2021/01/25 21:51:05.575] - eth_getTransactionCount
[2021/01/25 21:51:05.619] - eth_getBalance
[2021/01/25 21:51:05.684] - eth_getTransactionCount
[2021/01/25 21:51:05.765] - eth_getBalance
[2021/01/25 21:51:05.894] - eth_getTransactionCount
[2021/01/25 21:51:05.983] - eth_getBalance
[2021/01/25 21:51:06.023] - eth_getTransactionCount
[2021/01/25 21:51:06.058] - eth_getBalance
[2021/01/25 21:51:06.122] - eth_getTransactionCount
[2021/01/25 21:51:06.163] - eth_getBalance
[2021/01/25 21:51:06.211] - eth_getTransactionCount
[2021/01/25 21:51:06.262] - eth_getBalance
[2021/01/25 21:51:06.362] - eth_getTransactionCount
[2021/01/25 21:51:06.430] - eth_getBalance
[2021/01/25 21:51:06.472] - eth_getTransactionCount
[2021/01/25 21:51:06.505] - eth_getBalance
[2021/01/25 21:51:06.534] - eth_getTransactionCount
[2021/01/25 21:51:06.578] - eth_getBalance
[2021/01/25 21:51:06.611] - eth_getTransactionCount
[2021/01/25 21:51:06.671] - eth_getBalance
[2021/01/25 21:51:06.715] - eth_getTransactionCount
[2021/01/25 21:51:06.743] - eth_getBalance
[2021/01/25 21:51:06.770] - eth_getTransactionCount
[2021/01/25 21:51:06.797] - eth_getBalance
[2021/01/25 21:51:06.833] - eth_getTransactionCount
[2021/01/25 21:51:06.885] - eth_getBalance
[2021/01/25 21:51:06.927] - eth_getTransactionCount
[2021/01/25 21:51:06.958] - eth_getBalance
[2021/01/25 21:51:06.993] - eth_getTransactionCount
[2021/01/25 21:51:07.031] - eth_getBalance
[2021/01/25 21:51:07.077] - eth_getTransactionCount
[2021/01/25 21:51:07.114] - eth_getBalance
[2021/01/25 21:51:07.196] - eth_getTransactionCount
[2021/01/25 21:51:07.214] - eth_getBalance
[2021/01/25 21:51:07.247] - eth_getTransactionCount
[2021/01/25 21:51:07.290] - eth_getBalance
[2021/01/25 21:51:07.349] - eth_getTransactionCount
[2021/01/25 21:51:07.382] - eth_getBalance
[2021/01/25 21:51:07.425] - eth_getTransactionCount
[2021/01/25 21:51:07.451] - eth_getBalance
[2021/01/25 21:51:07.479] - eth_getTransactionCount
[2021/01/25 21:51:07.520] - eth_getBalance
[2021/01/25 21:51:07.560] - eth_getTransactionCount
[2021/01/25 21:51:07.588] - eth_getBalance
[2021/01/25 21:51:07.629] - eth_getTransactionCount
[2021/01/25 21:51:07.665] - eth_getBalance
[2021/01/25 21:51:07.701] - eth_getTransactionCount
[2021/01/25 21:51:07.729] - eth_getBalance
[2021/01/25 21:51:07.759] - eth_getTransactionCount
[2021/01/25 21:51:07.789] - eth_getBalance
[2021/01/25 21:51:07.838] - eth_getTransactionCount
[2021/01/25 21:51:07.882] - eth_getBalance
[2021/01/25 21:51:07.929] - eth_getTransactionCount
[2021/01/25 21:51:07.958] - eth_getBalance
[2021/01/25 21:51:07.988] - eth_getTransactionCount
[2021/01/25 21:51:08.046] - eth_getBalance
[2021/01/25 21:51:08.098] - eth_getTransactionCount
[2021/01/25 21:51:08.179] - eth_getBalance
[2021/01/25 21:51:08.226] - eth_getTransactionCount
[2021/01/25 21:51:08.288] - eth_getBalance
[2021/01/25 21:51:08.345] - eth_getTransactionCount
[2021/01/25 21:51:08.375] - eth_getBalance
[2021/01/25 21:51:08.402] - eth_getTransactionCount
[2021/01/25 21:51:08.515] - eth_getBalance
[2021/01/25 21:51:08.637] - eth_getTransactionCount
[2021/01/25 21:51:08.693] - eth_getBalance
[2021/01/25 21:51:08.749] - eth_getTransactionCount
[2021/01/25 21:51:08.794] - eth_getBalance
[2021/01/25 21:51:08.856] - eth_getTransactionCount
[2021/01/25 21:51:08.924] - eth_getBalance
[2021/01/25 21:51:08.966] - eth_getTransactionCount
[2021/01/25 21:51:09.196] - eth_getBalance
[2021/01/25 21:51:09.280] - eth_getTransactionCount
[2021/01/25 21:51:09.315] - eth_getBalance
[2021/01/25 21:51:09.343] - eth_getTransactionCount
[2021/01/25 21:51:09.374] - eth_getBalance
[2021/01/25 21:51:09.402] - eth_getTransactionCount
[2021/01/25 21:51:09.446] - eth_getBalance
[2021/01/25 21:51:09.491] - eth_getTransactionCount
[2021/01/25 21:51:09.522] - eth_getBalance
[2021/01/25 21:51:09.557] - eth_getTransactionCount
[2021/01/25 21:51:09.583] - eth_getBalance
[2021/01/25 21:51:09.610] - eth_getTransactionCount
[2021/01/25 21:51:09.638] - eth_getBalance
[2021/01/25 21:51:09.668] - eth_getTransactionCount
[2021/01/25 21:51:09.730] - eth_getBalance
[2021/01/25 21:51:09.781] - eth_getTransactionCount
[2021/01/25 21:51:09.810] - eth_getBalance
[2021/01/25 21:51:09.843] - eth_getTransactionCount
[2021/01/25 21:51:09.897] - eth_getBalance
[2021/01/25 21:51:09.938] - eth_getTransactionCount
[2021/01/25 21:51:10.030] - eth_getBalance
[2021/01/25 21:51:10.067] - eth_getTransactionCount
[2021/01/25 21:51:10.098] - eth_getBalance
[2021/01/25 21:51:10.127] - eth_getTransactionCount
[2021/01/25 21:51:10.156] - eth_getBalance
[2021/01/25 21:51:10.187] - eth_getTransactionCount
[2021/01/25 21:51:10.223] - eth_getBalance
[2021/01/25 21:51:10.252] - eth_getTransactionCount
[2021/01/25 21:51:10.293] - eth_getBalance
[2021/01/25 21:51:10.363] - eth_getTransactionCount
[2021/01/25 21:51:10.468] - eth_getBalance
[2021/01/25 21:51:10.555] - eth_getTransactionCount
[2021/01/25 21:51:10.615] - eth_getBalance
[2021/01/25 21:51:10.647] - eth_getTransactionCount
[2021/01/25 21:51:10.694] - eth_getBalance
[2021/01/25 21:51:10.736] - eth_getTransactionCount
[2021/01/25 21:51:10.786] - eth_getBalance
[2021/01/25 21:51:10.850] - eth_getTransactionCount
[2021/01/25 21:51:10.880] - eth_getBalance
[2021/01/25 21:51:10.915] - eth_getTransactionCount
[2021/01/25 21:51:10.946] - eth_getBalance
[2021/01/25 21:51:10.982] - eth_getTransactionCount
[2021/01/25 21:51:11.038] - eth_getBalance
[2021/01/25 21:51:11.080] - eth_getTransactionCount
[2021/01/25 21:51:11.108] - eth_getBalance
[2021/01/25 21:51:11.137] - eth_getTransactionCount
[2021/01/25 21:51:11.165] - eth_getBalance
[2021/01/25 21:51:11.218] - eth_getTransactionCount
[2021/01/25 21:51:11.263] - eth_getBalance
[2021/01/25 21:51:11.296] - eth_getTransactionCount
[2021/01/25 21:51:11.326] - eth_getBalance
[2021/01/25 21:51:11.355] - eth_getTransactionCount
[2021/01/25 21:51:11.384] - eth_getBalance
[2021/01/25 21:51:11.464] - eth_getTransactionCount
[2021/01/25 21:51:11.499] - eth_getBalance
[2021/01/25 21:51:11.513] - eth_getTransactionCount
[2021/01/25 21:51:11.544] - eth_getBalance
[2021/01/25 21:51:11.574] - eth_getTransactionCount
[2021/01/25 21:51:11.598] - eth_getBalance
[2021/01/25 21:51:11.624] - eth_getTransactionCount
[2021/01/25 21:51:11.649] - eth_getBalance
[2021/01/25 21:51:11.678] - eth_getTransactionCount
[2021/01/25 21:51:11.707] - eth_getBalance
[2021/01/25 21:51:11.734] - eth_getTransactionCount
[2021/01/25 21:51:11.773] - eth_getBalance
[2021/01/25 21:51:11.812] - eth_getTransactionCount
[2021/01/25 21:51:11.841] - eth_getBalance
[2021/01/25 21:51:11.868] - eth_getTransactionCount
[2021/01/25 21:51:11.910] - eth_getBalance
[2021/01/25 21:51:11.950] - eth_getTransactionCount
[2021/01/25 21:51:11.976] - eth_getBalance
[2021/01/25 21:51:12.009] - eth_getTransactionCount
[2021/01/25 21:51:12.039] - eth_getBalance
[2021/01/25 21:51:12.079] - eth_getTransactionCount
[2021/01/25 21:51:12.144] - eth_getBalance
[2021/01/25 21:51:12.191] - eth_getTransactionCount
[2021/01/25 21:51:12.241] - eth_getBalance
[2021/01/25 21:51:12.271] - eth_getTransactionCount
[2021/01/25 21:51:12.298] - eth_getBalance
[2021/01/25 21:51:12.324] - eth_getTransactionCount
[2021/01/25 21:51:12.354] - eth_getBalance
[2021/01/25 21:51:12.384] - eth_getTransactionCount
[2021/01/25 21:51:12.426] - eth_getBalance
[2021/01/25 21:51:12.499] - eth_getTransactionCount
[2021/01/25 21:51:12.535] - eth_getBalance
[2021/01/25 21:51:12.563] - eth_getTransactionCount
[2021/01/25 21:51:12.592] - eth_getBalance
[2021/01/25 21:51:12.629] - eth_getTransactionCount
[2021/01/25 21:51:12.663] - eth_getBalance
[2021/01/25 21:51:12.695] - eth_getTransactionCount
[2021/01/25 21:51:12.728] - eth_getBalance
[2021/01/25 21:51:12.771] - eth_getTransactionCount
[2021/01/25 21:51:12.860] - eth_getBalance
[2021/01/25 21:51:12.987] - eth_getTransactionCount
[2021/01/25 21:51:13.050] - eth_getBalance
[2021/01/25 21:51:13.122] - eth_getTransactionCount
[2021/01/25 21:51:13.190] - eth_getBalance
[2021/01/25 21:51:13.277] - eth_getTransactionCount
[2021/01/25 21:51:13.326] - eth_getBalance
[2021/01/25 21:51:13.377] - eth_getTransactionCount
[2021/01/25 21:51:13.438] - eth_getBalance
[2021/01/25 21:51:13.476] - eth_getTransactionCount
[2021/01/25 21:51:13.510] - eth_getBalance
[2021/01/25 21:51:13.541] - eth_getTransactionCount
[2021/01/25 21:51:13.584] - eth_getBalance
[2021/01/25 21:51:13.648] - eth_getTransactionCount
[2021/01/25 21:51:13.684] - eth_getBalance
[2021/01/25 21:51:13.730] - eth_getTransactionCount
[2021/01/25 21:51:13.774] - eth_getBalance
[2021/01/25 21:51:13.816] - eth_getTransactionCount
[2021/01/25 21:51:13.859] - eth_getBalance
[2021/01/25 21:51:13.905] - eth_getTransactionCount
[2021/01/25 21:51:13.941] - eth_getBalance
[2021/01/25 21:51:13.973] - eth_getTransactionCount
[2021/01/25 21:51:14.008] - eth_getBalance
[2021/01/25 21:51:14.069] - eth_getTransactionCount
[2021/01/25 21:51:14.105] - eth_getBalance
[2021/01/25 21:51:14.138] - eth_getTransactionCount
[2021/01/25 21:51:14.313] - eth_getBalance
[2021/01/25 21:51:14.318] - eth_getTransactionCount
[2021/01/25 21:51:14.328] - eth_getBalance
[2021/01/25 21:51:14.332] - eth_getTransactionCount
[2021/01/25 21:51:14.338] - eth_getBalance
[2021/01/25 21:51:14.353] - eth_getTransactionCount
[2021/01/25 21:51:14.383] - eth_getBalance
[2021/01/25 21:51:14.413] - eth_getTransactionCount
[2021/01/25 21:51:14.440] - eth_getBalance
[2021/01/25 21:51:14.477] - eth_getTransactionCount
[2021/01/25 21:51:14.516] - eth_getBalance
[2021/01/25 21:51:14.559] - eth_getTransactionCount
[2021/01/25 21:51:14.601] - eth_getBalance
[2021/01/25 21:51:14.667] - eth_getTransactionCount
[2021/01/25 21:51:14.713] - eth_getBalance
[2021/01/25 21:51:14.753] - eth_getTransactionCount
[2021/01/25 21:51:14.781] - eth_getBalance
[2021/01/25 21:51:14.812] - eth_getTransactionCount
[2021/01/25 21:51:14.837] - eth_getBalance
[2021/01/25 21:51:14.874] - eth_getTransactionCount
[2021/01/25 21:51:14.908] - eth_getBalance
[2021/01/25 21:51:14.941] - eth_getTransactionCount
[2021/01/25 21:51:14.976] - eth_getBalance
[2021/01/25 21:51:15.022] - eth_getTransactionCount
[2021/01/25 21:51:15.063] - eth_getBalance
[2021/01/25 21:51:15.097] - eth_getTransactionCount
[2021/01/25 21:51:15.162] - eth_getBalance
[2021/01/25 21:51:15.199] - eth_getTransactionCount
[2021/01/25 21:51:15.251] - eth_getBalance
[2021/01/25 21:51:15.286] - eth_getTransactionCount
[2021/01/25 21:51:15.315] - eth_getBalance
[2021/01/25 21:51:15.350] - eth_getTransactionCount
[2021/01/25 21:51:15.390] - eth_getBalance
[2021/01/25 21:51:15.424] - eth_getTransactionCount
[2021/01/25 21:51:15.462] - eth_getBalance
[2021/01/25 21:51:15.495] - eth_getTransactionCount
[2021/01/25 21:51:15.540] - eth_getBalance
[2021/01/25 21:51:15.578] - eth_getTransactionCount
[2021/01/25 21:51:15.608] - eth_getBalance
[2021/01/25 21:51:15.644] - eth_getTransactionCount
[2021/01/25 21:51:15.699] - eth_getBalance
[2021/01/25 21:51:15.744] - eth_getTransactionCount
[2021/01/25 21:51:15.792] - eth_getBalance
[2021/01/25 21:51:15.819] - eth_getTransactionCount
[2021/01/25 21:51:15.848] - eth_getBalance
[2021/01/25 21:51:15.877] - eth_getTransactionCount
[2021/01/25 21:51:15.915] - eth_getBalance
[2021/01/25 21:51:15.951] - eth_getTransactionCount
[2021/01/25 21:51:15.984] - eth_getBalance
[2021/01/25 21:51:16.014] - eth_getTransactionCount
[2021/01/25 21:51:16.040] - eth_getBalance
[2021/01/25 21:51:16.071] - eth_getTransactionCount
[2021/01/25 21:51:16.099] - eth_getBalance
[2021/01/25 21:51:16.125] - eth_getTransactionCount
[2021/01/25 21:51:16.156] - eth_getBalance
[2021/01/25 21:51:16.195] - eth_getTransactionCount
[2021/01/25 21:51:16.227] - eth_getBalance
[2021/01/25 21:51:16.264] - eth_getTransactionCount
[2021/01/25 21:51:16.308] - eth_getBalance
[2021/01/25 21:51:16.359] - eth_getTransactionCount
[2021/01/25 21:51:16.392] - eth_getBalance
[2021/01/25 21:51:16.424] - eth_getTransactionCount
[2021/01/25 21:51:16.459] - eth_getBalance
[2021/01/25 21:51:16.494] - eth_getTransactionCount
[2021/01/25 21:51:16.548] - eth_getBalance
[2021/01/25 21:51:16.586] - eth_getTransactionCount
[2021/01/25 21:51:16.625] - eth_getBalance
[2021/01/25 21:51:16.667] - eth_getTransactionCount
[2021/01/25 21:51:16.723] - eth_getBalance
[2021/01/25 21:51:16.776] - eth_getTransactionCount
[2021/01/25 21:51:16.804] - eth_getBalance
[2021/01/25 21:51:16.829] - eth_getTransactionCount
[2021/01/25 21:51:16.856] - eth_getBalance
[2021/01/25 21:51:16.891] - eth_getTransactionCount
[2021/01/25 21:51:16.930] - eth_getBalance
[2021/01/25 21:51:16.965] - eth_getTransactionCount
[2021/01/25 21:51:17.045] - eth_getBalance
[2021/01/25 21:51:17.095] - eth_getTransactionCount
[2021/01/25 21:51:17.158] - eth_getBalance
[2021/01/25 21:51:17.212] - eth_getTransactionCount
[2021/01/25 21:51:17.248] - eth_getBalance
[2021/01/25 21:51:17.296] - eth_getTransactionCount
[2021/01/25 21:51:17.332] - eth_getBalance
[2021/01/25 21:51:17.365] - eth_getTransactionCount
[2021/01/25 21:51:17.417] - eth_getBalance
[2021/01/25 21:51:17.489] - eth_getTransactionCount
[2021/01/25 21:51:17.556] - eth_getBalance
[2021/01/25 21:51:17.581] - eth_getTransactionCount
[2021/01/25 21:51:17.617] - eth_getBalance
[2021/01/25 21:51:17.653] - eth_getTransactionCount
[2021/01/25 21:51:17.697] - eth_getBalance
[2021/01/25 21:51:17.736] - eth_getTransactionCount
[2021/01/25 21:51:17.794] - eth_getBalance
[2021/01/25 21:51:17.922] - eth_getTransactionCount
[2021/01/25 21:51:17.973] - eth_getBalance
[2021/01/25 21:51:18.022] - eth_getTransactionCount
[2021/01/25 21:51:18.118] - eth_getBalance
[2021/01/25 21:51:18.209] - eth_getTransactionCount
[2021/01/25 21:51:18.274] - eth_getBalance
[2021/01/25 21:51:18.335] - eth_getTransactionCount
[2021/01/25 21:51:18.398] - eth_getBalance
[2021/01/25 21:51:18.472] - eth_getTransactionCount
[2021/01/25 21:51:18.525] - eth_getBalance
[2021/01/25 21:51:18.573] - eth_getTransactionCount
[2021/01/25 21:51:18.620] - eth_getBalance
[2021/01/25 21:51:18.670] - eth_getTransactionCount
[2021/01/25 21:51:18.722] - eth_getBalance
[2021/01/25 21:51:18.770] - eth_getTransactionCount
[2021/01/25 21:51:18.816] - eth_getBalance
[2021/01/25 21:51:18.861] - eth_getTransactionCount
[2021/01/25 21:51:18.895] - eth_getBalance
[2021/01/25 21:51:18.923] - eth_getTransactionCount
[2021/01/25 21:51:18.958] - eth_getBalance
[2021/01/25 21:51:19.011] - eth_getTransactionCount
[2021/01/25 21:51:19.044] - eth_getBalance
[2021/01/25 21:51:19.071] - eth_getTransactionCount
[2021/01/25 21:51:19.095] - eth_getBalance
[2021/01/25 21:51:19.139] - eth_getTransactionCount
[2021/01/25 21:51:19.184] - eth_getBalance
[2021/01/25 21:51:19.234] - eth_getTransactionCount
[2021/01/25 21:51:19.286] - eth_getBalance
[2021/01/25 21:51:19.321] - eth_getTransactionCount
[2021/01/25 21:51:19.358] - eth_getBalance
[2021/01/25 21:51:19.415] - eth_getTransactionCount
[2021/01/25 21:51:19.456] - eth_getBalance
[2021/01/25 21:51:19.513] - eth_getTransactionCount
[2021/01/25 21:51:19.562] - eth_getBalance
[2021/01/25 21:51:19.628] - eth_getTransactionCount
[2021/01/25 21:51:19.674] - eth_getBalance
[2021/01/25 21:51:19.726] - eth_getTransactionCount
[2021/01/25 21:51:19.761] - eth_getBalance
[2021/01/25 21:51:19.796] - eth_getTransactionCount
[2021/01/25 21:51:19.828] - eth_getBalance
[2021/01/25 21:51:19.868] - eth_getTransactionCount
[2021/01/25 21:51:19.895] - eth_getBalance
[2021/01/25 21:51:19.927] - eth_getTransactionCount
[2021/01/25 21:51:19.961] - eth_getBalance
[2021/01/25 21:51:19.994] - eth_getTransactionCount
[2021/01/25 21:51:20.034] - eth_getBalance
[2021/01/25 21:51:20.086] - eth_getTransactionCount
[2021/01/25 21:51:20.140] - eth_getBalance
[2021/01/25 21:51:20.168] - eth_getTransactionCount
[2021/01/25 21:51:20.212] - eth_getBalance
[2021/01/25 21:51:20.248] - eth_getTransactionCount
[2021/01/25 21:51:20.299] - eth_getBalance
[2021/01/25 21:51:20.342] - eth_getTransactionCount
[2021/01/25 21:51:20.387] - eth_getBalance
[2021/01/25 21:51:20.414] - eth_getTransactionCount
[2021/01/25 21:51:21.105] - eth_getBalance
[2021/01/25 21:51:22.098] - eth_getTransactionCount
[2021/01/25 21:51:22.104] - eth_getBalance
[2021/01/25 21:51:22.110] - eth_getTransactionCount
[2021/01/25 21:51:22.114] - eth_getBalance
[2021/01/25 21:51:22.121] - eth_getTransactionCount
[2021/01/25 21:51:22.126] - eth_getBalance
[2021/01/25 21:51:22.131] - eth_getTransactionCount
[2021/01/25 21:51:22.138] - eth_getBalance
[2021/01/25 21:51:22.143] - eth_getTransactionCount
[2021/01/25 21:51:22.169] - eth_getBalance
[2021/01/25 21:51:22.176] - eth_getTransactionCount
[2021/01/25 21:51:22.186] - eth_getBalance
[2021/01/25 21:51:22.211] - eth_getTransactionCount
[2021/01/25 21:51:22.227] - eth_getBalance
[2021/01/25 21:51:22.232] - eth_getTransactionCount
[2021/01/25 21:51:22.238] - eth_getBalance
[2021/01/25 21:51:22.243] - eth_getTransactionCount
[2021/01/25 21:51:22.248] - eth_getBalance
[2021/01/25 21:51:22.253] - eth_getTransactionCount
[2021/01/25 21:51:22.264] - eth_getBalance
[2021/01/25 21:51:22.276] - eth_getTransactionCount
[2021/01/25 21:51:22.281] - eth_getBalance
[2021/01/25 21:51:22.289] - eth_getTransactionCount
[2021/01/25 21:51:22.305] - eth_getBalance
[2021/01/25 21:51:22.409] - eth_getTransactionCount
[2021/01/25 21:51:22.415] - eth_getBalance
[2021/01/25 21:51:22.428] - eth_getTransactionCount
[2021/01/25 21:51:22.448] - eth_getBalance
[2021/01/25 21:51:22.465] - eth_getTransactionCount
[2021/01/25 21:51:22.474] - eth_getBalance
[2021/01/25 21:51:22.482] - eth_getTransactionCount
[2021/01/25 21:51:22.491] - eth_getBalance
[2021/01/25 21:51:22.495] - eth_getTransactionCount
[2021/01/25 21:51:22.504] - eth_getBalance
[2021/01/25 21:51:22.511] - eth_getTransactionCount
[2021/01/25 21:51:22.520] - eth_getBalance
[2021/01/25 21:51:22.525] - eth_getTransactionCount
[2021/01/25 21:51:22.535] - eth_getBalance
[2021/01/25 21:51:22.540] - eth_getTransactionCount
[2021/01/25 21:51:22.545] - eth_getBalance
[2021/01/25 21:51:22.550] - eth_getTransactionCount
[2021/01/25 21:51:22.555] - eth_getBalance
[2021/01/25 21:51:22.559] - eth_getTransactionCount
[2021/01/25 21:51:22.565] - eth_getBalance
[2021/01/25 21:51:22.605] - eth_getTransactionCount
[2021/01/25 21:51:22.635] - eth_getBalance
[2021/01/25 21:51:22.670] - eth_getTransactionCount
[2021/01/25 21:51:22.696] - eth_getBalance
[2021/01/25 21:51:22.735] - eth_getTransactionCount
[2021/01/25 21:51:23.517] - eth_getBalance
[2021/01/25 21:51:23.525] - eth_getTransactionCount
[2021/01/25 21:51:23.537] - eth_getBalance
[2021/01/25 21:51:23.545] - eth_getTransactionCount
[2021/01/25 21:51:23.551] - eth_getBalance
[2021/01/25 21:51:23.556] - eth_getTransactionCount
[2021/01/25 21:51:23.560] - eth_getBalance
[2021/01/25 21:51:23.571] - eth_getTransactionCount
[2021/01/25 21:51:23.578] - eth_getBalance
[2021/01/25 21:51:23.598] - eth_getTransactionCount
[2021/01/25 21:51:23.608] - eth_getBalance
[2021/01/25 21:51:23.625] - eth_getTransactionCount
[2021/01/25 21:51:23.638] - eth_getBalance
[2021/01/25 21:51:23.681] - eth_getTransactionCount
[2021/01/25 21:51:23.724] - eth_getBalance
[2021/01/25 21:51:23.730] - eth_getTransactionCount
[2021/01/25 21:51:23.736] - eth_getBalance
[2021/01/25 21:51:23.742] - eth_getTransactionCount
[2021/01/25 21:51:23.747] - eth_getBalance
[2021/01/25 21:51:23.754] - eth_getTransactionCount
[2021/01/25 21:51:23.759] - eth_getBalance
[2021/01/25 21:51:23.764] - eth_getTransactionCount
[2021/01/25 21:51:23.771] - eth_getBalance
[2021/01/25 21:51:23.776] - eth_getTransactionCount
[2021/01/25 21:51:23.797] - eth_getBalance
[2021/01/25 21:51:23.856] - eth_getTransactionCount
[2021/01/25 21:51:23.975] - eth_getBalance
[2021/01/25 21:51:24.075] - eth_getTransactionCount
[2021/01/25 21:51:24.202] - eth_getBalance
[2021/01/25 21:51:24.321] - eth_getTransactionCount
[2021/01/25 21:51:24.395] - eth_getBalance
[2021/01/25 21:51:24.563] - eth_getTransactionCount
[2021/01/25 21:51:24.750] - eth_getBalance
[2021/01/25 21:51:24.905] - eth_getTransactionCount
[2021/01/25 21:51:25.020] - eth_getBalance
[2021/01/25 21:51:25.091] - eth_getTransactionCount
[2021/01/25 21:51:25.163] - eth_getBalance
[2021/01/25 21:51:25.229] - eth_getTransactionCount
[2021/01/25 21:51:25.273] - eth_getBalance
[2021/01/25 21:51:25.334] - eth_getTransactionCount
[2021/01/25 21:51:25.380] - eth_getBalance
[2021/01/25 21:51:25.424] - eth_getTransactionCount
[2021/01/25 21:51:25.470] - eth_getBalance
[2021/01/25 21:51:25.521] - eth_getTransactionCount
[2021/01/25 21:51:25.566] - eth_getBalance
[2021/01/25 21:51:25.602] - eth_getTransactionCount
[2021/01/25 21:51:25.650] - eth_getBalance
[2021/01/25 21:51:25.729] - eth_getTransactionCount
[2021/01/25 21:51:25.772] - eth_getBalance
[2021/01/25 21:51:25.806] - eth_getTransactionCount
[2021/01/25 21:51:25.835] - eth_getBalance
[2021/01/25 21:51:25.866] - eth_getTransactionCount
[2021/01/25 21:51:25.899] - eth_getBalance
[2021/01/25 21:51:25.931] - eth_getTransactionCount
[2021/01/25 21:51:25.976] - eth_getBalance
[2021/01/25 21:51:26.029] - eth_getTransactionCount
[2021/01/25 21:51:26.075] - eth_getBalance
[2021/01/25 21:51:26.126] - eth_getTransactionCount
[2021/01/25 21:51:26.164] - eth_getBalance
[2021/01/25 21:51:26.201] - eth_getTransactionCount
[2021/01/25 21:51:26.237] - eth_getBalance
[2021/01/25 21:51:26.272] - eth_getTransactionCount
[2021/01/25 21:51:26.307] - eth_getBalance
[2021/01/25 21:51:26.353] - eth_getTransactionCount
[2021/01/25 21:51:26.519] - eth_getBalance
[2021/01/25 21:51:26.581] - eth_getTransactionCount
[2021/01/25 21:51:26.621] - eth_getBalance
[2021/01/25 21:51:26.656] - eth_getTransactionCount
[2021/01/25 21:51:26.698] - eth_getBalance
[2021/01/25 21:51:26.728] - eth_getTransactionCount
[2021/01/25 21:51:26.757] - eth_getBalance
[2021/01/25 21:51:26.786] - eth_getTransactionCount
[2021/01/25 21:51:26.830] - eth_getBalance
[2021/01/25 21:51:26.867] - eth_getTransactionCount
[2021/01/25 21:51:26.911] - eth_getBalance
[2021/01/25 21:51:26.946] - eth_getTransactionCount
[2021/01/25 21:51:26.988] - eth_getBalance
[2021/01/25 21:51:27.027] - eth_getTransactionCount
[2021/01/25 21:51:27.064] - eth_getBalance
[2021/01/25 21:51:27.095] - eth_getTransactionCount
[2021/01/25 21:51:27.131] - eth_getBalance
[2021/01/25 21:51:27.177] - eth_getTransactionCount
[2021/01/25 21:51:27.210] - eth_getBalance
[2021/01/25 21:51:27.242] - eth_getTransactionCount
[2021/01/25 21:51:27.270] - eth_getBalance
[2021/01/25 21:51:27.297] - eth_getTransactionCount
[2021/01/25 21:51:27.325] - eth_getBalance
[2021/01/25 21:51:27.368] - eth_getTransactionCount
[2021/01/25 21:51:27.410] - eth_getBalance
[2021/01/25 21:51:27.445] - eth_getTransactionCount
[2021/01/25 21:51:27.486] - eth_getBalance
[2021/01/25 21:51:27.534] - eth_getTransactionCount
[2021/01/25 21:51:27.564] - eth_getBalance
[2021/01/25 21:51:27.601] - eth_getTransactionCount
[2021/01/25 21:51:27.648] - eth_getBalance
[2021/01/25 21:51:27.704] - eth_getTransactionCount
[2021/01/25 21:51:27.732] - eth_getBalance
[2021/01/25 21:51:27.762] - eth_getTransactionCount
[2021/01/25 21:51:27.794] - eth_getBalance
[2021/01/25 21:51:27.836] - eth_getTransactionCount
[2021/01/25 21:51:27.864] - eth_getBalance
[2021/01/25 21:51:27.893] - eth_getTransactionCount
[2021/01/25 21:51:27.921] - eth_getBalance
[2021/01/25 21:51:27.946] - eth_getTransactionCount
[2021/01/25 21:51:28.036] - eth_getBalance
[2021/01/25 21:51:28.176] - eth_getTransactionCount
[2021/01/25 21:51:28.259] - eth_getBalance
[2021/01/25 21:51:28.415] - eth_getTransactionCount
[2021/01/25 21:51:28.473] - eth_getBalance
[2021/01/25 21:51:28.506] - eth_getTransactionCount
[2021/01/25 21:51:28.535] - eth_getBalance
[2021/01/25 21:51:28.579] - eth_getTransactionCount
[2021/01/25 21:51:28.614] - eth_getBalance
[2021/01/25 21:51:28.669] - eth_getTransactionCount
[2021/01/25 21:51:28.716] - eth_getBalance
[2021/01/25 21:51:28.763] - eth_getTransactionCount
[2021/01/25 21:51:28.807] - eth_getBalance
[2021/01/25 21:51:28.849] - eth_getTransactionCount
[2021/01/25 21:51:28.889] - eth_getBalance
[2021/01/25 21:51:28.950] - eth_getTransactionCount
[2021/01/25 21:51:28.992] - eth_getBalance
[2021/01/25 21:51:29.068] - eth_getTransactionCount
[2021/01/25 21:51:29.142] - eth_getBalance
[2021/01/25 21:51:29.201] - eth_getTransactionCount
[2021/01/25 21:51:29.261] - eth_getBalance
[2021/01/25 21:51:29.378] - eth_getTransactionCount
[2021/01/25 21:51:29.429] - eth_getBalance
[2021/01/25 21:51:29.466] - eth_getTransactionCount
[2021/01/25 21:51:29.507] - eth_getBalance
[2021/01/25 21:51:29.548] - eth_getTransactionCount
[2021/01/25 21:54:09.926] - eth_unsubscribe
[2021/01/25 21:54:09.932] - eth_unsubscribe
