[2021/01/27 20:55:43.515] - Starting server with initial configuration: {"gasLimit":6721975,"gasPrice":9000000000000000,"hardfork":"muirGlacier","hostname":"127.0.0.1","port":7545,"network_id":5777,"default_balance_ether":10000,"total_accounts":100,"unlocked_accounts":[],"locked":false,"vmErrorsOnRPCResponse":true,"verbose":false,"db_path":"C:\\Users\\bilal\\AppData\\Roaming\\Ganache\\workspaces\\7537-Halle-Mill-Rd\\chaindata","logDirectory":"C:\\Users\\bilal\\OneDrive\\Documents\\GitHub\\Solidity-Files\\Ganache Log Files"}
[2021/01/27 20:55:46.189] - eth_subscribe
[2021/01/27 20:55:46.203] - eth_getLogs
[2021/01/27 20:55:46.240] - eth_subscribe
[2021/01/27 20:55:46.970] - eth_subscribe
[2021/01/27 20:55:46.975] - eth_getLogs
[2021/01/27 20:55:46.981] - eth_subscribe
[2021/01/27 20:55:47.508] - eth_blockNumber
[2021/01/27 20:55:47.552] - eth_accounts
[2021/01/27 20:55:47.555] - eth_blockNumber
[2021/01/27 20:55:47.560] - eth_gasPrice
[2021/01/27 20:55:47.564] - eth_accounts
[2021/01/27 20:55:47.569] - eth_getBlockByNumber
[2021/01/27 20:55:47.572] - eth_gasPrice
[2021/01/27 20:55:47.581] - eth_subscribe
[2021/01/27 20:55:47.587] - eth_getBlockByNumber
[2021/01/27 20:55:47.591] - eth_subscribe
[2021/01/27 20:55:48.501] - eth_getBalance
[2021/01/27 20:55:48.557] - eth_getTransactionCount
[2021/01/27 20:55:48.629] - eth_getBalance
[2021/01/27 20:55:48.667] - eth_getTransactionCount
[2021/01/27 20:55:48.721] - eth_getBalance
[2021/01/27 20:55:48.808] - eth_getTransactionCount
[2021/01/27 20:55:48.902] - eth_getBalance
[2021/01/27 20:55:49.010] - eth_getTransactionCount
[2021/01/27 20:55:49.083] - eth_getBalance
[2021/01/27 20:55:49.153] - eth_getTransactionCount
[2021/01/27 20:55:49.237] - eth_getBalance
[2021/01/27 20:55:49.305] - eth_getTransactionCount
[2021/01/27 20:55:49.352] - eth_getBalance
[2021/01/27 20:55:49.402] - eth_getTransactionCount
[2021/01/27 20:55:49.458] - eth_getBalance
[2021/01/27 20:55:49.535] - eth_getTransactionCount
[2021/01/27 20:55:49.585] - eth_getBalance
[2021/01/27 20:55:49.653] - eth_getTransactionCount
[2021/01/27 20:55:49.700] - eth_getBalance
[2021/01/27 20:55:49.741] - eth_getTransactionCount
[2021/01/27 20:55:49.789] - eth_getBalance
[2021/01/27 20:55:49.847] - eth_getTransactionCount
[2021/01/27 20:55:49.889] - eth_getBalance
[2021/01/27 20:55:49.937] - eth_getTransactionCount
[2021/01/27 20:55:49.987] - eth_getBalance
[2021/01/27 20:55:50.041] - eth_getTransactionCount
[2021/01/27 20:55:50.087] - eth_getBalance
[2021/01/27 20:55:50.127] - eth_getTransactionCount
[2021/01/27 20:55:50.164] - eth_getBalance
[2021/01/27 20:55:50.203] - eth_getTransactionCount
[2021/01/27 20:55:50.240] - eth_getBalance
[2021/01/27 20:55:50.971] - eth_getTransactionCount
[2021/01/27 20:55:51.005] - eth_getBalance
[2021/01/27 20:55:51.047] - eth_getTransactionCount
[2021/01/27 20:55:51.086] - eth_getBalance
[2021/01/27 20:55:51.154] - eth_getTransactionCount
[2021/01/27 20:55:51.187] - eth_getBalance
[2021/01/27 20:55:51.230] - eth_getTransactionCount
[2021/01/27 20:55:51.258] - eth_getBalance
[2021/01/27 20:55:51.300] - eth_getTransactionCount
[2021/01/27 20:55:51.332] - eth_getBalance
[2021/01/27 20:55:51.356] - eth_getTransactionCount
[2021/01/27 20:55:51.380] - eth_getBalance
[2021/01/27 20:55:51.400] - eth_getTransactionCount
[2021/01/27 20:55:51.417] - eth_getBalance
[2021/01/27 20:55:51.435] - eth_getTransactionCount
[2021/01/27 20:55:51.455] - eth_getBalance
[2021/01/27 20:55:51.471] - eth_getTransactionCount
[2021/01/27 20:55:51.489] - eth_getBalance
[2021/01/27 20:55:51.510] - eth_getTransactionCount
[2021/01/27 20:55:51.531] - eth_getBalance
[2021/01/27 20:55:51.550] - eth_getTransactionCount
[2021/01/27 20:55:51.571] - eth_getBalance
[2021/01/27 20:55:51.589] - eth_getTransactionCount
[2021/01/27 20:55:51.613] - eth_getBalance
[2021/01/27 20:55:51.631] - eth_getTransactionCount
[2021/01/27 20:55:51.649] - eth_getBalance
[2021/01/27 20:55:51.667] - eth_getTransactionCount
[2021/01/27 20:55:51.688] - eth_getBalance
[2021/01/27 20:55:51.704] - eth_getTransactionCount
[2021/01/27 20:55:51.728] - eth_getBalance
[2021/01/27 20:55:51.770] - eth_getTransactionCount
[2021/01/27 20:55:51.804] - eth_getBalance
[2021/01/27 20:55:51.840] - eth_getTransactionCount
[2021/01/27 20:55:51.876] - eth_getBalance
[2021/01/27 20:55:51.914] - eth_getTransactionCount
[2021/01/27 20:55:51.949] - eth_getBalance
[2021/01/27 20:55:51.986] - eth_getTransactionCount
[2021/01/27 20:55:52.034] - eth_getBalance
[2021/01/27 20:55:52.069] - eth_getTransactionCount
[2021/01/27 20:55:52.106] - eth_getBalance
[2021/01/27 20:55:52.148] - eth_getTransactionCount
[2021/01/27 20:55:52.185] - eth_getBalance
[2021/01/27 20:55:52.218] - eth_getTransactionCount
[2021/01/27 20:55:52.255] - eth_getBalance
[2021/01/27 20:55:52.283] - eth_getTransactionCount
[2021/01/27 20:55:52.304] - eth_getBalance
[2021/01/27 20:55:52.334] - eth_getTransactionCount
[2021/01/27 20:55:52.356] - eth_getBalance
[2021/01/27 20:55:52.384] - eth_getTransactionCount
[2021/01/27 20:55:52.405] - eth_getBalance
[2021/01/27 20:55:52.431] - eth_getTransactionCount
[2021/01/27 20:55:52.453] - eth_getBalance
[2021/01/27 20:55:52.481] - eth_getTransactionCount
[2021/01/27 20:55:52.502] - eth_getBalance
[2021/01/27 20:55:52.529] - eth_getTransactionCount
[2021/01/27 20:55:52.549] - eth_getBalance
[2021/01/27 20:55:52.569] - eth_getTransactionCount
[2021/01/27 20:55:52.599] - eth_getBalance
[2021/01/27 20:55:52.626] - eth_getTransactionCount
[2021/01/27 20:55:52.655] - eth_getBalance
[2021/01/27 20:55:52.716] - eth_getTransactionCount
[2021/01/27 20:55:52.718] - eth_getBalance
[2021/01/27 20:55:52.740] - eth_getTransactionCount
[2021/01/27 20:55:52.771] - eth_getBalance
[2021/01/27 20:55:52.796] - eth_getTransactionCount
[2021/01/27 20:55:52.826] - eth_getBalance
[2021/01/27 20:55:52.850] - eth_getTransactionCount
[2021/01/27 20:55:52.871] - eth_getBalance
[2021/01/27 20:55:52.896] - eth_getTransactionCount
[2021/01/27 20:55:52.920] - eth_getBalance
[2021/01/27 20:55:52.942] - eth_getTransactionCount
[2021/01/27 20:55:52.971] - eth_getBalance
[2021/01/27 20:55:53.004] - eth_getTransactionCount
[2021/01/27 20:55:53.029] - eth_getBalance
[2021/01/27 20:55:53.049] - eth_getTransactionCount
[2021/01/27 20:55:53.066] - eth_getBalance
[2021/01/27 20:55:53.084] - eth_getTransactionCount
[2021/01/27 20:55:53.105] - eth_getBalance
[2021/01/27 20:55:53.124] - eth_getTransactionCount
[2021/01/27 20:55:53.146] - eth_getBalance
[2021/01/27 20:55:53.180] - eth_getTransactionCount
[2021/01/27 20:55:53.215] - eth_getBalance
[2021/01/27 20:55:53.250] - eth_getTransactionCount
[2021/01/27 20:55:53.279] - eth_getBalance
[2021/01/27 20:55:53.307] - eth_getTransactionCount
[2021/01/27 20:55:53.339] - eth_getBalance
[2021/01/27 20:55:53.373] - eth_getTransactionCount
[2021/01/27 20:55:53.409] - eth_getBalance
[2021/01/27 20:55:53.438] - eth_getTransactionCount
[2021/01/27 20:55:53.471] - eth_getBalance
[2021/01/27 20:55:53.512] - eth_getTransactionCount
[2021/01/27 20:55:53.543] - eth_getBalance
[2021/01/27 20:55:53.575] - eth_getTransactionCount
[2021/01/27 20:55:53.605] - eth_getBalance
[2021/01/27 20:55:53.640] - eth_getTransactionCount
[2021/01/27 20:55:53.672] - eth_getBalance
[2021/01/27 20:55:53.713] - eth_getTransactionCount
[2021/01/27 20:55:53.743] - eth_getBalance
[2021/01/27 20:55:53.773] - eth_getTransactionCount
[2021/01/27 20:55:53.805] - eth_getBalance
[2021/01/27 20:55:53.839] - eth_getTransactionCount
[2021/01/27 20:55:53.874] - eth_getBalance
[2021/01/27 20:55:53.908] - eth_getTransactionCount
[2021/01/27 20:55:53.954] - eth_getBalance
[2021/01/27 20:55:53.988] - eth_getTransactionCount
[2021/01/27 20:55:54.063] - eth_getBalance
[2021/01/27 20:55:54.068] - eth_getTransactionCount
[2021/01/27 20:55:54.118] - eth_getBalance
[2021/01/27 20:55:54.140] - eth_getTransactionCount
[2021/01/27 20:55:54.169] - eth_getBalance
[2021/01/27 20:55:54.202] - eth_getTransactionCount
[2021/01/27 20:55:54.234] - eth_getBalance
[2021/01/27 20:55:54.266] - eth_getTransactionCount
[2021/01/27 20:55:54.319] - eth_getBalance
[2021/01/27 20:55:54.349] - eth_getTransactionCount
[2021/01/27 20:55:54.388] - eth_getBalance
[2021/01/27 20:55:54.420] - eth_getTransactionCount
[2021/01/27 20:55:54.452] - eth_getBalance
[2021/01/27 20:55:54.485] - eth_getTransactionCount
[2021/01/27 20:55:54.516] - eth_getBalance
[2021/01/27 20:55:54.544] - eth_getTransactionCount
[2021/01/27 20:55:54.583] - eth_getBalance
[2021/01/27 20:55:54.618] - eth_getTransactionCount
[2021/01/27 20:55:54.650] - eth_getBalance
[2021/01/27 20:55:54.681] - eth_getTransactionCount
[2021/01/27 20:55:54.713] - eth_getBalance
[2021/01/27 20:55:54.746] - eth_getTransactionCount
[2021/01/27 20:55:54.777] - eth_getBalance
[2021/01/27 20:55:54.815] - eth_getTransactionCount
[2021/01/27 20:55:54.850] - eth_getBalance
[2021/01/27 20:55:54.884] - eth_getTransactionCount
[2021/01/27 20:55:54.915] - eth_getBalance
[2021/01/27 20:55:54.948] - eth_getTransactionCount
[2021/01/27 20:55:54.980] - eth_getBalance
[2021/01/27 20:55:55.015] - eth_getTransactionCount
[2021/01/27 20:55:55.048] - eth_getBalance
[2021/01/27 20:55:55.080] - eth_getTransactionCount
[2021/01/27 20:55:55.111] - eth_getBalance
[2021/01/27 20:55:55.146] - eth_getTransactionCount
[2021/01/27 20:55:55.176] - eth_getBalance
[2021/01/27 20:55:55.210] - eth_getTransactionCount
[2021/01/27 20:55:55.246] - eth_getBalance
[2021/01/27 20:55:55.277] - eth_getTransactionCount
[2021/01/27 20:55:55.314] - eth_getBalance
[2021/01/27 20:55:55.347] - eth_getTransactionCount
[2021/01/27 20:55:55.429] - eth_getBalance
[2021/01/27 20:55:55.432] - eth_getTransactionCount
[2021/01/27 20:55:55.451] - eth_getBalance
[2021/01/27 20:55:55.476] - eth_getTransactionCount
[2021/01/27 20:55:55.495] - eth_getBalance
[2021/01/27 20:55:55.518] - eth_getTransactionCount
[2021/01/27 20:55:55.541] - eth_getBalance
[2021/01/27 20:55:55.569] - eth_getTransactionCount
[2021/01/27 20:55:55.598] - eth_getBalance
[2021/01/27 20:55:55.623] - eth_getTransactionCount
[2021/01/27 20:55:55.645] - eth_getBalance
[2021/01/27 20:55:55.671] - eth_getTransactionCount
[2021/01/27 20:55:55.694] - eth_getBalance
[2021/01/27 20:55:55.823] - eth_getTransactionCount
[2021/01/27 20:55:55.915] - eth_getBalance
[2021/01/27 20:55:55.946] - eth_getTransactionCount
[2021/01/27 20:55:55.979] - eth_getBalance
[2021/01/27 20:55:56.016] - eth_getTransactionCount
[2021/01/27 20:55:56.050] - eth_getBalance
[2021/01/27 20:55:56.079] - eth_getTransactionCount
[2021/01/27 20:55:56.109] - eth_getBalance
[2021/01/27 20:55:56.149] - eth_getTransactionCount
[2021/01/27 20:55:56.186] - eth_getBalance
[2021/01/27 20:55:56.220] - eth_getTransactionCount
[2021/01/27 20:55:56.556] - eth_getBalance
[2021/01/27 20:55:56.563] - eth_getTransactionCount
[2021/01/27 20:55:56.566] - eth_getBalance
[2021/01/27 20:55:56.569] - eth_getTransactionCount
[2021/01/27 20:55:56.598] - eth_getBalance
[2021/01/27 20:55:56.639] - eth_getTransactionCount
[2021/01/27 20:55:56.670] - eth_getBalance
[2021/01/27 20:55:56.700] - eth_getTransactionCount
[2021/01/27 20:55:56.730] - eth_getBalance
[2021/01/27 20:55:56.763] - eth_getTransactionCount
[2021/01/27 20:55:56.789] - eth_getBalance
[2021/01/27 20:55:56.830] - eth_getTransactionCount
[2021/01/27 20:55:56.870] - eth_getBalance
[2021/01/27 20:55:56.917] - eth_getTransactionCount
[2021/01/27 20:55:56.954] - eth_getBalance
[2021/01/27 20:55:56.993] - eth_getTransactionCount
[2021/01/27 20:55:57.024] - eth_getBalance
[2021/01/27 20:55:57.057] - eth_getTransactionCount
[2021/01/27 20:55:57.103] - eth_getBalance
[2021/01/27 20:55:57.135] - eth_getTransactionCount
[2021/01/27 20:55:57.165] - eth_getBalance
[2021/01/27 20:55:57.197] - eth_getTransactionCount
[2021/01/27 20:55:57.236] - eth_getBalance
[2021/01/27 20:55:57.262] - eth_getTransactionCount
[2021/01/27 20:55:57.292] - eth_getBalance
[2021/01/27 20:55:57.324] - eth_getTransactionCount
[2021/01/27 20:55:57.356] - eth_getBalance
[2021/01/27 20:55:57.394] - eth_getTransactionCount
[2021/01/27 20:55:57.433] - eth_getBalance
[2021/01/27 20:55:57.469] - eth_getTransactionCount
[2021/01/27 20:55:57.549] - eth_getBalance
[2021/01/27 20:55:57.552] - eth_getTransactionCount
[2021/01/27 20:55:57.582] - eth_getBalance
[2021/01/27 20:55:57.611] - eth_getTransactionCount
[2021/01/27 20:55:57.648] - eth_getBalance
[2021/01/27 20:55:57.691] - eth_getTransactionCount
[2021/01/27 20:55:57.735] - eth_getBalance
[2021/01/27 20:55:57.766] - eth_getTransactionCount
[2021/01/27 20:55:57.797] - eth_getBalance
[2021/01/27 20:55:57.825] - eth_getTransactionCount
[2021/01/27 20:55:57.853] - eth_getBalance
[2021/01/27 20:55:57.886] - eth_getTransactionCount
[2021/01/27 20:55:57.917] - eth_getBalance
[2021/01/27 20:55:57.945] - eth_getTransactionCount
[2021/01/27 20:55:57.981] - eth_getBalance
[2021/01/27 20:55:58.007] - eth_getTransactionCount
[2021/01/27 20:55:58.038] - eth_getBalance
[2021/01/27 20:55:58.076] - eth_getTransactionCount
[2021/01/27 20:55:58.106] - eth_getBalance
[2021/01/27 20:55:58.138] - eth_getTransactionCount
[2021/01/27 20:55:58.169] - eth_getBalance
[2021/01/27 20:55:58.202] - eth_getTransactionCount
[2021/01/27 20:55:58.232] - eth_getBalance
[2021/01/27 20:55:58.281] - eth_getTransactionCount
[2021/01/27 20:55:58.315] - eth_getBalance
[2021/01/27 20:55:58.349] - eth_getTransactionCount
[2021/01/27 20:55:58.379] - eth_getBalance
[2021/01/27 20:55:58.412] - eth_getTransactionCount
[2021/01/27 20:55:58.443] - eth_getBalance
[2021/01/27 20:55:58.476] - eth_getTransactionCount
[2021/01/27 20:55:58.515] - eth_getBalance
[2021/01/27 20:55:58.548] - eth_getTransactionCount
[2021/01/27 20:55:58.581] - eth_getBalance
[2021/01/27 20:55:58.611] - eth_getTransactionCount
[2021/01/27 20:55:58.642] - eth_getBalance
[2021/01/27 20:55:58.675] - eth_getTransactionCount
[2021/01/27 20:55:58.707] - eth_getBalance
[2021/01/27 20:55:58.748] - eth_getTransactionCount
[2021/01/27 20:55:58.777] - eth_getBalance
[2021/01/27 20:55:58.814] - eth_getTransactionCount
[2021/01/27 20:55:58.845] - eth_getBalance
[2021/01/27 20:55:58.876] - eth_getTransactionCount
[2021/01/27 20:55:58.908] - eth_getBalance
[2021/01/27 20:55:58.951] - eth_getTransactionCount
[2021/01/27 20:55:58.976] - eth_getBalance
[2021/01/27 20:55:59.014] - eth_getTransactionCount
[2021/01/27 20:55:59.043] - eth_getBalance
[2021/01/27 20:55:59.075] - eth_getTransactionCount
[2021/01/27 20:55:59.114] - eth_getBalance
[2021/01/27 20:55:59.147] - eth_getTransactionCount
[2021/01/27 20:55:59.178] - eth_getBalance
[2021/01/27 20:55:59.217] - eth_getTransactionCount
[2021/01/27 20:55:59.252] - eth_getBalance
[2021/01/27 20:55:59.298] - eth_getTransactionCount
[2021/01/27 20:55:59.333] - eth_getBalance
[2021/01/27 20:55:59.386] - eth_getTransactionCount
[2021/01/27 20:55:59.429] - eth_getBalance
[2021/01/27 20:55:59.476] - eth_getTransactionCount
[2021/01/27 20:55:59.507] - eth_getBalance
[2021/01/27 20:55:59.564] - eth_getTransactionCount
[2021/01/27 20:55:59.584] - eth_getBalance
[2021/01/27 20:55:59.653] - eth_getTransactionCount
[2021/01/27 20:55:59.717] - eth_getBalance
[2021/01/27 20:55:59.787] - eth_getTransactionCount
[2021/01/27 20:55:59.868] - eth_getBalance
[2021/01/27 20:55:59.930] - eth_getTransactionCount
[2021/01/27 20:55:59.970] - eth_getBalance
[2021/01/27 20:56:00.013] - eth_getTransactionCount
[2021/01/27 20:56:00.057] - eth_getBalance
[2021/01/27 20:56:00.105] - eth_getTransactionCount
[2021/01/27 20:56:00.181] - eth_getBalance
[2021/01/27 20:56:00.241] - eth_getTransactionCount
[2021/01/27 20:56:00.283] - eth_getBalance
[2021/01/27 20:56:00.314] - eth_getTransactionCount
[2021/01/27 20:56:00.351] - eth_getBalance
[2021/01/27 20:56:00.396] - eth_getTransactionCount
[2021/01/27 20:56:00.435] - eth_getBalance
[2021/01/27 20:56:00.467] - eth_getTransactionCount
[2021/01/27 20:56:00.502] - eth_getBalance
[2021/01/27 20:56:00.536] - eth_getTransactionCount
[2021/01/27 20:56:00.570] - eth_getBalance
[2021/01/27 20:56:00.614] - eth_getTransactionCount
[2021/01/27 20:56:00.651] - eth_getBalance
[2021/01/27 20:56:00.684] - eth_getTransactionCount
[2021/01/27 20:56:00.718] - eth_getBalance
[2021/01/27 20:56:00.750] - eth_getTransactionCount
[2021/01/27 20:56:00.786] - eth_getBalance
[2021/01/27 20:56:00.821] - eth_getTransactionCount
[2021/01/27 20:56:00.856] - eth_getBalance
[2021/01/27 20:56:00.898] - eth_getTransactionCount
[2021/01/27 20:56:00.934] - eth_getBalance
[2021/01/27 20:56:00.969] - eth_getTransactionCount
[2021/01/27 20:56:01.011] - eth_getBalance
[2021/01/27 20:56:01.050] - eth_getTransactionCount
[2021/01/27 20:56:01.082] - eth_getBalance
[2021/01/27 20:56:01.116] - eth_getTransactionCount
[2021/01/27 20:56:01.150] - eth_getBalance
[2021/01/27 20:56:01.184] - eth_getTransactionCount
[2021/01/27 20:56:01.253] - eth_getBalance
[2021/01/27 20:56:01.281] - eth_getTransactionCount
[2021/01/27 20:56:01.312] - eth_getBalance
[2021/01/27 20:56:01.346] - eth_getTransactionCount
[2021/01/27 20:56:01.380] - eth_getBalance
[2021/01/27 20:56:01.414] - eth_getTransactionCount
[2021/01/27 20:56:01.451] - eth_getBalance
[2021/01/27 20:56:01.485] - eth_getTransactionCount
[2021/01/27 20:56:01.521] - eth_getBalance
[2021/01/27 20:56:01.558] - eth_getTransactionCount
[2021/01/27 20:56:01.596] - eth_getBalance
[2021/01/27 20:56:01.629] - eth_getTransactionCount
[2021/01/27 20:56:01.662] - eth_getBalance
[2021/01/27 20:56:01.696] - eth_getTransactionCount
[2021/01/27 20:56:01.732] - eth_getBalance
[2021/01/27 20:56:01.768] - eth_getTransactionCount
[2021/01/27 20:56:01.802] - eth_getBalance
[2021/01/27 20:56:01.834] - eth_getTransactionCount
[2021/01/27 20:56:01.867] - eth_getBalance
[2021/01/27 20:56:01.899] - eth_getTransactionCount
[2021/01/27 20:56:01.951] - eth_getBalance
[2021/01/27 20:56:01.986] - eth_getTransactionCount
[2021/01/27 20:56:02.029] - eth_getBalance
[2021/01/27 20:56:02.062] - eth_getTransactionCount
[2021/01/27 20:56:02.094] - eth_getBalance
[2021/01/27 20:56:02.124] - eth_getTransactionCount
[2021/01/27 20:56:02.183] - eth_getBalance
[2021/01/27 20:56:02.218] - eth_getTransactionCount
[2021/01/27 20:56:02.251] - eth_getBalance
[2021/01/27 20:56:02.286] - eth_getTransactionCount
[2021/01/27 20:56:02.320] - eth_getBalance
[2021/01/27 20:56:02.365] - eth_getTransactionCount
[2021/01/27 20:56:02.391] - eth_getBalance
[2021/01/27 20:56:02.436] - eth_getTransactionCount
[2021/01/27 20:56:02.471] - eth_getBalance
[2021/01/27 20:56:02.505] - eth_getTransactionCount
[2021/01/27 20:56:02.540] - eth_getBalance
[2021/01/27 20:56:02.574] - eth_getTransactionCount
[2021/01/27 20:56:02.607] - eth_getBalance
[2021/01/27 20:56:02.644] - eth_getTransactionCount
[2021/01/27 20:56:02.679] - eth_getBalance
[2021/01/27 20:56:02.714] - eth_getTransactionCount
[2021/01/27 20:56:02.751] - eth_getBalance
[2021/01/27 20:56:02.785] - eth_getTransactionCount
[2021/01/27 20:56:02.817] - eth_getBalance
[2021/01/27 20:56:02.849] - eth_getTransactionCount
[2021/01/27 20:56:02.884] - eth_getBalance
[2021/01/27 20:56:02.915] - eth_getTransactionCount
[2021/01/27 20:56:02.951] - eth_getBalance
[2021/01/27 20:56:02.984] - eth_getTransactionCount
[2021/01/27 20:56:03.019] - eth_getBalance
[2021/01/27 20:56:03.068] - eth_getTransactionCount
[2021/01/27 20:56:03.110] - eth_getBalance
[2021/01/27 20:56:03.143] - eth_getTransactionCount
[2021/01/27 20:56:03.181] - eth_getBalance
[2021/01/27 20:56:03.212] - eth_getTransactionCount
[2021/01/27 20:56:03.245] - eth_getBalance
[2021/01/27 20:56:03.278] - eth_getTransactionCount
[2021/01/27 20:56:03.312] - eth_getBalance
[2021/01/27 20:56:03.347] - eth_getTransactionCount
[2021/01/27 20:56:03.373] - eth_getBalance
[2021/01/27 20:56:03.409] - eth_getTransactionCount
[2021/01/27 20:56:03.451] - eth_getBalance
[2021/01/27 20:56:03.486] - eth_getTransactionCount
[2021/01/27 20:56:03.521] - eth_getBalance
[2021/01/27 20:56:03.565] - eth_getTransactionCount
[2021/01/27 20:56:03.600] - eth_getBalance
[2021/01/27 20:56:03.633] - eth_getTransactionCount
[2021/01/27 20:56:03.665] - eth_getBalance
[2021/01/27 20:56:03.700] - eth_getTransactionCount
[2021/01/27 20:56:03.736] - eth_getBalance
[2021/01/27 20:56:03.784] - eth_getTransactionCount
[2021/01/27 20:56:03.816] - eth_getBalance
[2021/01/27 20:56:03.849] - eth_getTransactionCount
[2021/01/27 20:56:03.883] - eth_getBalance
[2021/01/27 20:56:03.915] - eth_getTransactionCount
[2021/01/27 20:56:03.951] - eth_getBalance
[2021/01/27 20:56:03.986] - eth_getTransactionCount
[2021/01/27 20:56:04.023] - eth_getBalance
[2021/01/27 20:56:04.059] - eth_getTransactionCount
[2021/01/27 20:56:04.095] - eth_getBalance
[2021/01/27 20:56:04.130] - eth_getTransactionCount
[2021/01/27 20:56:04.163] - eth_getBalance
[2021/01/27 20:56:04.198] - eth_getTransactionCount
[2021/01/27 20:56:04.236] - eth_getBalance
[2021/01/27 20:56:04.267] - eth_getTransactionCount
[2021/01/27 20:56:04.302] - eth_getBalance
[2021/01/27 20:56:04.335] - eth_getTransactionCount
[2021/01/27 20:56:04.369] - eth_getBalance
[2021/01/27 20:56:04.405] - eth_getTransactionCount
[2021/01/27 20:56:04.448] - eth_getBalance
[2021/01/27 20:56:04.485] - eth_getTransactionCount
[2021/01/27 20:56:04.519] - eth_getBalance
[2021/01/27 20:56:04.554] - eth_getTransactionCount
[2021/01/27 20:56:04.591] - eth_getBalance
[2021/01/27 20:56:04.630] - eth_getTransactionCount
[2021/01/27 20:56:04.666] - eth_getBalance
[2021/01/27 20:56:04.701] - eth_getTransactionCount
[2021/01/27 20:56:04.732] - eth_getBalance
[2021/01/27 20:56:04.766] - eth_getTransactionCount
[2021/01/27 20:56:04.801] - eth_getBalance
[2021/01/27 20:56:04.836] - eth_getTransactionCount
[2021/01/27 20:56:04.867] - eth_getBalance
[2021/01/27 20:56:04.901] - eth_getTransactionCount
[2021/01/27 20:56:04.934] - eth_getBalance
[2021/01/27 20:56:04.969] - eth_getTransactionCount
[2021/01/27 20:56:05.001] - eth_getBalance
[2021/01/27 20:56:05.033] - eth_getTransactionCount
[2021/01/27 20:56:05.063] - eth_getBalance
[2021/01/27 20:56:05.102] - eth_getTransactionCount
[2021/01/27 20:56:05.144] - eth_getBalance
[2021/01/27 20:56:05.176] - eth_getTransactionCount
[2021/01/27 20:56:05.205] - eth_getBalance
[2021/01/27 20:56:05.237] - eth_getTransactionCount
[2021/01/27 20:56:05.271] - eth_getBalance
[2021/01/27 20:56:05.303] - eth_getTransactionCount
[2021/01/27 20:56:05.338] - eth_getBalance
[2021/01/27 20:56:05.371] - eth_getTransactionCount
[2021/01/27 20:56:05.408] - eth_getBalance
[2021/01/27 20:56:05.444] - eth_getTransactionCount
[2021/01/27 20:56:05.475] - eth_getBalance
[2021/01/27 20:56:05.512] - eth_getTransactionCount
[2021/01/27 20:56:05.552] - eth_getBalance
[2021/01/27 20:56:05.586] - eth_getTransactionCount
[2021/01/27 20:56:05.618] - eth_getBalance
[2021/01/27 20:56:05.651] - eth_getTransactionCount
[2021/01/27 20:56:05.684] - eth_getBalance
[2021/01/27 20:56:05.718] - eth_getTransactionCount
[2021/01/27 20:56:05.751] - eth_getBalance
[2021/01/27 20:56:05.787] - eth_getTransactionCount
[2021/01/27 20:56:05.823] - eth_getBalance
[2021/01/27 20:56:05.863] - eth_getTransactionCount
[2021/01/27 20:56:05.898] - eth_getBalance
[2021/01/27 20:56:05.933] - eth_getTransactionCount
[2021/01/27 20:56:05.967] - eth_getBalance
[2021/01/27 20:56:06.004] - eth_getTransactionCount
[2021/01/27 20:56:06.042] - eth_getBalance
[2021/01/27 20:56:06.080] - eth_getTransactionCount
[2021/01/27 20:56:06.114] - eth_getBalance
[2021/01/27 20:56:06.148] - eth_getTransactionCount
[2021/01/27 20:56:06.183] - eth_getBalance
[2021/01/27 20:56:06.223] - eth_getTransactionCount
[2021/01/27 20:56:06.257] - eth_getBalance
[2021/01/27 20:56:06.297] - eth_getTransactionCount
[2021/01/27 20:56:06.338] - eth_getBalance
[2021/01/27 20:56:06.374] - eth_getTransactionCount
[2021/01/27 20:56:06.412] - eth_getBalance
[2021/01/27 20:56:06.453] - eth_getTransactionCount
[2021/01/27 20:56:06.490] - eth_getBalance
[2021/01/27 20:56:06.532] - eth_getTransactionCount
[2021/01/27 20:56:06.571] - eth_getBalance
[2021/01/27 20:56:06.612] - eth_getTransactionCount
[2021/01/27 20:56:06.649] - eth_getBalance
[2021/01/27 20:56:06.681] - eth_getTransactionCount
[2021/01/27 20:56:06.714] - eth_getBalance
[2021/01/27 20:56:06.747] - eth_getTransactionCount
[2021/01/27 20:56:06.787] - eth_getBalance
[2021/01/27 20:56:06.823] - eth_getTransactionCount
[2021/01/27 20:56:06.867] - eth_getBalance
[2021/01/27 20:56:06.902] - eth_getTransactionCount
[2021/01/27 20:56:06.940] - eth_getBalance
[2021/01/27 20:56:06.978] - eth_getTransactionCount
[2021/01/27 20:56:07.011] - eth_getBalance
[2021/01/27 20:56:07.054] - eth_getTransactionCount
[2021/01/27 20:56:07.102] - eth_getBalance
[2021/01/27 20:56:07.136] - eth_getTransactionCount
[2021/01/27 20:56:07.182] - eth_getBalance
[2021/01/27 20:56:07.217] - eth_getTransactionCount
[2021/01/27 20:56:07.251] - eth_getBalance
[2021/01/27 20:56:07.285] - eth_getTransactionCount
[2021/01/27 20:56:07.319] - eth_getBalance
[2021/01/27 20:56:07.370] - eth_getTransactionCount
[2021/01/27 20:56:07.406] - eth_getBalance
[2021/01/27 20:56:07.452] - eth_getTransactionCount
[2021/01/27 20:56:07.487] - eth_getBalance
[2021/01/27 20:56:07.528] - eth_getTransactionCount
[2021/01/27 20:56:07.564] - eth_getBalance
[2021/01/27 20:56:07.638] - eth_getTransactionCount
[2021/01/27 20:56:07.723] - eth_getBalance
[2021/01/27 20:56:07.771] - eth_getTransactionCount
[2021/01/27 20:56:07.815] - eth_getBalance
[2021/01/27 20:56:07.853] - eth_getTransactionCount
[2021/01/27 20:56:07.900] - eth_getBalance
[2021/01/27 20:56:07.941] - eth_getTransactionCount
[2021/01/27 20:56:07.980] - eth_getBalance
[2021/01/27 20:56:08.019] - eth_getTransactionCount
[2021/01/27 20:56:08.053] - eth_getBalance
[2021/01/27 20:56:08.138] - eth_getTransactionCount
[2021/01/27 20:56:08.217] - eth_getBalance
[2021/01/27 20:56:08.237] - eth_getTransactionCount
[2021/01/27 20:56:08.274] - eth_getBalance
[2021/01/27 20:56:08.307] - eth_getTransactionCount
[2021/01/27 20:56:08.339] - eth_getBalance
[2021/01/27 20:56:08.370] - eth_getTransactionCount
[2021/01/27 20:56:08.400] - eth_getBalance
[2021/01/27 20:56:08.456] - eth_getTransactionCount
[2021/01/27 20:56:08.489] - eth_getBalance
[2021/01/27 20:56:08.526] - eth_getTransactionCount
[2021/01/27 20:56:08.562] - eth_getBalance
[2021/01/27 20:56:08.596] - eth_getTransactionCount
[2021/01/27 20:56:08.628] - eth_getBalance
[2021/01/27 20:56:08.657] - eth_getTransactionCount
[2021/01/27 20:56:08.687] - eth_getBalance
[2021/01/27 20:56:08.725] - eth_getTransactionCount
[2021/01/27 20:56:08.757] - eth_getBalance
[2021/01/27 20:56:08.792] - eth_getTransactionCount
[2021/01/27 20:56:08.823] - eth_getBalance
[2021/01/27 20:56:08.853] - eth_getTransactionCount
[2021/01/27 20:56:08.884] - eth_getBalance
[2021/01/27 20:56:08.919] - eth_getTransactionCount
[2021/01/27 20:56:08.965] - eth_getBalance
[2021/01/27 20:56:09.052] - eth_getTransactionCount
[2021/01/27 20:56:09.119] - eth_getBalance
[2021/01/27 20:56:09.226] - eth_getTransactionCount
[2021/01/27 20:56:09.230] - eth_getBalance
[2021/01/27 20:56:09.236] - eth_getTransactionCount
[2021/01/27 20:56:09.274] - eth_getBalance
[2021/01/27 20:56:09.302] - eth_getTransactionCount
[2021/01/27 20:56:09.334] - eth_getBalance
[2021/01/27 20:56:09.364] - eth_getTransactionCount
[2021/01/27 20:56:09.394] - eth_getBalance
[2021/01/27 20:56:09.423] - eth_getTransactionCount
[2021/01/27 20:56:09.464] - eth_getBalance
[2021/01/27 20:56:09.509] - eth_getTransactionCount
[2021/01/27 20:56:09.645] - eth_getBalance
[2021/01/27 20:56:09.649] - eth_getTransactionCount
[2021/01/27 20:56:09.654] - eth_getBalance
[2021/01/27 20:56:09.682] - eth_getTransactionCount
[2021/01/27 20:56:09.714] - eth_getBalance
[2021/01/27 20:56:09.745] - eth_getTransactionCount
[2021/01/27 20:56:09.783] - eth_getBalance
[2021/01/27 20:56:09.817] - eth_getTransactionCount
[2021/01/27 20:56:09.855] - eth_getBalance
[2021/01/27 20:56:09.891] - eth_getTransactionCount
[2021/01/27 20:56:09.934] - eth_getBalance
[2021/01/27 20:56:09.975] - eth_getTransactionCount
[2021/01/27 20:56:10.058] - eth_getBalance
[2021/01/27 20:56:10.082] - eth_getTransactionCount
[2021/01/27 20:56:10.161] - eth_getBalance
[2021/01/27 20:56:10.173] - eth_getTransactionCount
[2021/01/27 20:56:10.205] - eth_getBalance
[2021/01/27 20:56:10.254] - eth_getTransactionCount
[2021/01/27 20:56:10.282] - eth_getBalance
[2021/01/27 20:56:10.331] - eth_getTransactionCount
[2021/01/27 20:56:10.368] - eth_getBalance
[2021/01/27 20:56:10.412] - eth_getTransactionCount
[2021/01/27 20:56:10.445] - eth_getBalance
[2021/01/27 20:56:10.482] - eth_getTransactionCount
[2021/01/27 20:56:10.536] - eth_getBalance
[2021/01/27 20:56:10.573] - eth_getTransactionCount
[2021/01/27 20:56:10.639] - eth_getBalance
[2021/01/27 20:56:10.682] - eth_getTransactionCount
[2021/01/27 20:56:10.715] - eth_getBalance
[2021/01/27 20:56:10.749] - eth_getTransactionCount
[2021/01/27 20:56:10.786] - eth_getBalance
[2021/01/27 20:56:10.822] - eth_getTransactionCount
[2021/01/27 20:56:10.866] - eth_getBalance
[2021/01/27 20:56:10.905] - eth_getTransactionCount
[2021/01/27 20:56:10.946] - eth_getBalance
[2021/01/27 20:56:10.984] - eth_getTransactionCount
[2021/01/27 20:56:11.031] - eth_getBalance
[2021/01/27 20:56:11.078] - eth_getTransactionCount
[2021/01/27 20:56:11.105] - eth_getBalance
[2021/01/27 20:56:11.143] - eth_getTransactionCount
[2021/01/27 20:56:11.185] - eth_getBalance
[2021/01/27 20:56:11.241] - eth_getTransactionCount
[2021/01/27 20:56:11.261] - eth_getBalance
[2021/01/27 20:56:11.299] - eth_getTransactionCount
[2021/01/27 20:56:11.332] - eth_getBalance
[2021/01/27 20:56:11.365] - eth_getTransactionCount
[2021/01/27 20:56:11.397] - eth_getBalance
[2021/01/27 20:56:11.445] - eth_getTransactionCount
[2021/01/27 20:56:12.230] - eth_getBalance
[2021/01/27 20:56:12.264] - eth_getTransactionCount
[2021/01/27 20:56:12.297] - eth_getBalance
[2021/01/27 20:56:12.347] - eth_getTransactionCount
[2021/01/27 20:56:12.382] - eth_getBalance
[2021/01/27 20:56:12.419] - eth_getTransactionCount
[2021/01/27 20:56:12.465] - eth_getBalance
[2021/01/27 20:56:12.500] - eth_getTransactionCount
[2021/01/27 20:56:12.537] - eth_getBalance
[2021/01/27 20:56:12.578] - eth_getTransactionCount
[2021/01/27 20:56:12.614] - eth_getBalance
[2021/01/27 20:56:12.652] - eth_getTransactionCount
[2021/01/27 20:56:12.695] - eth_getBalance
[2021/01/27 20:56:12.732] - eth_getTransactionCount
[2021/01/27 20:56:12.765] - eth_getBalance
[2021/01/27 20:56:12.797] - eth_getTransactionCount
[2021/01/27 20:56:12.829] - eth_getBalance
[2021/01/27 20:56:12.870] - eth_getTransactionCount
[2021/01/27 20:56:12.906] - eth_getBalance
[2021/01/27 20:56:12.947] - eth_getTransactionCount
[2021/01/27 20:56:12.985] - eth_getBalance
[2021/01/27 20:56:13.018] - eth_getTransactionCount
[2021/01/27 20:56:13.053] - eth_getBalance
[2021/01/27 20:56:13.087] - eth_getTransactionCount
[2021/01/27 20:56:13.121] - eth_getBalance
[2021/01/27 20:56:13.161] - eth_getTransactionCount
[2021/01/27 20:56:13.196] - eth_getBalance
[2021/01/27 20:56:13.230] - eth_getTransactionCount
[2021/01/27 20:56:13.262] - eth_getBalance
[2021/01/27 20:56:13.295] - eth_getTransactionCount
[2021/01/27 20:56:13.332] - eth_getBalance
[2021/01/27 20:56:13.365] - eth_getTransactionCount
[2021/01/27 20:56:13.398] - eth_getBalance
[2021/01/27 20:56:13.431] - eth_getTransactionCount
[2021/01/27 20:56:13.466] - eth_getBalance
[2021/01/27 20:56:13.501] - eth_getTransactionCount
[2021/01/27 20:56:13.534] - eth_getBalance
[2021/01/27 20:56:13.567] - eth_getTransactionCount
[2021/01/27 20:56:13.603] - eth_getBalance
[2021/01/27 20:56:13.635] - eth_getTransactionCount
[2021/01/27 20:56:13.668] - eth_getBalance
[2021/01/27 20:56:13.701] - eth_getTransactionCount
[2021/01/27 20:56:13.737] - eth_getBalance
[2021/01/27 20:56:13.777] - eth_getTransactionCount
[2021/01/27 20:56:13.809] - eth_getBalance
[2021/01/27 20:56:13.844] - eth_getTransactionCount
[2021/01/27 20:56:13.877] - eth_getBalance
[2021/01/27 20:56:13.917] - eth_getTransactionCount
[2021/01/27 20:56:13.951] - eth_getBalance
[2021/01/27 20:56:13.987] - eth_getTransactionCount
[2021/01/27 20:56:14.031] - eth_getBalance
[2021/01/27 20:56:14.075] - eth_getTransactionCount
[2021/01/27 20:56:14.113] - eth_getBalance
[2021/01/27 20:56:14.147] - eth_getTransactionCount
[2021/01/27 20:56:14.185] - eth_getBalance
[2021/01/27 20:56:14.221] - eth_getTransactionCount
[2021/01/27 20:56:14.258] - eth_getBalance
[2021/01/27 20:56:14.296] - eth_getTransactionCount
[2021/01/27 20:56:14.329] - eth_getBalance
[2021/01/27 20:56:14.364] - eth_getTransactionCount
[2021/01/27 20:56:14.397] - eth_getBalance
[2021/01/27 20:56:14.432] - eth_getTransactionCount
[2021/01/27 20:56:14.464] - eth_getBalance
[2021/01/27 20:56:14.499] - eth_getTransactionCount
[2021/01/27 20:56:14.538] - eth_getBalance
[2021/01/27 20:56:14.577] - eth_getTransactionCount
[2021/01/27 20:56:14.611] - eth_getBalance
[2021/01/27 20:56:14.644] - eth_getTransactionCount
[2021/01/27 20:56:14.680] - eth_getBalance
[2021/01/27 20:56:14.717] - eth_getTransactionCount
[2021/01/27 20:56:14.751] - eth_getBalance
[2021/01/27 20:56:14.785] - eth_getTransactionCount
[2021/01/27 20:56:14.818] - eth_getBalance
[2021/01/27 20:56:14.852] - eth_getTransactionCount
[2021/01/27 20:56:14.888] - eth_getBalance
[2021/01/27 20:56:14.930] - eth_getTransactionCount
[2021/01/27 20:56:14.961] - eth_getBalance
[2021/01/27 20:56:14.996] - eth_getTransactionCount
[2021/01/27 20:56:15.031] - eth_getBalance
[2021/01/27 20:56:15.064] - eth_getTransactionCount
[2021/01/27 20:56:15.102] - eth_getBalance
[2021/01/27 20:56:15.136] - eth_getTransactionCount
[2021/01/27 20:56:15.170] - eth_getBalance
[2021/01/27 20:56:15.206] - eth_getTransactionCount
[2021/01/27 20:56:15.248] - eth_getBalance
[2021/01/27 20:56:15.282] - eth_getTransactionCount
[2021/01/27 20:56:15.314] - eth_getBalance
[2021/01/27 20:56:15.347] - eth_getTransactionCount
[2021/01/27 20:56:15.381] - eth_getBalance
[2021/01/27 20:56:15.416] - eth_getTransactionCount
[2021/01/27 20:56:15.452] - eth_getBalance
[2021/01/27 20:56:15.490] - eth_getTransactionCount
[2021/01/27 20:56:15.529] - eth_getBalance
[2021/01/27 20:56:15.571] - eth_getTransactionCount
[2021/01/27 20:56:15.607] - eth_getBalance
[2021/01/27 20:56:15.644] - eth_getTransactionCount
[2021/01/27 20:56:15.679] - eth_getBalance
[2021/01/27 20:56:15.713] - eth_getTransactionCount
[2021/01/27 20:56:15.748] - eth_getBalance
[2021/01/27 20:56:15.781] - eth_getTransactionCount
[2021/01/27 20:56:15.814] - eth_getBalance
[2021/01/27 20:56:15.848] - eth_getTransactionCount
[2021/01/27 20:56:15.885] - eth_getBalance
[2021/01/27 20:56:15.932] - eth_getTransactionCount
[2021/01/27 20:56:15.969] - eth_getBalance
[2021/01/27 20:56:16.001] - eth_getTransactionCount
[2021/01/27 20:56:16.038] - eth_getBalance
[2021/01/27 20:56:16.087] - eth_getTransactionCount
[2021/01/27 20:56:16.121] - eth_getBalance
[2021/01/27 20:56:16.161] - eth_getTransactionCount
[2021/01/27 20:56:16.199] - eth_getBalance
[2021/01/27 20:56:16.233] - eth_getTransactionCount
[2021/01/27 20:56:16.265] - eth_getBalance
[2021/01/27 20:56:16.298] - eth_getTransactionCount
[2021/01/27 20:56:16.334] - eth_getBalance
[2021/01/27 20:56:16.367] - eth_getTransactionCount
[2021/01/27 20:56:16.399] - eth_getBalance
[2021/01/27 20:56:16.436] - eth_getTransactionCount
[2021/01/27 20:56:16.473] - eth_getBalance
[2021/01/27 20:56:16.508] - eth_getTransactionCount
[2021/01/27 20:56:16.549] - eth_getBalance
[2021/01/27 20:56:16.587] - eth_getTransactionCount
[2021/01/27 20:56:16.627] - eth_getBalance
[2021/01/27 20:56:16.664] - eth_getTransactionCount
[2021/01/27 20:56:16.696] - eth_getBalance
[2021/01/27 20:56:16.730] - eth_getTransactionCount
[2021/01/27 20:56:16.766] - eth_getBalance
[2021/01/27 20:56:16.803] - eth_getTransactionCount
[2021/01/27 20:56:16.844] - eth_getBalance
[2021/01/27 20:56:16.881] - eth_getTransactionCount
[2021/01/27 20:56:16.914] - eth_getBalance
[2021/01/27 20:56:16.953] - eth_getTransactionCount
[2021/01/27 20:56:16.988] - eth_getBalance
[2021/01/27 20:56:17.027] - eth_getTransactionCount
[2021/01/27 20:56:17.065] - eth_getBalance
[2021/01/27 20:56:17.099] - eth_getTransactionCount
[2021/01/27 20:56:17.145] - eth_getBalance
[2021/01/27 20:56:17.179] - eth_getTransactionCount
[2021/01/27 20:56:17.212] - eth_getBalance
[2021/01/27 20:56:17.248] - eth_getTransactionCount
[2021/01/27 20:56:17.281] - eth_getBalance
[2021/01/27 20:56:17.317] - eth_getTransactionCount
[2021/01/27 20:56:17.351] - eth_getBalance
[2021/01/27 20:56:17.385] - eth_getTransactionCount
[2021/01/27 20:56:17.428] - eth_getBalance
[2021/01/27 20:56:17.502] - eth_getTransactionCount
[2021/01/27 20:56:17.587] - eth_getBalance
[2021/01/27 20:56:17.660] - eth_getTransactionCount
[2021/01/27 20:56:17.731] - eth_getBalance
[2021/01/27 20:56:17.816] - eth_getTransactionCount
[2021/01/27 20:56:17.861] - eth_getBalance
[2021/01/27 20:56:17.901] - eth_getTransactionCount
[2021/01/27 20:56:17.935] - eth_getBalance
[2021/01/27 20:56:17.976] - eth_getTransactionCount
[2021/01/27 20:56:18.016] - eth_getBalance
[2021/01/27 20:56:18.056] - eth_getTransactionCount
[2021/01/27 20:56:18.099] - eth_getBalance
[2021/01/27 20:56:18.146] - eth_getTransactionCount
[2021/01/27 20:56:18.223] - eth_getBalance
[2021/01/27 20:56:18.304] - eth_getTransactionCount
[2021/01/27 20:56:18.339] - eth_getBalance
[2021/01/27 20:56:18.372] - eth_getTransactionCount
[2021/01/27 20:56:18.403] - eth_getBalance
[2021/01/27 20:56:18.433] - eth_getTransactionCount
[2021/01/27 20:56:18.463] - eth_getBalance
[2021/01/27 20:56:18.504] - eth_getTransactionCount
[2021/01/27 20:56:18.549] - eth_getBalance
[2021/01/27 20:56:18.592] - eth_getTransactionCount
[2021/01/27 20:56:18.648] - eth_getBalance
[2021/01/27 20:56:18.686] - eth_getTransactionCount
[2021/01/27 20:56:18.716] - eth_getBalance
[2021/01/27 20:56:18.747] - eth_getTransactionCount
[2021/01/27 20:56:18.780] - eth_getBalance
[2021/01/27 20:56:18.816] - eth_getTransactionCount
[2021/01/27 20:56:18.853] - eth_getBalance
[2021/01/27 20:56:18.899] - eth_getTransactionCount
[2021/01/27 20:56:18.937] - eth_getBalance
[2021/01/27 20:56:18.972] - eth_getTransactionCount
[2021/01/27 20:56:19.004] - eth_getBalance
[2021/01/27 20:56:19.038] - eth_getTransactionCount
[2021/01/27 20:56:19.083] - eth_getBalance
[2021/01/27 20:56:19.118] - eth_getTransactionCount
[2021/01/27 20:56:19.153] - eth_getBalance
[2021/01/27 20:56:19.191] - eth_getTransactionCount
[2021/01/27 20:56:19.220] - eth_getBalance
[2021/01/27 20:56:19.253] - eth_getTransactionCount
[2021/01/27 20:56:19.287] - eth_getBalance
[2021/01/27 20:56:19.335] - eth_getTransactionCount
[2021/01/27 20:56:19.378] - eth_getBalance
[2021/01/27 20:56:19.414] - eth_getTransactionCount
[2021/01/27 20:56:19.453] - eth_getBalance
[2021/01/27 20:56:19.499] - eth_getTransactionCount
[2021/01/27 20:56:19.650] - eth_getBalance
[2021/01/27 20:56:19.652] - eth_getTransactionCount
[2021/01/27 20:56:19.661] - eth_getBalance
[2021/01/27 20:56:19.664] - eth_getTransactionCount
[2021/01/27 20:56:19.669] - eth_getBalance
[2021/01/27 20:56:19.697] - eth_getTransactionCount
[2021/01/27 20:56:19.728] - eth_getBalance
[2021/01/27 20:56:19.758] - eth_getTransactionCount
[2021/01/27 20:58:02.941] - eth_unsubscribe
[2021/01/27 20:58:02.948] - eth_unsubscribe
